[0.010s] Invoking command in '/home/mta/project_helios/build/helios_control': CMAKE_PREFIX_PATH=/opt/ros/humble /usr/bin/cmake /home/mta/project_helios/src/helios_control -DCMAKE_INSTALL_PREFIX=/home/mta/project_helios/install/helios_control
[0.045s] -- The C compiler identification is GNU 11.4.0
[0.076s] -- The CXX compiler identification is GNU 11.4.0
[0.081s] -- Detecting C compiler ABI info
[0.118s] -- Detecting C compiler ABI info - done
[0.122s] -- Check for working C compiler: /usr/bin/cc - skipped
[0.122s] -- Detecting C compile features
[0.122s] -- Detecting C compile features - done
[0.124s] -- Detecting CXX compiler ABI info
[0.167s] -- Detecting CXX compiler ABI info - done
[0.171s] -- Check for working CXX compiler: /usr/bin/c++ - skipped
[0.171s] -- Detecting CXX compile features
[0.171s] -- Detecting CXX compile features - done
[0.172s] -- Found ament_cmake: 1.3.10 (/opt/ros/humble/share/ament_cmake/cmake)
[0.407s] -- Found Python3: /usr/bin/python3 (found version "3.10.12") found components: Interpreter 
[0.452s] -- Found ament_lint_auto: 0.12.11 (/opt/ros/humble/share/ament_lint_auto/cmake)
[0.496s] -- Added test 'copyright' to check source files copyright and LICENSE
[0.497s] -- Added test 'flake8' to check Python code syntax and style conventions
[0.497s] -- Added test 'lint_cmake' to check CMake code style
[0.497s] -- Added test 'pep257' to check Python code against some of the docstring style conventions in PEP 257
[0.497s] -- Added test 'xmllint' to check XML markup files
[0.498s] -- Configuring done
[0.499s] -- Generating done
[0.500s] -- Build files have been written to: /home/mta/project_helios/build/helios_control
[0.502s] Invoked command in '/home/mta/project_helios/build/helios_control' returned '0': CMAKE_PREFIX_PATH=/opt/ros/humble /usr/bin/cmake /home/mta/project_helios/src/helios_control -DCMAKE_INSTALL_PREFIX=/home/mta/project_helios/install/helios_control
[0.503s] Invoking command in '/home/mta/project_helios/build/helios_control': CMAKE_PREFIX_PATH=/opt/ros/humble /usr/bin/cmake --build /home/mta/project_helios/build/helios_control -- -j20 -l20
[0.525s] Invoked command in '/home/mta/project_helios/build/helios_control' returned '0': CMAKE_PREFIX_PATH=/opt/ros/humble /usr/bin/cmake --build /home/mta/project_helios/build/helios_control -- -j20 -l20
[0.545s] Invoking command in '/home/mta/project_helios/build/helios_control': CMAKE_PREFIX_PATH=/opt/ros/humble /usr/bin/cmake --install /home/mta/project_helios/build/helios_control
[0.549s] -- Install configuration: ""
[0.549s] -- Up-to-date: /home/mta/project_helios/install/helios_control/share/helios_control//scripts
[0.549s] -- Up-to-date: /home/mta/project_helios/install/helios_control/share/helios_control//scripts/robot_control.py
[0.549s] -- Up-to-date: /home/mta/project_helios/install/helios_control/share/helios_control//launch
[0.549s] -- Up-to-date: /home/mta/project_helios/install/helios_control/share/helios_control//launch/helios_control.launch.py
[0.549s] -- Up-to-date: /home/mta/project_helios/install/helios_control/lib/helios_control/robot_control.py
[0.549s] -- Up-to-date: /home/mta/project_helios/install/helios_control/lib/helios_control/helios_control.launch.py
[0.550s] -- Installing: /home/mta/project_helios/install/helios_control/share/ament_index/resource_index/package_run_dependencies/helios_control
[0.550s] -- Installing: /home/mta/project_helios/install/helios_control/share/ament_index/resource_index/parent_prefix_path/helios_control
[0.550s] -- Up-to-date: /home/mta/project_helios/install/helios_control/share/helios_control/environment/ament_prefix_path.sh
[0.550s] -- Installing: /home/mta/project_helios/install/helios_control/share/helios_control/environment/ament_prefix_path.dsv
[0.550s] -- Up-to-date: /home/mta/project_helios/install/helios_control/share/helios_control/environment/path.sh
[0.550s] -- Installing: /home/mta/project_helios/install/helios_control/share/helios_control/environment/path.dsv
[0.550s] -- Installing: /home/mta/project_helios/install/helios_control/share/helios_control/local_setup.bash
[0.550s] -- Installing: /home/mta/project_helios/install/helios_control/share/helios_control/local_setup.sh
[0.550s] -- Installing: /home/mta/project_helios/install/helios_control/share/helios_control/local_setup.zsh
[0.550s] -- Installing: /home/mta/project_helios/install/helios_control/share/helios_control/local_setup.dsv
[0.550s] -- Installing: /home/mta/project_helios/install/helios_control/share/helios_control/package.dsv
[0.550s] -- Installing: /home/mta/project_helios/install/helios_control/share/ament_index/resource_index/packages/helios_control
[0.550s] -- Installing: /home/mta/project_helios/install/helios_control/share/helios_control/cmake/helios_controlConfig.cmake
[0.550s] -- Installing: /home/mta/project_helios/install/helios_control/share/helios_control/cmake/helios_controlConfig-version.cmake
[0.550s] -- Up-to-date: /home/mta/project_helios/install/helios_control/share/helios_control/package.xml
[0.553s] Invoked command in '/home/mta/project_helios/build/helios_control' returned '0': CMAKE_PREFIX_PATH=/opt/ros/humble /usr/bin/cmake --install /home/mta/project_helios/build/helios_control
