-- Install configuration: ""
-- Up-to-date: /home/mta/project_helios/install/helios_gazebo/share/helios_gazebo//launch
-- Up-to-date: /home/mta/project_helios/install/helios_gazebo/share/helios_gazebo//launch/helios_launch.py
-- Up-to-date: /home/mta/project_helios/install/helios_gazebo/share/helios_gazebo//launch/start_world_launch.py
-- Up-to-date: /home/mta/project_helios/install/helios_gazebo/share/helios_gazebo//worlds
-- Up-to-date: /home/mta/project_helios/install/helios_gazebo/share/helios_gazebo//worlds/yolo_test.world
-- Up-to-date: /home/mta/project_helios/install/helios_gazebo/share/ament_index/resource_index/package_run_dependencies/helios_gazebo
-- Up-to-date: /home/mta/project_helios/install/helios_gazebo/share/ament_index/resource_index/parent_prefix_path/helios_gazebo
-- Up-to-date: /home/mta/project_helios/install/helios_gazebo/share/helios_gazebo/environment/ament_prefix_path.sh
-- Up-to-date: /home/mta/project_helios/install/helios_gazebo/share/helios_gazebo/environment/ament_prefix_path.dsv
-- Up-to-date: /home/mta/project_helios/install/helios_gazebo/share/helios_gazebo/environment/path.sh
-- Up-to-date: /home/mta/project_helios/install/helios_gazebo/share/helios_gazebo/environment/path.dsv
-- Up-to-date: /home/mta/project_helios/install/helios_gazebo/share/helios_gazebo/local_setup.bash
-- Up-to-date: /home/mta/project_helios/install/helios_gazebo/share/helios_gazebo/local_setup.sh
-- Up-to-date: /home/mta/project_helios/install/helios_gazebo/share/helios_gazebo/local_setup.zsh
-- Up-to-date: /home/mta/project_helios/install/helios_gazebo/share/helios_gazebo/local_setup.dsv
-- Installing: /home/mta/project_helios/install/helios_gazebo/share/helios_gazebo/package.dsv
-- Up-to-date: /home/mta/project_helios/install/helios_gazebo/share/ament_index/resource_index/packages/helios_gazebo
-- Up-to-date: /home/mta/project_helios/install/helios_gazebo/share/helios_gazebo/cmake/helios_gazeboConfig.cmake
-- Up-to-date: /home/mta/project_helios/install/helios_gazebo/share/helios_gazebo/cmake/helios_gazeboConfig-version.cmake
-- Up-to-date: /home/mta/project_helios/install/helios_gazebo/share/helios_gazebo/package.xml
