[0.015s] Invoking command in '/home/mta/project_helios/build/yolov8_msgs': CMAKE_PREFIX_PATH=${CMAKE_PREFIX_PATH}:/opt/ros/humble /usr/bin/cmake --build /home/mta/project_helios/build/yolov8_msgs -- -j20 -l20
[0.055s] [  2%] Built target yolov8_msgs__cpp
[0.057s] [ 12%] Built target yolov8_msgs__rosidl_generator_c
[0.067s] [ 12%] Built target ament_cmake_python_copy_yolov8_msgs
[0.084s] [ 23%] Built target yolov8_msgs__rosidl_typesupport_introspection_cpp
[0.084s] [ 33%] Built target yolov8_msgs__rosidl_typesupport_introspection_c
[0.084s] [ 43%] Built target yolov8_msgs__rosidl_typesupport_fastrtps_cpp
[0.084s] [ 53%] Built target yolov8_msgs__rosidl_typesupport_fastrtps_c
[0.085s] [ 64%] Built target yolov8_msgs__rosidl_typesupport_cpp
[0.085s] [ 74%] Built target yolov8_msgs__rosidl_typesupport_c
[0.093s] [ 74%] Built target yolov8_msgs
[0.106s] [ 76%] Built target yolov8_msgs__py
[0.118s] [ 84%] Built target yolov8_msgs__rosidl_generator_py
[0.130s] [ 89%] Built target yolov8_msgs__rosidl_typesupport_introspection_c__pyext
[0.134s] [ 94%] Built target yolov8_msgs__rosidl_typesupport_fastrtps_c__pyext
[0.135s] [100%] Built target yolov8_msgs__rosidl_typesupport_c__pyext
[0.249s] running egg_info
[0.256s] writing yolov8_msgs.egg-info/PKG-INFO
[0.256s] writing dependency_links to yolov8_msgs.egg-info/dependency_links.txt
[0.256s] writing top-level names to yolov8_msgs.egg-info/top_level.txt
[0.276s] reading manifest file 'yolov8_msgs.egg-info/SOURCES.txt'
[0.276s] writing manifest file 'yolov8_msgs.egg-info/SOURCES.txt'
[0.301s] [100%] Built target ament_cmake_python_build_yolov8_msgs_egg
[0.307s] Invoked command in '/home/mta/project_helios/build/yolov8_msgs' returned '0': CMAKE_PREFIX_PATH=${CMAKE_PREFIX_PATH}:/opt/ros/humble /usr/bin/cmake --build /home/mta/project_helios/build/yolov8_msgs -- -j20 -l20
[0.436s] Invoking command in '/home/mta/project_helios/build/yolov8_msgs': CMAKE_PREFIX_PATH=${CMAKE_PREFIX_PATH}:/opt/ros/humble /usr/bin/cmake --install /home/mta/project_helios/build/yolov8_msgs
[0.445s] -- Install configuration: ""
[0.446s] -- Up-to-date: /home/mta/project_helios/install/yolov8_msgs/share/ament_index/resource_index/rosidl_interfaces/yolov8_msgs
[0.446s] -- Up-to-date: /home/mta/project_helios/install/yolov8_msgs/include/yolov8_msgs/yolov8_msgs
[0.446s] -- Up-to-date: /home/mta/project_helios/install/yolov8_msgs/include/yolov8_msgs/yolov8_msgs/msg
[0.446s] -- Up-to-date: /home/mta/project_helios/install/yolov8_msgs/include/yolov8_msgs/yolov8_msgs/msg/yolov8_inference.h
[0.446s] -- Up-to-date: /home/mta/project_helios/install/yolov8_msgs/include/yolov8_msgs/yolov8_msgs/msg/detail
[0.446s] -- Up-to-date: /home/mta/project_helios/install/yolov8_msgs/include/yolov8_msgs/yolov8_msgs/msg/detail/yolov8_inference__struct.h
[0.446s] -- Up-to-date: /home/mta/project_helios/install/yolov8_msgs/include/yolov8_msgs/yolov8_msgs/msg/detail/inference_result__type_support.h
[0.446s] -- Up-to-date: /home/mta/project_helios/install/yolov8_msgs/include/yolov8_msgs/yolov8_msgs/msg/detail/yolov8_inference__type_support.h
[0.446s] -- Up-to-date: /home/mta/project_helios/install/yolov8_msgs/include/yolov8_msgs/yolov8_msgs/msg/detail/inference_result__struct.h
[0.447s] -- Up-to-date: /home/mta/project_helios/install/yolov8_msgs/include/yolov8_msgs/yolov8_msgs/msg/detail/yolov8_inference__functions.c
[0.447s] -- Up-to-date: /home/mta/project_helios/install/yolov8_msgs/include/yolov8_msgs/yolov8_msgs/msg/detail/inference_result__functions.c
[0.447s] -- Up-to-date: /home/mta/project_helios/install/yolov8_msgs/include/yolov8_msgs/yolov8_msgs/msg/detail/yolov8_inference__functions.h
[0.447s] -- Up-to-date: /home/mta/project_helios/install/yolov8_msgs/include/yolov8_msgs/yolov8_msgs/msg/detail/inference_result__functions.h
[0.447s] -- Up-to-date: /home/mta/project_helios/install/yolov8_msgs/include/yolov8_msgs/yolov8_msgs/msg/inference_result.h
[0.447s] -- Up-to-date: /home/mta/project_helios/install/yolov8_msgs/include/yolov8_msgs/yolov8_msgs/msg/rosidl_generator_c__visibility_control.h
[0.447s] -- Up-to-date: /home/mta/project_helios/install/yolov8_msgs/share/yolov8_msgs/environment/library_path.sh
[0.447s] -- Up-to-date: /home/mta/project_helios/install/yolov8_msgs/share/yolov8_msgs/environment/library_path.dsv
[0.448s] -- Up-to-date: /home/mta/project_helios/install/yolov8_msgs/lib/libyolov8_msgs__rosidl_generator_c.so
[0.448s] -- Up-to-date: /home/mta/project_helios/install/yolov8_msgs/include/yolov8_msgs/yolov8_msgs
[0.448s] -- Up-to-date: /home/mta/project_helios/install/yolov8_msgs/include/yolov8_msgs/yolov8_msgs/msg
[0.448s] -- Up-to-date: /home/mta/project_helios/install/yolov8_msgs/include/yolov8_msgs/yolov8_msgs/msg/detail
[0.448s] -- Up-to-date: /home/mta/project_helios/install/yolov8_msgs/include/yolov8_msgs/yolov8_msgs/msg/detail/inference_result__rosidl_typesupport_fastrtps_c.h
[0.448s] -- Up-to-date: /home/mta/project_helios/install/yolov8_msgs/include/yolov8_msgs/yolov8_msgs/msg/detail/yolov8_inference__rosidl_typesupport_fastrtps_c.h
[0.448s] -- Up-to-date: /home/mta/project_helios/install/yolov8_msgs/include/yolov8_msgs/yolov8_msgs/msg/rosidl_typesupport_fastrtps_c__visibility_control.h
[0.448s] -- Up-to-date: /home/mta/project_helios/install/yolov8_msgs/lib/libyolov8_msgs__rosidl_typesupport_fastrtps_c.so
[0.449s] -- Up-to-date: /home/mta/project_helios/install/yolov8_msgs/include/yolov8_msgs/yolov8_msgs
[0.449s] -- Up-to-date: /home/mta/project_helios/install/yolov8_msgs/include/yolov8_msgs/yolov8_msgs/msg
[0.449s] -- Up-to-date: /home/mta/project_helios/install/yolov8_msgs/include/yolov8_msgs/yolov8_msgs/msg/detail
[0.449s] -- Up-to-date: /home/mta/project_helios/install/yolov8_msgs/include/yolov8_msgs/yolov8_msgs/msg/detail/yolov8_inference__struct.hpp
[0.449s] -- Up-to-date: /home/mta/project_helios/install/yolov8_msgs/include/yolov8_msgs/yolov8_msgs/msg/detail/yolov8_inference__traits.hpp
[0.449s] -- Up-to-date: /home/mta/project_helios/install/yolov8_msgs/include/yolov8_msgs/yolov8_msgs/msg/detail/inference_result__struct.hpp
[0.449s] -- Up-to-date: /home/mta/project_helios/install/yolov8_msgs/include/yolov8_msgs/yolov8_msgs/msg/detail/inference_result__traits.hpp
[0.449s] -- Up-to-date: /home/mta/project_helios/install/yolov8_msgs/include/yolov8_msgs/yolov8_msgs/msg/detail/inference_result__builder.hpp
[0.449s] -- Up-to-date: /home/mta/project_helios/install/yolov8_msgs/include/yolov8_msgs/yolov8_msgs/msg/detail/yolov8_inference__builder.hpp
[0.450s] -- Up-to-date: /home/mta/project_helios/install/yolov8_msgs/include/yolov8_msgs/yolov8_msgs/msg/inference_result.hpp
[0.450s] -- Up-to-date: /home/mta/project_helios/install/yolov8_msgs/include/yolov8_msgs/yolov8_msgs/msg/yolov8_inference.hpp
[0.450s] -- Up-to-date: /home/mta/project_helios/install/yolov8_msgs/include/yolov8_msgs/yolov8_msgs
[0.450s] -- Up-to-date: /home/mta/project_helios/install/yolov8_msgs/include/yolov8_msgs/yolov8_msgs/msg
[0.450s] -- Up-to-date: /home/mta/project_helios/install/yolov8_msgs/include/yolov8_msgs/yolov8_msgs/msg/rosidl_typesupport_fastrtps_cpp__visibility_control.h
[0.450s] -- Up-to-date: /home/mta/project_helios/install/yolov8_msgs/include/yolov8_msgs/yolov8_msgs/msg/detail
[0.450s] -- Up-to-date: /home/mta/project_helios/install/yolov8_msgs/include/yolov8_msgs/yolov8_msgs/msg/detail/inference_result__rosidl_typesupport_fastrtps_cpp.hpp
[0.450s] -- Up-to-date: /home/mta/project_helios/install/yolov8_msgs/include/yolov8_msgs/yolov8_msgs/msg/detail/yolov8_inference__rosidl_typesupport_fastrtps_cpp.hpp
[0.450s] -- Up-to-date: /home/mta/project_helios/install/yolov8_msgs/include/yolov8_msgs/yolov8_msgs/msg/detail/dds_fastrtps
[0.450s] -- Up-to-date: /home/mta/project_helios/install/yolov8_msgs/lib/libyolov8_msgs__rosidl_typesupport_fastrtps_cpp.so
[0.450s] -- Up-to-date: /home/mta/project_helios/install/yolov8_msgs/include/yolov8_msgs/yolov8_msgs
[0.451s] -- Up-to-date: /home/mta/project_helios/install/yolov8_msgs/include/yolov8_msgs/yolov8_msgs/msg
[0.451s] -- Up-to-date: /home/mta/project_helios/install/yolov8_msgs/include/yolov8_msgs/yolov8_msgs/msg/detail
[0.451s] -- Up-to-date: /home/mta/project_helios/install/yolov8_msgs/include/yolov8_msgs/yolov8_msgs/msg/detail/inference_result__rosidl_typesupport_introspection_c.h
[0.451s] -- Up-to-date: /home/mta/project_helios/install/yolov8_msgs/include/yolov8_msgs/yolov8_msgs/msg/detail/inference_result__type_support.c
[0.451s] -- Up-to-date: /home/mta/project_helios/install/yolov8_msgs/include/yolov8_msgs/yolov8_msgs/msg/detail/yolov8_inference__type_support.c
[0.451s] -- Up-to-date: /home/mta/project_helios/install/yolov8_msgs/include/yolov8_msgs/yolov8_msgs/msg/detail/yolov8_inference__rosidl_typesupport_introspection_c.h
[0.451s] -- Up-to-date: /home/mta/project_helios/install/yolov8_msgs/include/yolov8_msgs/yolov8_msgs/msg/rosidl_typesupport_introspection_c__visibility_control.h
[0.451s] -- Up-to-date: /home/mta/project_helios/install/yolov8_msgs/lib/libyolov8_msgs__rosidl_typesupport_introspection_c.so
[0.451s] -- Up-to-date: /home/mta/project_helios/install/yolov8_msgs/lib/libyolov8_msgs__rosidl_typesupport_c.so
[0.451s] -- Up-to-date: /home/mta/project_helios/install/yolov8_msgs/include/yolov8_msgs/yolov8_msgs
[0.451s] -- Up-to-date: /home/mta/project_helios/install/yolov8_msgs/include/yolov8_msgs/yolov8_msgs/msg
[0.452s] -- Up-to-date: /home/mta/project_helios/install/yolov8_msgs/include/yolov8_msgs/yolov8_msgs/msg/detail
[0.452s] -- Up-to-date: /home/mta/project_helios/install/yolov8_msgs/include/yolov8_msgs/yolov8_msgs/msg/detail/inference_result__type_support.cpp
[0.452s] -- Up-to-date: /home/mta/project_helios/install/yolov8_msgs/include/yolov8_msgs/yolov8_msgs/msg/detail/yolov8_inference__rosidl_typesupport_introspection_cpp.hpp
[0.452s] -- Up-to-date: /home/mta/project_helios/install/yolov8_msgs/include/yolov8_msgs/yolov8_msgs/msg/detail/yolov8_inference__type_support.cpp
[0.452s] -- Up-to-date: /home/mta/project_helios/install/yolov8_msgs/include/yolov8_msgs/yolov8_msgs/msg/detail/inference_result__rosidl_typesupport_introspection_cpp.hpp
[0.452s] -- Up-to-date: /home/mta/project_helios/install/yolov8_msgs/lib/libyolov8_msgs__rosidl_typesupport_introspection_cpp.so
[0.452s] -- Up-to-date: /home/mta/project_helios/install/yolov8_msgs/lib/libyolov8_msgs__rosidl_typesupport_cpp.so
[0.452s] -- Up-to-date: /home/mta/project_helios/install/yolov8_msgs/share/yolov8_msgs/environment/pythonpath.sh
[0.452s] -- Up-to-date: /home/mta/project_helios/install/yolov8_msgs/share/yolov8_msgs/environment/pythonpath.dsv
[0.453s] -- Up-to-date: /home/mta/project_helios/install/yolov8_msgs/local/lib/python3.10/dist-packages/yolov8_msgs-0.0.0-py3.10.egg-info
[0.453s] -- Installing: /home/mta/project_helios/install/yolov8_msgs/local/lib/python3.10/dist-packages/yolov8_msgs-0.0.0-py3.10.egg-info/PKG-INFO
[0.453s] -- Installing: /home/mta/project_helios/install/yolov8_msgs/local/lib/python3.10/dist-packages/yolov8_msgs-0.0.0-py3.10.egg-info/SOURCES.txt
[0.453s] -- Installing: /home/mta/project_helios/install/yolov8_msgs/local/lib/python3.10/dist-packages/yolov8_msgs-0.0.0-py3.10.egg-info/top_level.txt
[0.453s] -- Installing: /home/mta/project_helios/install/yolov8_msgs/local/lib/python3.10/dist-packages/yolov8_msgs-0.0.0-py3.10.egg-info/dependency_links.txt
[0.453s] -- Up-to-date: /home/mta/project_helios/install/yolov8_msgs/local/lib/python3.10/dist-packages/yolov8_msgs
[0.453s] -- Up-to-date: /home/mta/project_helios/install/yolov8_msgs/local/lib/python3.10/dist-packages/yolov8_msgs/msg
[0.453s] -- Up-to-date: /home/mta/project_helios/install/yolov8_msgs/local/lib/python3.10/dist-packages/yolov8_msgs/msg/_inference_result_s.c
[0.454s] -- Up-to-date: /home/mta/project_helios/install/yolov8_msgs/local/lib/python3.10/dist-packages/yolov8_msgs/msg/__init__.py
[0.454s] -- Up-to-date: /home/mta/project_helios/install/yolov8_msgs/local/lib/python3.10/dist-packages/yolov8_msgs/msg/_inference_result.py
[0.454s] -- Up-to-date: /home/mta/project_helios/install/yolov8_msgs/local/lib/python3.10/dist-packages/yolov8_msgs/msg/_yolov8_inference.py
[0.454s] -- Up-to-date: /home/mta/project_helios/install/yolov8_msgs/local/lib/python3.10/dist-packages/yolov8_msgs/msg/_yolov8_inference_s.c
[0.454s] -- Up-to-date: /home/mta/project_helios/install/yolov8_msgs/local/lib/python3.10/dist-packages/yolov8_msgs/yolov8_msgs_s__rosidl_typesupport_introspection_c.cpython-310-x86_64-linux-gnu.so
[0.454s] -- Up-to-date: /home/mta/project_helios/install/yolov8_msgs/local/lib/python3.10/dist-packages/yolov8_msgs/__init__.py
[0.454s] -- Up-to-date: /home/mta/project_helios/install/yolov8_msgs/local/lib/python3.10/dist-packages/yolov8_msgs/yolov8_msgs_s__rosidl_typesupport_fastrtps_c.cpython-310-x86_64-linux-gnu.so
[0.454s] -- Up-to-date: /home/mta/project_helios/install/yolov8_msgs/local/lib/python3.10/dist-packages/yolov8_msgs/libyolov8_msgs__rosidl_generator_py.so
[0.454s] -- Up-to-date: /home/mta/project_helios/install/yolov8_msgs/local/lib/python3.10/dist-packages/yolov8_msgs/_yolov8_msgs_s.ep.rosidl_typesupport_c.c
[0.454s] -- Up-to-date: /home/mta/project_helios/install/yolov8_msgs/local/lib/python3.10/dist-packages/yolov8_msgs/yolov8_msgs_s__rosidl_typesupport_c.cpython-310-x86_64-linux-gnu.so
[0.454s] -- Up-to-date: /home/mta/project_helios/install/yolov8_msgs/local/lib/python3.10/dist-packages/yolov8_msgs/_yolov8_msgs_s.ep.rosidl_typesupport_fastrtps_c.c
[0.454s] -- Up-to-date: /home/mta/project_helios/install/yolov8_msgs/local/lib/python3.10/dist-packages/yolov8_msgs/_yolov8_msgs_s.ep.rosidl_typesupport_introspection_c.c
[0.471s] Listing '/home/mta/project_helios/install/yolov8_msgs/local/lib/python3.10/dist-packages/yolov8_msgs'...
[0.471s] Listing '/home/mta/project_helios/install/yolov8_msgs/local/lib/python3.10/dist-packages/yolov8_msgs/msg'...
[0.473s] -- Up-to-date: /home/mta/project_helios/install/yolov8_msgs/local/lib/python3.10/dist-packages/yolov8_msgs/yolov8_msgs_s__rosidl_typesupport_fastrtps_c.cpython-310-x86_64-linux-gnu.so
[0.473s] -- Up-to-date: /home/mta/project_helios/install/yolov8_msgs/local/lib/python3.10/dist-packages/yolov8_msgs/yolov8_msgs_s__rosidl_typesupport_introspection_c.cpython-310-x86_64-linux-gnu.so
[0.473s] -- Up-to-date: /home/mta/project_helios/install/yolov8_msgs/local/lib/python3.10/dist-packages/yolov8_msgs/yolov8_msgs_s__rosidl_typesupport_c.cpython-310-x86_64-linux-gnu.so
[0.473s] -- Up-to-date: /home/mta/project_helios/install/yolov8_msgs/lib/libyolov8_msgs__rosidl_generator_py.so
[0.473s] -- Up-to-date: /home/mta/project_helios/install/yolov8_msgs/share/yolov8_msgs/msg/InferenceResult.idl
[0.474s] -- Up-to-date: /home/mta/project_helios/install/yolov8_msgs/share/yolov8_msgs/msg/Yolov8Inference.idl
[0.474s] -- Up-to-date: /home/mta/project_helios/install/yolov8_msgs/share/yolov8_msgs/msg/InferenceResult.msg
[0.474s] -- Up-to-date: /home/mta/project_helios/install/yolov8_msgs/share/yolov8_msgs/msg/Yolov8Inference.msg
[0.474s] -- Up-to-date: /home/mta/project_helios/install/yolov8_msgs/share/ament_index/resource_index/package_run_dependencies/yolov8_msgs
[0.474s] -- Up-to-date: /home/mta/project_helios/install/yolov8_msgs/share/ament_index/resource_index/parent_prefix_path/yolov8_msgs
[0.474s] -- Up-to-date: /home/mta/project_helios/install/yolov8_msgs/share/yolov8_msgs/environment/ament_prefix_path.sh
[0.474s] -- Up-to-date: /home/mta/project_helios/install/yolov8_msgs/share/yolov8_msgs/environment/ament_prefix_path.dsv
[0.474s] -- Up-to-date: /home/mta/project_helios/install/yolov8_msgs/share/yolov8_msgs/environment/path.sh
[0.474s] -- Up-to-date: /home/mta/project_helios/install/yolov8_msgs/share/yolov8_msgs/environment/path.dsv
[0.474s] -- Up-to-date: /home/mta/project_helios/install/yolov8_msgs/share/yolov8_msgs/local_setup.bash
[0.474s] -- Up-to-date: /home/mta/project_helios/install/yolov8_msgs/share/yolov8_msgs/local_setup.sh
[0.474s] -- Up-to-date: /home/mta/project_helios/install/yolov8_msgs/share/yolov8_msgs/local_setup.zsh
[0.474s] -- Up-to-date: /home/mta/project_helios/install/yolov8_msgs/share/yolov8_msgs/local_setup.dsv
[0.474s] -- Installing: /home/mta/project_helios/install/yolov8_msgs/share/yolov8_msgs/package.dsv
[0.474s] -- Up-to-date: /home/mta/project_helios/install/yolov8_msgs/share/ament_index/resource_index/packages/yolov8_msgs
[0.474s] -- Up-to-date: /home/mta/project_helios/install/yolov8_msgs/share/yolov8_msgs/cmake/export_yolov8_msgs__rosidl_generator_cExport.cmake
[0.474s] -- Up-to-date: /home/mta/project_helios/install/yolov8_msgs/share/yolov8_msgs/cmake/export_yolov8_msgs__rosidl_generator_cExport-noconfig.cmake
[0.474s] -- Up-to-date: /home/mta/project_helios/install/yolov8_msgs/share/yolov8_msgs/cmake/export_yolov8_msgs__rosidl_typesupport_fastrtps_cExport.cmake
[0.474s] -- Up-to-date: /home/mta/project_helios/install/yolov8_msgs/share/yolov8_msgs/cmake/export_yolov8_msgs__rosidl_typesupport_fastrtps_cExport-noconfig.cmake
[0.474s] -- Up-to-date: /home/mta/project_helios/install/yolov8_msgs/share/yolov8_msgs/cmake/export_yolov8_msgs__rosidl_generator_cppExport.cmake
[0.474s] -- Up-to-date: /home/mta/project_helios/install/yolov8_msgs/share/yolov8_msgs/cmake/export_yolov8_msgs__rosidl_typesupport_fastrtps_cppExport.cmake
[0.474s] -- Up-to-date: /home/mta/project_helios/install/yolov8_msgs/share/yolov8_msgs/cmake/export_yolov8_msgs__rosidl_typesupport_fastrtps_cppExport-noconfig.cmake
[0.474s] -- Up-to-date: /home/mta/project_helios/install/yolov8_msgs/share/yolov8_msgs/cmake/yolov8_msgs__rosidl_typesupport_introspection_cExport.cmake
[0.474s] -- Up-to-date: /home/mta/project_helios/install/yolov8_msgs/share/yolov8_msgs/cmake/yolov8_msgs__rosidl_typesupport_introspection_cExport-noconfig.cmake
[0.474s] -- Up-to-date: /home/mta/project_helios/install/yolov8_msgs/share/yolov8_msgs/cmake/yolov8_msgs__rosidl_typesupport_cExport.cmake
[0.474s] -- Up-to-date: /home/mta/project_helios/install/yolov8_msgs/share/yolov8_msgs/cmake/yolov8_msgs__rosidl_typesupport_cExport-noconfig.cmake
[0.474s] -- Up-to-date: /home/mta/project_helios/install/yolov8_msgs/share/yolov8_msgs/cmake/yolov8_msgs__rosidl_typesupport_introspection_cppExport.cmake
[0.474s] -- Up-to-date: /home/mta/project_helios/install/yolov8_msgs/share/yolov8_msgs/cmake/yolov8_msgs__rosidl_typesupport_introspection_cppExport-noconfig.cmake
[0.474s] -- Up-to-date: /home/mta/project_helios/install/yolov8_msgs/share/yolov8_msgs/cmake/yolov8_msgs__rosidl_typesupport_cppExport.cmake
[0.474s] -- Up-to-date: /home/mta/project_helios/install/yolov8_msgs/share/yolov8_msgs/cmake/yolov8_msgs__rosidl_typesupport_cppExport-noconfig.cmake
[0.474s] -- Up-to-date: /home/mta/project_helios/install/yolov8_msgs/share/yolov8_msgs/cmake/export_yolov8_msgs__rosidl_generator_pyExport.cmake
[0.474s] -- Up-to-date: /home/mta/project_helios/install/yolov8_msgs/share/yolov8_msgs/cmake/export_yolov8_msgs__rosidl_generator_pyExport-noconfig.cmake
[0.474s] -- Up-to-date: /home/mta/project_helios/install/yolov8_msgs/share/yolov8_msgs/cmake/rosidl_cmake-extras.cmake
[0.474s] -- Up-to-date: /home/mta/project_helios/install/yolov8_msgs/share/yolov8_msgs/cmake/ament_cmake_export_dependencies-extras.cmake
[0.475s] -- Up-to-date: /home/mta/project_helios/install/yolov8_msgs/share/yolov8_msgs/cmake/ament_cmake_export_include_directories-extras.cmake
[0.475s] -- Up-to-date: /home/mta/project_helios/install/yolov8_msgs/share/yolov8_msgs/cmake/ament_cmake_export_libraries-extras.cmake
[0.475s] -- Up-to-date: /home/mta/project_helios/install/yolov8_msgs/share/yolov8_msgs/cmake/ament_cmake_export_targets-extras.cmake
[0.475s] -- Up-to-date: /home/mta/project_helios/install/yolov8_msgs/share/yolov8_msgs/cmake/rosidl_cmake_export_typesupport_targets-extras.cmake
[0.475s] -- Up-to-date: /home/mta/project_helios/install/yolov8_msgs/share/yolov8_msgs/cmake/rosidl_cmake_export_typesupport_libraries-extras.cmake
[0.475s] -- Up-to-date: /home/mta/project_helios/install/yolov8_msgs/share/yolov8_msgs/cmake/yolov8_msgsConfig.cmake
[0.475s] -- Up-to-date: /home/mta/project_helios/install/yolov8_msgs/share/yolov8_msgs/cmake/yolov8_msgsConfig-version.cmake
[0.475s] -- Up-to-date: /home/mta/project_helios/install/yolov8_msgs/share/yolov8_msgs/package.xml
[0.476s] Invoked command in '/home/mta/project_helios/build/yolov8_msgs' returned '0': CMAKE_PREFIX_PATH=${CMAKE_PREFIX_PATH}:/opt/ros/humble /usr/bin/cmake --install /home/mta/project_helios/build/yolov8_msgs
