[0.011s] Invoking command in '/home/mta/yolobot/build/yolobot_description': CMAKE_PREFIX_PATH=${CMAKE_PREFIX_PATH}:/opt/ros/humble /usr/bin/cmake --build /home/mta/yolobot/build/yolobot_description -- -j20 -l20
[0.034s] Invoked command in '/home/mta/yolobot/build/yolobot_description' returned '0': CMAKE_PREFIX_PATH=${CMAKE_PREFIX_PATH}:/opt/ros/humble /usr/bin/cmake --build /home/mta/yolobot/build/yolobot_description -- -j20 -l20
[0.065s] Invoking command in '/home/mta/yolobot/build/yolobot_description': CMAKE_PREFIX_PATH=${CMAKE_PREFIX_PATH}:/opt/ros/humble /usr/bin/cmake --install /home/mta/yolobot/build/yolobot_description
[0.081s] -- Install configuration: ""
[0.081s] -- Up-to-date: /home/mta/yolobot/install/yolobot_description/share/yolobot_description//launch
[0.081s] -- Up-to-date: /home/mta/yolobot/install/yolobot_description/share/yolobot_description//launch/spawn_yolobot_launch.launch.py
[0.081s] -- Up-to-date: /home/mta/yolobot/install/yolobot_description/share/yolobot_description//launch/spawn_yolobot.py
[0.082s] -- Up-to-date: /home/mta/yolobot/install/yolobot_description/share/yolobot_description//robot
[0.082s] -- Up-to-date: /home/mta/yolobot/install/yolobot_description/share/yolobot_description//robot/yolobot.urdf
[0.082s] -- Up-to-date: /home/mta/yolobot/install/yolobot_description/lib/yolobot_description/spawn_yolobot.py
[0.082s] -- Up-to-date: /home/mta/yolobot/install/yolobot_description/share/ament_index/resource_index/package_run_dependencies/yolobot_description
[0.082s] -- Up-to-date: /home/mta/yolobot/install/yolobot_description/share/ament_index/resource_index/parent_prefix_path/yolobot_description
[0.082s] -- Up-to-date: /home/mta/yolobot/install/yolobot_description/share/yolobot_description/environment/ament_prefix_path.sh
[0.082s] -- Up-to-date: /home/mta/yolobot/install/yolobot_description/share/yolobot_description/environment/ament_prefix_path.dsv
[0.082s] -- Up-to-date: /home/mta/yolobot/install/yolobot_description/share/yolobot_description/environment/path.sh
[0.082s] -- Up-to-date: /home/mta/yolobot/install/yolobot_description/share/yolobot_description/environment/path.dsv
[0.082s] -- Up-to-date: /home/mta/yolobot/install/yolobot_description/share/yolobot_description/local_setup.bash
[0.082s] -- Up-to-date: /home/mta/yolobot/install/yolobot_description/share/yolobot_description/local_setup.sh
[0.083s] -- Up-to-date: /home/mta/yolobot/install/yolobot_description/share/yolobot_description/local_setup.zsh
[0.083s] -- Up-to-date: /home/mta/yolobot/install/yolobot_description/share/yolobot_description/local_setup.dsv
[0.083s] -- Installing: /home/mta/yolobot/install/yolobot_description/share/yolobot_description/package.dsv
[0.083s] -- Up-to-date: /home/mta/yolobot/install/yolobot_description/share/ament_index/resource_index/packages/yolobot_description
[0.083s] -- Up-to-date: /home/mta/yolobot/install/yolobot_description/share/yolobot_description/cmake/yolobot_descriptionConfig.cmake
[0.083s] -- Up-to-date: /home/mta/yolobot/install/yolobot_description/share/yolobot_description/cmake/yolobot_descriptionConfig-version.cmake
[0.083s] -- Up-to-date: /home/mta/yolobot/install/yolobot_description/share/yolobot_description/package.xml
[0.093s] Invoked command in '/home/mta/yolobot/build/yolobot_description' returned '0': CMAKE_PREFIX_PATH=${CMAKE_PREFIX_PATH}:/opt/ros/humble /usr/bin/cmake --install /home/mta/yolobot/build/yolobot_description
