-- Install configuration: ""
-- Installing: /home/mta/project_helios/install/yolobot_recognition/share/yolobot_recognition//scripts
-- Installing: /home/mta/project_helios/install/yolobot_recognition/share/yolobot_recognition//scripts/.dockerignore
-- Installing: /home/mta/project_helios/install/yolobot_recognition/share/yolobot_recognition//scripts/yolov8_ros2_pt.py
-- Installing: /home/mta/project_helios/install/yolobot_recognition/share/yolobot_recognition//scripts/yolov8_ros2_subscriber.py
-- Installing: /home/mta/project_helios/install/yolobot_recognition/share/yolobot_recognition//scripts/yolov8n.pt
-- Installing: /home/mta/project_helios/install/yolobot_recognition/share/yolobot_recognition//scripts/.gitattributes
-- Installing: /home/mta/project_helios/install/yolobot_recognition/share/yolobot_recognition//scripts/.gitignore
-- Installing: /home/mta/project_helios/install/yolobot_recognition/share/yolobot_recognition//launch
-- Installing: /home/mta/project_helios/install/yolobot_recognition/share/yolobot_recognition//launch/launch_yolov8.launch.py
-- Installing: /home/mta/project_helios/install/yolobot_recognition/lib/yolobot_recognition/yolov8_ros2_pt.py
-- Installing: /home/mta/project_helios/install/yolobot_recognition/lib/yolobot_recognition/yolov8_ros2_subscriber.py
-- Installing: /home/mta/project_helios/install/yolobot_recognition/lib/yolobot_recognition/launch_yolov8.launch.py
-- Installing: /home/mta/project_helios/install/yolobot_recognition/share/ament_index/resource_index/package_run_dependencies/yolobot_recognition
-- Installing: /home/mta/project_helios/install/yolobot_recognition/share/ament_index/resource_index/parent_prefix_path/yolobot_recognition
-- Installing: /home/mta/project_helios/install/yolobot_recognition/share/yolobot_recognition/environment/ament_prefix_path.sh
-- Installing: /home/mta/project_helios/install/yolobot_recognition/share/yolobot_recognition/environment/ament_prefix_path.dsv
-- Installing: /home/mta/project_helios/install/yolobot_recognition/share/yolobot_recognition/environment/path.sh
-- Installing: /home/mta/project_helios/install/yolobot_recognition/share/yolobot_recognition/environment/path.dsv
-- Installing: /home/mta/project_helios/install/yolobot_recognition/share/yolobot_recognition/local_setup.bash
-- Installing: /home/mta/project_helios/install/yolobot_recognition/share/yolobot_recognition/local_setup.sh
-- Installing: /home/mta/project_helios/install/yolobot_recognition/share/yolobot_recognition/local_setup.zsh
-- Installing: /home/mta/project_helios/install/yolobot_recognition/share/yolobot_recognition/local_setup.dsv
-- Installing: /home/mta/project_helios/install/yolobot_recognition/share/yolobot_recognition/package.dsv
-- Installing: /home/mta/project_helios/install/yolobot_recognition/share/ament_index/resource_index/packages/yolobot_recognition
-- Installing: /home/mta/project_helios/install/yolobot_recognition/share/yolobot_recognition/cmake/yolobot_recognitionConfig.cmake
-- Installing: /home/mta/project_helios/install/yolobot_recognition/share/yolobot_recognition/cmake/yolobot_recognitionConfig-version.cmake
-- Installing: /home/mta/project_helios/install/yolobot_recognition/share/yolobot_recognition/package.xml
