[0.014s] Invoking command in '/home/mta/project_helios/build/yolobot_recognition': CMAKE_PREFIX_PATH=/opt/ros/humble /usr/bin/cmake --build /home/mta/project_helios/build/yolobot_recognition -- -j20 -l20
[0.036s] Invoked command in '/home/mta/project_helios/build/yolobot_recognition' returned '0': CMAKE_PREFIX_PATH=/opt/ros/humble /usr/bin/cmake --build /home/mta/project_helios/build/yolobot_recognition -- -j20 -l20
[0.052s] Invoking command in '/home/mta/project_helios/build/yolobot_recognition': CMAKE_PREFIX_PATH=/opt/ros/humble /usr/bin/cmake --install /home/mta/project_helios/build/yolobot_recognition
[0.055s] -- Install configuration: ""
[0.055s] -- Up-to-date: /home/mta/project_helios/install/yolobot_recognition/share/yolobot_recognition//scripts
[0.055s] -- Up-to-date: /home/mta/project_helios/install/yolobot_recognition/share/yolobot_recognition//scripts/.dockerignore
[0.055s] -- Up-to-date: /home/mta/project_helios/install/yolobot_recognition/share/yolobot_recognition//scripts/yolov8_ros2_pt.py
[0.055s] -- Up-to-date: /home/mta/project_helios/install/yolobot_recognition/share/yolobot_recognition//scripts/yolov8_ros2_subscriber.py
[0.055s] -- Up-to-date: /home/mta/project_helios/install/yolobot_recognition/share/yolobot_recognition//scripts/yolov8n.pt
[0.055s] -- Up-to-date: /home/mta/project_helios/install/yolobot_recognition/share/yolobot_recognition//scripts/.gitattributes
[0.055s] -- Up-to-date: /home/mta/project_helios/install/yolobot_recognition/share/yolobot_recognition//scripts/.gitignore
[0.055s] -- Up-to-date: /home/mta/project_helios/install/yolobot_recognition/share/yolobot_recognition//launch
[0.055s] -- Up-to-date: /home/mta/project_helios/install/yolobot_recognition/share/yolobot_recognition//launch/launch_yolov8.launch.py
[0.055s] -- Up-to-date: /home/mta/project_helios/install/yolobot_recognition/lib/yolobot_recognition/yolov8_ros2_pt.py
[0.055s] -- Up-to-date: /home/mta/project_helios/install/yolobot_recognition/lib/yolobot_recognition/yolov8_ros2_subscriber.py
[0.055s] -- Up-to-date: /home/mta/project_helios/install/yolobot_recognition/lib/yolobot_recognition/launch_yolov8.launch.py
[0.055s] -- Up-to-date: /home/mta/project_helios/install/yolobot_recognition/share/ament_index/resource_index/package_run_dependencies/yolobot_recognition
[0.055s] -- Up-to-date: /home/mta/project_helios/install/yolobot_recognition/share/ament_index/resource_index/parent_prefix_path/yolobot_recognition
[0.055s] -- Up-to-date: /home/mta/project_helios/install/yolobot_recognition/share/yolobot_recognition/environment/ament_prefix_path.sh
[0.055s] -- Up-to-date: /home/mta/project_helios/install/yolobot_recognition/share/yolobot_recognition/environment/ament_prefix_path.dsv
[0.055s] -- Up-to-date: /home/mta/project_helios/install/yolobot_recognition/share/yolobot_recognition/environment/path.sh
[0.055s] -- Up-to-date: /home/mta/project_helios/install/yolobot_recognition/share/yolobot_recognition/environment/path.dsv
[0.055s] -- Up-to-date: /home/mta/project_helios/install/yolobot_recognition/share/yolobot_recognition/local_setup.bash
[0.055s] -- Up-to-date: /home/mta/project_helios/install/yolobot_recognition/share/yolobot_recognition/local_setup.sh
[0.055s] -- Up-to-date: /home/mta/project_helios/install/yolobot_recognition/share/yolobot_recognition/local_setup.zsh
[0.055s] -- Up-to-date: /home/mta/project_helios/install/yolobot_recognition/share/yolobot_recognition/local_setup.dsv
[0.055s] -- Up-to-date: /home/mta/project_helios/install/yolobot_recognition/share/yolobot_recognition/package.dsv
[0.055s] -- Up-to-date: /home/mta/project_helios/install/yolobot_recognition/share/ament_index/resource_index/packages/yolobot_recognition
[0.055s] -- Up-to-date: /home/mta/project_helios/install/yolobot_recognition/share/yolobot_recognition/cmake/yolobot_recognitionConfig.cmake
[0.055s] -- Up-to-date: /home/mta/project_helios/install/yolobot_recognition/share/yolobot_recognition/cmake/yolobot_recognitionConfig-version.cmake
[0.055s] -- Up-to-date: /home/mta/project_helios/install/yolobot_recognition/share/yolobot_recognition/package.xml
[0.067s] Invoked command in '/home/mta/project_helios/build/yolobot_recognition' returned '0': CMAKE_PREFIX_PATH=/opt/ros/humble /usr/bin/cmake --install /home/mta/project_helios/build/yolobot_recognition
