[0.017s] Invoking command in '/home/mta/yolobot/build/yolobot_control': CMAKE_PREFIX_PATH=/opt/ros/humble /usr/bin/cmake --build /home/mta/yolobot/build/yolobot_control -- -j20 -l20
[0.082s] Invoked command in '/home/mta/yolobot/build/yolobot_control' returned '0': CMAKE_PREFIX_PATH=/opt/ros/humble /usr/bin/cmake --build /home/mta/yolobot/build/yolobot_control -- -j20 -l20
[0.115s] Invoking command in '/home/mta/yolobot/build/yolobot_control': CMAKE_PREFIX_PATH=/opt/ros/humble /usr/bin/cmake --install /home/mta/yolobot/build/yolobot_control
[0.123s] -- Install configuration: ""
[0.124s] -- Up-to-date: /home/mta/yolobot/install/yolobot_control/share/yolobot_control//scripts
[0.125s] -- Up-to-date: /home/mta/yolobot/install/yolobot_control/share/yolobot_control//scripts/robot_control.py
[0.125s] -- Up-to-date: /home/mta/yolobot/install/yolobot_control/share/yolobot_control//launch
[0.125s] -- Up-to-date: /home/mta/yolobot/install/yolobot_control/share/yolobot_control//launch/yolobot_control.launch.py
[0.126s] -- Up-to-date: /home/mta/yolobot/install/yolobot_control/lib/yolobot_control/robot_control.py
[0.126s] -- Up-to-date: /home/mta/yolobot/install/yolobot_control/lib/yolobot_control/yolobot_control.launch.py
[0.126s] -- Up-to-date: /home/mta/yolobot/install/yolobot_control/share/ament_index/resource_index/package_run_dependencies/yolobot_control
[0.127s] -- Up-to-date: /home/mta/yolobot/install/yolobot_control/share/ament_index/resource_index/parent_prefix_path/yolobot_control
[0.127s] -- Up-to-date: /home/mta/yolobot/install/yolobot_control/share/yolobot_control/environment/ament_prefix_path.sh
[0.128s] -- Up-to-date: /home/mta/yolobot/install/yolobot_control/share/yolobot_control/environment/ament_prefix_path.dsv
[0.128s] -- Up-to-date: /home/mta/yolobot/install/yolobot_control/share/yolobot_control/environment/path.sh
[0.128s] -- Up-to-date: /home/mta/yolobot/install/yolobot_control/share/yolobot_control/environment/path.dsv
[0.128s] -- Up-to-date: /home/mta/yolobot/install/yolobot_control/share/yolobot_control/local_setup.bash
[0.128s] -- Up-to-date: /home/mta/yolobot/install/yolobot_control/share/yolobot_control/local_setup.sh
[0.128s] -- Up-to-date: /home/mta/yolobot/install/yolobot_control/share/yolobot_control/local_setup.zsh
[0.128s] -- Up-to-date: /home/mta/yolobot/install/yolobot_control/share/yolobot_control/local_setup.dsv
[0.128s] -- Installing: /home/mta/yolobot/install/yolobot_control/share/yolobot_control/package.dsv
[0.130s] -- Up-to-date: /home/mta/yolobot/install/yolobot_control/share/ament_index/resource_index/packages/yolobot_control
[0.135s] -- Up-to-date: /home/mta/yolobot/install/yolobot_control/share/yolobot_control/cmake/yolobot_controlConfig.cmake
[0.135s] -- Up-to-date: /home/mta/yolobot/install/yolobot_control/share/yolobot_control/cmake/yolobot_controlConfig-version.cmake
[0.135s] -- Up-to-date: /home/mta/yolobot/install/yolobot_control/share/yolobot_control/package.xml
[0.137s] Invoked command in '/home/mta/yolobot/build/yolobot_control' returned '0': CMAKE_PREFIX_PATH=/opt/ros/humble /usr/bin/cmake --install /home/mta/yolobot/build/yolobot_control
