-- Install configuration: ""
-- Up-to-date: /home/mta/project_helios/install/helios_recognition/share/helios_recognition//scripts
-- Up-to-date: /home/mta/project_helios/install/helios_recognition/share/helios_recognition//scripts/.dockerignore
-- Up-to-date: /home/mta/project_helios/install/helios_recognition/share/helios_recognition//scripts/yolov8_ros2_pt.py
-- Up-to-date: /home/mta/project_helios/install/helios_recognition/share/helios_recognition//scripts/yolov8_ros2_subscriber.py
-- Up-to-date: /home/mta/project_helios/install/helios_recognition/share/helios_recognition//scripts/yolov8n.pt
-- Up-to-date: /home/mta/project_helios/install/helios_recognition/share/helios_recognition//scripts/.gitattributes
-- Up-to-date: /home/mta/project_helios/install/helios_recognition/share/helios_recognition//scripts/.gitignore
-- Up-to-date: /home/mta/project_helios/install/helios_recognition/share/helios_recognition//launch
-- Up-to-date: /home/mta/project_helios/install/helios_recognition/share/helios_recognition//launch/launch_yolov8.launch.py
-- Up-to-date: /home/mta/project_helios/install/helios_recognition/lib/helios_recognition/yolov8_ros2_pt.py
-- Up-to-date: /home/mta/project_helios/install/helios_recognition/lib/helios_recognition/yolov8_ros2_subscriber.py
-- Up-to-date: /home/mta/project_helios/install/helios_recognition/lib/helios_recognition/launch_yolov8.launch.py
-- Up-to-date: /home/mta/project_helios/install/helios_recognition/share/ament_index/resource_index/package_run_dependencies/helios_recognition
-- Up-to-date: /home/mta/project_helios/install/helios_recognition/share/ament_index/resource_index/parent_prefix_path/helios_recognition
-- Up-to-date: /home/mta/project_helios/install/helios_recognition/share/helios_recognition/environment/ament_prefix_path.sh
-- Up-to-date: /home/mta/project_helios/install/helios_recognition/share/helios_recognition/environment/ament_prefix_path.dsv
-- Up-to-date: /home/mta/project_helios/install/helios_recognition/share/helios_recognition/environment/path.sh
-- Up-to-date: /home/mta/project_helios/install/helios_recognition/share/helios_recognition/environment/path.dsv
-- Up-to-date: /home/mta/project_helios/install/helios_recognition/share/helios_recognition/local_setup.bash
-- Up-to-date: /home/mta/project_helios/install/helios_recognition/share/helios_recognition/local_setup.sh
-- Up-to-date: /home/mta/project_helios/install/helios_recognition/share/helios_recognition/local_setup.zsh
-- Up-to-date: /home/mta/project_helios/install/helios_recognition/share/helios_recognition/local_setup.dsv
-- Installing: /home/mta/project_helios/install/helios_recognition/share/helios_recognition/package.dsv
-- Up-to-date: /home/mta/project_helios/install/helios_recognition/share/ament_index/resource_index/packages/helios_recognition
-- Up-to-date: /home/mta/project_helios/install/helios_recognition/share/helios_recognition/cmake/helios_recognitionConfig.cmake
-- Up-to-date: /home/mta/project_helios/install/helios_recognition/share/helios_recognition/cmake/helios_recognitionConfig-version.cmake
-- Up-to-date: /home/mta/project_helios/install/helios_recognition/share/helios_recognition/package.xml
