[0.009s] Invoking command in '/home/mta/yolobot/build/yolobot_recognition': CMAKE_PREFIX_PATH=/opt/ros/humble /usr/bin/cmake /home/mta/yolobot/src/yolobot_recognition -DCMAKE_INSTALL_PREFIX=/home/mta/yolobot/install/yolobot_recognition
[0.124s] -- The C compiler identification is GNU 11.4.0
[0.156s] -- The CXX compiler identification is GNU 11.4.0
[0.161s] -- Detecting C compiler ABI info
[0.198s] -- Detecting C compiler ABI info - done
[0.202s] -- Check for working C compiler: /usr/bin/cc - skipped
[0.202s] -- Detecting C compile features
[0.203s] -- Detecting C compile features - done
[0.204s] -- Detecting CXX compiler ABI info
[0.246s] -- Detecting CXX compiler ABI info - done
[0.254s] -- Check for working CXX compiler: /usr/bin/c++ - skipped
[0.254s] -- Detecting CXX compile features
[0.254s] -- Detecting CXX compile features - done
[0.255s] -- Found ament_cmake: 1.3.10 (/opt/ros/humble/share/ament_cmake/cmake)
[0.344s] -- Found Python3: /usr/bin/python3 (found version "3.10.12") found components: Interpreter 
[0.389s] -- Found ament_lint_auto: 0.12.11 (/opt/ros/humble/share/ament_lint_auto/cmake)
[0.436s] -- Added test 'copyright' to check source files copyright and LICENSE
[0.437s] -- Added test 'flake8' to check Python code syntax and style conventions
[0.437s] -- Added test 'lint_cmake' to check CMake code style
[0.437s] -- Added test 'pep257' to check Python code against some of the docstring style conventions in PEP 257
[0.438s] -- Added test 'xmllint' to check XML markup files
[0.438s] -- Configuring done
[0.439s] -- Generating done
[0.439s] -- Build files have been written to: /home/mta/yolobot/build/yolobot_recognition
[0.442s] Invoked command in '/home/mta/yolobot/build/yolobot_recognition' returned '0': CMAKE_PREFIX_PATH=/opt/ros/humble /usr/bin/cmake /home/mta/yolobot/src/yolobot_recognition -DCMAKE_INSTALL_PREFIX=/home/mta/yolobot/install/yolobot_recognition
[0.443s] Invoking command in '/home/mta/yolobot/build/yolobot_recognition': CMAKE_PREFIX_PATH=/opt/ros/humble /usr/bin/cmake --build /home/mta/yolobot/build/yolobot_recognition -- -j20 -l20
[0.465s] Invoked command in '/home/mta/yolobot/build/yolobot_recognition' returned '0': CMAKE_PREFIX_PATH=/opt/ros/humble /usr/bin/cmake --build /home/mta/yolobot/build/yolobot_recognition -- -j20 -l20
[0.480s] Invoking command in '/home/mta/yolobot/build/yolobot_recognition': CMAKE_PREFIX_PATH=/opt/ros/humble /usr/bin/cmake --install /home/mta/yolobot/build/yolobot_recognition
[0.485s] -- Install configuration: ""
[0.485s] -- Installing: /home/mta/yolobot/install/yolobot_recognition/share/yolobot_recognition//scripts
[0.485s] -- Installing: /home/mta/yolobot/install/yolobot_recognition/share/yolobot_recognition//scripts/.dockerignore
[0.485s] -- Installing: /home/mta/yolobot/install/yolobot_recognition/share/yolobot_recognition//scripts/yolov8_ros2_pt.py
[0.485s] -- Installing: /home/mta/yolobot/install/yolobot_recognition/share/yolobot_recognition//scripts/yolov8_ros2_subscriber.py
[0.485s] -- Installing: /home/mta/yolobot/install/yolobot_recognition/share/yolobot_recognition//scripts/yolov8n.pt
[0.488s] -- Installing: /home/mta/yolobot/install/yolobot_recognition/share/yolobot_recognition//scripts/.gitattributes
[0.488s] -- Installing: /home/mta/yolobot/install/yolobot_recognition/share/yolobot_recognition//scripts/.gitignore
[0.488s] -- Installing: /home/mta/yolobot/install/yolobot_recognition/share/yolobot_recognition//launch
[0.488s] -- Installing: /home/mta/yolobot/install/yolobot_recognition/share/yolobot_recognition//launch/launch_yolov8.launch.py
[0.488s] -- Installing: /home/mta/yolobot/install/yolobot_recognition/lib/yolobot_recognition/yolov8_ros2_pt.py
[0.488s] -- Installing: /home/mta/yolobot/install/yolobot_recognition/lib/yolobot_recognition/yolov8_ros2_subscriber.py
[0.488s] -- Installing: /home/mta/yolobot/install/yolobot_recognition/lib/yolobot_recognition/launch_yolov8.launch.py
[0.488s] -- Installing: /home/mta/yolobot/install/yolobot_recognition/share/ament_index/resource_index/package_run_dependencies/yolobot_recognition
[0.489s] -- Installing: /home/mta/yolobot/install/yolobot_recognition/share/ament_index/resource_index/parent_prefix_path/yolobot_recognition
[0.489s] -- Installing: /home/mta/yolobot/install/yolobot_recognition/share/yolobot_recognition/environment/ament_prefix_path.sh
[0.489s] -- Installing: /home/mta/yolobot/install/yolobot_recognition/share/yolobot_recognition/environment/ament_prefix_path.dsv
[0.489s] -- Installing: /home/mta/yolobot/install/yolobot_recognition/share/yolobot_recognition/environment/path.sh
[0.489s] -- Installing: /home/mta/yolobot/install/yolobot_recognition/share/yolobot_recognition/environment/path.dsv
[0.489s] -- Installing: /home/mta/yolobot/install/yolobot_recognition/share/yolobot_recognition/local_setup.bash
[0.489s] -- Installing: /home/mta/yolobot/install/yolobot_recognition/share/yolobot_recognition/local_setup.sh
[0.489s] -- Installing: /home/mta/yolobot/install/yolobot_recognition/share/yolobot_recognition/local_setup.zsh
[0.489s] -- Installing: /home/mta/yolobot/install/yolobot_recognition/share/yolobot_recognition/local_setup.dsv
[0.489s] -- Installing: /home/mta/yolobot/install/yolobot_recognition/share/yolobot_recognition/package.dsv
[0.489s] -- Installing: /home/mta/yolobot/install/yolobot_recognition/share/ament_index/resource_index/packages/yolobot_recognition
[0.489s] -- Installing: /home/mta/yolobot/install/yolobot_recognition/share/yolobot_recognition/cmake/yolobot_recognitionConfig.cmake
[0.489s] -- Installing: /home/mta/yolobot/install/yolobot_recognition/share/yolobot_recognition/cmake/yolobot_recognitionConfig-version.cmake
[0.489s] -- Installing: /home/mta/yolobot/install/yolobot_recognition/share/yolobot_recognition/package.xml
[0.492s] Invoked command in '/home/mta/yolobot/build/yolobot_recognition' returned '0': CMAKE_PREFIX_PATH=/opt/ros/humble /usr/bin/cmake --install /home/mta/yolobot/build/yolobot_recognition
