[0.015s] Invoking command in '/home/mta/project_helios/build/yolov8_msgs': CMAKE_PREFIX_PATH=/opt/ros/humble /usr/bin/cmake --build /home/mta/project_helios/build/yolov8_msgs -- -j20 -l20
[0.027s] -- Found ament_cmake: 1.3.10 (/opt/ros/humble/share/ament_cmake/cmake)
[0.099s] -- Found std_msgs: 4.2.4 (/opt/ros/humble/share/std_msgs/cmake)
[0.112s] -- Found rosidl_generator_c: 3.1.5 (/opt/ros/humble/share/rosidl_generator_c/cmake)
[0.113s] -- Found rosidl_adapter: 3.1.5 (/opt/ros/humble/share/rosidl_adapter/cmake)
[0.116s] -- Found rosidl_generator_cpp: 3.1.5 (/opt/ros/humble/share/rosidl_generator_cpp/cmake)
[0.121s] -- Using all available rosidl_typesupport_c: rosidl_typesupport_fastrtps_c;rosidl_typesupport_introspection_c
[0.128s] -- Using all available rosidl_typesupport_cpp: rosidl_typesupport_fastrtps_cpp;rosidl_typesupport_introspection_cpp
[0.139s] -- Found rosidl_default_generators: 1.2.0 (/opt/ros/humble/share/rosidl_default_generators/cmake)
[0.320s] -- Found ament_cmake_ros: 0.10.0 (/opt/ros/humble/share/ament_cmake_ros/cmake)
[0.571s] -- Using all available rosidl_typesupport_c: rosidl_typesupport_fastrtps_c;rosidl_typesupport_introspection_c
[0.659s] -- Using all available rosidl_typesupport_cpp: rosidl_typesupport_fastrtps_cpp;rosidl_typesupport_introspection_cpp
[0.673s] -- Found python_cmake_module: 0.10.0 (/opt/ros/humble/share/python_cmake_module/cmake)
[0.689s] -- Using PYTHON_EXECUTABLE: /usr/bin/python3
[0.689s] -- Using PYTHON_INCLUDE_DIRS: /usr/include/python3.10
[0.689s] -- Using PYTHON_LIBRARIES: /usr/lib/x86_64-linux-gnu/libpython3.10.so
[0.704s] -- Found ament_lint_auto: 0.12.11 (/opt/ros/humble/share/ament_lint_auto/cmake)
[0.708s] -- Added test 'copyright' to check source files copyright and LICENSE
[0.709s] -- Added test 'lint_cmake' to check CMake code style
[0.709s] -- Added test 'xmllint' to check XML markup files
[0.710s] -- Configuring done
[0.726s] -- Generating done
[0.729s] -- Build files have been written to: /home/mta/project_helios/build/yolov8_msgs
[0.745s] [35m[1mConsolidate compiler generated dependencies of target yolov8_msgs__rosidl_generator_c[0m
[0.751s] [ 10%] Built target yolov8_msgs__rosidl_generator_c
[0.752s] [ 12%] Built target yolov8_msgs__cpp
[0.765s] [ 15%] [34m[1mGenerating C type support dispatch for ROS interfaces[0m
[0.766s] [ 17%] [34m[1mGenerating C type support for eProsima Fast-RTPS[0m
[0.767s] [ 20%] [34m[1mGenerating C introspection for ROS interfaces[0m
[0.767s] [ 20%] Built target ament_cmake_python_copy_yolov8_msgs
[0.768s] [35m[1mConsolidate compiler generated dependencies of target yolov8_msgs__rosidl_typesupport_cpp[0m
[0.768s] [35m[1mConsolidate compiler generated dependencies of target yolov8_msgs__rosidl_typesupport_fastrtps_cpp[0m
[0.769s] [35m[1mConsolidate compiler generated dependencies of target yolov8_msgs__rosidl_typesupport_introspection_cpp[0m
[0.786s] [ 30%] Built target yolov8_msgs__rosidl_typesupport_fastrtps_cpp
[0.787s] [ 41%] Built target yolov8_msgs__rosidl_typesupport_cpp
[0.788s] [ 51%] Built target yolov8_msgs__rosidl_typesupport_introspection_cpp
[0.892s] running egg_info
[0.899s] writing yolov8_msgs.egg-info/PKG-INFO
[0.899s] writing dependency_links to yolov8_msgs.egg-info/dependency_links.txt
[0.899s] writing top-level names to yolov8_msgs.egg-info/top_level.txt
[0.915s] [ 53%] [32mBuilding CXX object CMakeFiles/yolov8_msgs__rosidl_typesupport_c.dir/rosidl_typesupport_c/yolov8_msgs/msg/yolov8_inference__type_support.cpp.o[0m
[0.917s] [ 56%] [32mBuilding CXX object CMakeFiles/yolov8_msgs__rosidl_typesupport_c.dir/rosidl_typesupport_c/yolov8_msgs/msg/inference_result__type_support.cpp.o[0m
[0.921s] reading manifest file 'yolov8_msgs.egg-info/SOURCES.txt'
[0.926s] [ 58%] [32mBuilding C object CMakeFiles/yolov8_msgs__rosidl_typesupport_introspection_c.dir/rosidl_typesupport_introspection_c/yolov8_msgs/msg/detail/yolov8_inference__type_support.c.o[0m
[0.927s] [ 61%] [32mBuilding C object CMakeFiles/yolov8_msgs__rosidl_typesupport_introspection_c.dir/rosidl_typesupport_introspection_c/yolov8_msgs/msg/detail/inference_result__type_support.c.o[0m
[0.931s] Traceback (most recent call last):
[0.931s]   File "/home/mta/project_helios/build/yolov8_msgs/ament_cmake_python/yolov8_msgs/setup.py", line 4, in <module>
[0.931s]     setup(
[0.931s]   File "/home/mta/.local/lib/python3.10/site-packages/setuptools/__init__.py", line 117, in setup
[0.931s]     return distutils.core.setup(**attrs)
[0.931s]   File "/home/mta/.local/lib/python3.10/site-packages/setuptools/_distutils/core.py", line 184, in setup
[0.931s]     return run_commands(dist)
[0.931s]   File "/home/mta/.local/lib/python3.10/site-packages/setuptools/_distutils/core.py", line 200, in run_commands
[0.931s]     dist.run_commands()
[0.931s]   File "/home/mta/.local/lib/python3.10/site-packages/setuptools/_distutils/dist.py", line 954, in run_commands
[0.931s]     self.run_command(cmd)
[0.931s]   File "/home/mta/.local/lib/python3.10/site-packages/setuptools/dist.py", line 950, in run_command
[0.931s] [ 66%] [32mBuilding CXX object CMakeFiles/yolov8_msgs__rosidl_typesupport_fastrtps_c.dir/rosidl_typesupport_fastrtps_c/yolov8_msgs/msg/detail/inference_result__type_support_c.cpp.o[0m
[0.931s]     super().run_command(command)
[0.931s]   File "/home/mta/.local/lib/python3.10/site-packages/setuptools/_distutils/dist.py", line 973, in run_command
[0.931s]     cmd_obj.run()
[0.931s]   File "/home/mta/.local/lib/python3.10/site-packages/setuptools/command/egg_info.py", line 311, in run
[0.932s]     self.find_sources()
[0.932s]   File "/home/mta/.local/lib/python3.10/site-packages/setuptools/command/egg_info.py", line 319, in find_sources
[0.932s]     mm.run()
[0.932s]   File "/home/mta/.local/lib/python3.10/site-packages/setuptools/command/egg_info.py", line 545, in run
[0.932s]     self.prune_file_list()
[0.932s]   File "/home/mta/.local/lib/python3.10/site-packages/setuptools/command/sdist.py", line 161, in prune_file_list
[0.932s]     super().prune_file_list()
[0.932s]   File "/home/mta/.local/lib/python3.10/site-packages/setuptools/_distutils/command/sdist.py", line 392, in prune_file_list
[0.932s]     base_dir = self.distribution.get_fullname()
[0.932s]   File "/home/mta/.local/lib/python3.10/site-packages/setuptools/_core_metadata.py", line 267, in get_fullname
[0.932s]     return _distribution_fullname(self.get_name(), self.get_version())
[0.932s]   File "/home/mta/.local/lib/python3.10/site-packages/setuptools/_core_metadata.py", line 285, in _distribution_fullname
[0.932s]     canonicalize_version(version, strip_trailing_zero=False),
[0.932s] TypeError: canonicalize_version() got an unexpected keyword argument 'strip_trailing_zero'
[0.932s] [ 66%] [32mBuilding CXX object CMakeFiles/yolov8_msgs__rosidl_typesupport_fastrtps_c.dir/rosidl_typesupport_fastrtps_c/yolov8_msgs/msg/detail/yolov8_inference__type_support_c.cpp.o[0m
[0.933s] [ 69%] [32m[1mLinking CXX shared library libyolov8_msgs__rosidl_typesupport_c.so[0m
[0.949s] gmake[2]: *** [CMakeFiles/ament_cmake_python_build_yolov8_msgs_egg.dir/build.make:70: CMakeFiles/ament_cmake_python_build_yolov8_msgs_egg] Error 1
[0.949s] gmake[1]: *** [CMakeFiles/Makefile2:447: CMakeFiles/ament_cmake_python_build_yolov8_msgs_egg.dir/all] Error 2
[0.949s] gmake[1]: *** Waiting for unfinished jobs....
[0.954s] [ 71%] [32m[1mLinking C shared library libyolov8_msgs__rosidl_typesupport_introspection_c.so[0m
[0.963s] [ 71%] Built target yolov8_msgs__rosidl_typesupport_c
[0.977s] [ 71%] Built target yolov8_msgs__rosidl_typesupport_introspection_c
[1.111s] [ 74%] [32m[1mLinking CXX shared library libyolov8_msgs__rosidl_typesupport_fastrtps_c.so[0m
[1.166s] [ 74%] Built target yolov8_msgs__rosidl_typesupport_fastrtps_c
[1.167s] gmake: *** [Makefile:146: all] Error 2
[1.168s] Invoked command in '/home/mta/project_helios/build/yolov8_msgs' returned '2': CMAKE_PREFIX_PATH=/opt/ros/humble /usr/bin/cmake --build /home/mta/project_helios/build/yolov8_msgs -- -j20 -l20
