[0.014s] Invoking command in '/home/mta/project_helios/build/helios_gazebo': CMAKE_PREFIX_PATH=/opt/ros/humble /usr/bin/cmake --build /home/mta/project_helios/build/helios_gazebo -- -j20 -l20
[0.032s] Invoked command in '/home/mta/project_helios/build/helios_gazebo' returned '0': CMAKE_PREFIX_PATH=/opt/ros/humble /usr/bin/cmake --build /home/mta/project_helios/build/helios_gazebo -- -j20 -l20
[0.051s] Invoking command in '/home/mta/project_helios/build/helios_gazebo': CMAKE_PREFIX_PATH=/opt/ros/humble /usr/bin/cmake --install /home/mta/project_helios/build/helios_gazebo
[0.059s] -- Install configuration: ""
[0.059s] -- Up-to-date: /home/mta/project_helios/install/helios_gazebo/share/helios_gazebo//launch
[0.059s] -- Up-to-date: /home/mta/project_helios/install/helios_gazebo/share/helios_gazebo//launch/helios_launch.py
[0.059s] -- Up-to-date: /home/mta/project_helios/install/helios_gazebo/share/helios_gazebo//launch/start_world_launch.py
[0.059s] -- Up-to-date: /home/mta/project_helios/install/helios_gazebo/share/helios_gazebo//worlds
[0.059s] -- Up-to-date: /home/mta/project_helios/install/helios_gazebo/share/helios_gazebo//worlds/yolo_test.world
[0.059s] -- Up-to-date: /home/mta/project_helios/install/helios_gazebo/share/ament_index/resource_index/package_run_dependencies/helios_gazebo
[0.059s] -- Up-to-date: /home/mta/project_helios/install/helios_gazebo/share/ament_index/resource_index/parent_prefix_path/helios_gazebo
[0.059s] -- Up-to-date: /home/mta/project_helios/install/helios_gazebo/share/helios_gazebo/environment/ament_prefix_path.sh
[0.059s] -- Up-to-date: /home/mta/project_helios/install/helios_gazebo/share/helios_gazebo/environment/ament_prefix_path.dsv
[0.060s] -- Up-to-date: /home/mta/project_helios/install/helios_gazebo/share/helios_gazebo/environment/path.sh
[0.060s] -- Up-to-date: /home/mta/project_helios/install/helios_gazebo/share/helios_gazebo/environment/path.dsv
[0.060s] -- Up-to-date: /home/mta/project_helios/install/helios_gazebo/share/helios_gazebo/local_setup.bash
[0.060s] -- Up-to-date: /home/mta/project_helios/install/helios_gazebo/share/helios_gazebo/local_setup.sh
[0.060s] -- Up-to-date: /home/mta/project_helios/install/helios_gazebo/share/helios_gazebo/local_setup.zsh
[0.060s] -- Up-to-date: /home/mta/project_helios/install/helios_gazebo/share/helios_gazebo/local_setup.dsv
[0.060s] -- Installing: /home/mta/project_helios/install/helios_gazebo/share/helios_gazebo/package.dsv
[0.061s] -- Up-to-date: /home/mta/project_helios/install/helios_gazebo/share/ament_index/resource_index/packages/helios_gazebo
[0.062s] -- Up-to-date: /home/mta/project_helios/install/helios_gazebo/share/helios_gazebo/cmake/helios_gazeboConfig.cmake
[0.062s] -- Up-to-date: /home/mta/project_helios/install/helios_gazebo/share/helios_gazebo/cmake/helios_gazeboConfig-version.cmake
[0.062s] -- Up-to-date: /home/mta/project_helios/install/helios_gazebo/share/helios_gazebo/package.xml
[0.067s] Invoked command in '/home/mta/project_helios/build/helios_gazebo' returned '0': CMAKE_PREFIX_PATH=/opt/ros/humble /usr/bin/cmake --install /home/mta/project_helios/build/helios_gazebo
