[0.009s] Invoking command in '/home/mta/yolobot/build/yolov8_msgs': CMAKE_PREFIX_PATH=/opt/ros/humble /usr/bin/cmake /home/mta/yolobot/src/yolov8_msgs -DCMAKE_INSTALL_PREFIX=/home/mta/yolobot/install/yolov8_msgs
[0.122s] -- The C compiler identification is GNU 11.4.0
[0.154s] -- The CXX compiler identification is GNU 11.4.0
[0.158s] -- Detecting C compiler ABI info
[0.193s] -- Detecting C compiler ABI info - done
[0.197s] -- Check for working C compiler: /usr/bin/cc - skipped
[0.198s] -- Detecting C compile features
[0.198s] -- Detecting C compile features - done
[0.199s] -- Detecting CXX compiler ABI info
[0.245s] -- Detecting CXX compiler ABI info - done
[0.253s] -- Check for working CXX compiler: /usr/bin/c++ - skipped
[0.253s] -- Detecting CXX compile features
[0.253s] -- Detecting CXX compile features - done
[0.255s] -- Found ament_cmake: 1.3.10 (/opt/ros/humble/share/ament_cmake/cmake)
[0.346s] -- Found Python3: /usr/bin/python3 (found version "3.10.12") found components: Interpreter 
[0.394s] -- Found std_msgs: 4.2.4 (/opt/ros/humble/share/std_msgs/cmake)
[0.411s] -- Found rosidl_generator_c: 3.1.5 (/opt/ros/humble/share/rosidl_generator_c/cmake)
[0.413s] -- Found rosidl_adapter: 3.1.5 (/opt/ros/humble/share/rosidl_adapter/cmake)
[0.417s] -- Found rosidl_generator_cpp: 3.1.5 (/opt/ros/humble/share/rosidl_generator_cpp/cmake)
[0.423s] -- Using all available rosidl_typesupport_c: rosidl_typesupport_fastrtps_c;rosidl_typesupport_introspection_c
[0.431s] -- Using all available rosidl_typesupport_cpp: rosidl_typesupport_fastrtps_cpp;rosidl_typesupport_introspection_cpp
[0.445s] -- Found rosidl_default_generators: 1.2.0 (/opt/ros/humble/share/rosidl_default_generators/cmake)
[0.614s] -- Found ament_cmake_ros: 0.10.0 (/opt/ros/humble/share/ament_cmake_ros/cmake)
[0.843s] -- Using all available rosidl_typesupport_c: rosidl_typesupport_fastrtps_c;rosidl_typesupport_introspection_c
[0.923s] -- Using all available rosidl_typesupport_cpp: rosidl_typesupport_fastrtps_cpp;rosidl_typesupport_introspection_cpp
[0.944s] -- Found PythonInterp: /usr/bin/python3 (found suitable version "3.10.12", minimum required is "3.6") 
[0.945s] -- Found python_cmake_module: 0.10.0 (/opt/ros/humble/share/python_cmake_module/cmake)
[0.964s] -- Found PythonLibs: /usr/lib/x86_64-linux-gnu/libpython3.10.so (found suitable version "3.10.12", minimum required is "3.5") 
[0.964s] -- Using PYTHON_EXECUTABLE: /usr/bin/python3
[0.965s] -- Using PYTHON_INCLUDE_DIRS: /usr/include/python3.10
[0.965s] -- Using PYTHON_LIBRARIES: /usr/lib/x86_64-linux-gnu/libpython3.10.so
[0.981s] -- Found PythonExtra: .so  
[1.021s] -- Found ament_lint_auto: 0.12.11 (/opt/ros/humble/share/ament_lint_auto/cmake)
[1.029s] -- Added test 'copyright' to check source files copyright and LICENSE
[1.030s] -- Added test 'lint_cmake' to check CMake code style
[1.030s] -- Added test 'xmllint' to check XML markup files
[1.031s] -- Configuring done
[1.048s] -- Generating done
[1.049s] -- Build files have been written to: /home/mta/yolobot/build/yolov8_msgs
[1.053s] Invoked command in '/home/mta/yolobot/build/yolov8_msgs' returned '0': CMAKE_PREFIX_PATH=/opt/ros/humble /usr/bin/cmake /home/mta/yolobot/src/yolov8_msgs -DCMAKE_INSTALL_PREFIX=/home/mta/yolobot/install/yolov8_msgs
[1.054s] Invoking command in '/home/mta/yolobot/build/yolov8_msgs': CMAKE_PREFIX_PATH=/opt/ros/humble /usr/bin/cmake --build /home/mta/yolobot/build/yolov8_msgs -- -j20 -l20
[1.090s] [  2%] [34m[1mGenerating C code for ROS interfaces[0m
[1.100s] [  5%] [34m[1mGenerating C++ code for ROS interfaces[0m
[1.105s] [  5%] Built target ament_cmake_python_copy_yolov8_msgs
[1.227s] running egg_info
[1.227s] creating yolov8_msgs.egg-info
[1.227s] writing yolov8_msgs.egg-info/PKG-INFO
[1.227s] writing dependency_links to yolov8_msgs.egg-info/dependency_links.txt
[1.227s] writing top-level names to yolov8_msgs.egg-info/top_level.txt
[1.227s] writing manifest file 'yolov8_msgs.egg-info/SOURCES.txt'
[1.228s] reading manifest file 'yolov8_msgs.egg-info/SOURCES.txt'
[1.229s] writing manifest file 'yolov8_msgs.egg-info/SOURCES.txt'
[1.246s] [  5%] Built target ament_cmake_python_build_yolov8_msgs_egg
[1.254s] [  5%] Built target yolov8_msgs__cpp
[1.258s] [ 10%] [32mBuilding C object CMakeFiles/yolov8_msgs__rosidl_generator_c.dir/rosidl_generator_c/yolov8_msgs/msg/detail/yolov8_inference__functions.c.o[0m
[1.258s] [ 10%] [32mBuilding C object CMakeFiles/yolov8_msgs__rosidl_generator_c.dir/rosidl_generator_c/yolov8_msgs/msg/detail/inference_result__functions.c.o[0m
[1.258s] [ 12%] [34m[1mGenerating C++ type support for eProsima Fast-RTPS[0m
[1.259s] [ 15%] [34m[1mGenerating C++ type support dispatch for ROS interfaces[0m
[1.261s] [ 17%] [34m[1mGenerating C++ introspection for ROS interfaces[0m
[1.285s] [ 20%] [32m[1mLinking C shared library libyolov8_msgs__rosidl_generator_c.so[0m
[1.308s] [ 20%] Built target yolov8_msgs__rosidl_generator_c
[1.314s] [ 23%] [34m[1mGenerating C introspection for ROS interfaces[0m
[1.314s] [ 25%] [34m[1mGenerating C type support for eProsima Fast-RTPS[0m
[1.316s] [ 28%] [34m[1mGenerating C type support dispatch for ROS interfaces[0m
[1.391s] [ 30%] [32mBuilding CXX object CMakeFiles/yolov8_msgs__rosidl_typesupport_cpp.dir/rosidl_typesupport_cpp/yolov8_msgs/msg/inference_result__type_support.cpp.o[0m
[1.392s] [ 33%] [32mBuilding CXX object CMakeFiles/yolov8_msgs__rosidl_typesupport_cpp.dir/rosidl_typesupport_cpp/yolov8_msgs/msg/yolov8_inference__type_support.cpp.o[0m
[1.405s] [ 35%] [32mBuilding CXX object CMakeFiles/yolov8_msgs__rosidl_typesupport_introspection_cpp.dir/rosidl_typesupport_introspection_cpp/yolov8_msgs/msg/detail/inference_result__type_support.cpp.o[0m
[1.407s] [ 38%] [32mBuilding CXX object CMakeFiles/yolov8_msgs__rosidl_typesupport_introspection_cpp.dir/rosidl_typesupport_introspection_cpp/yolov8_msgs/msg/detail/yolov8_inference__type_support.cpp.o[0m
[1.407s] [ 41%] [32mBuilding CXX object CMakeFiles/yolov8_msgs__rosidl_typesupport_fastrtps_cpp.dir/rosidl_typesupport_fastrtps_cpp/yolov8_msgs/msg/detail/dds_fastrtps/inference_result__type_support.cpp.o[0m
[1.409s] [ 43%] [32mBuilding CXX object CMakeFiles/yolov8_msgs__rosidl_typesupport_fastrtps_cpp.dir/rosidl_typesupport_fastrtps_cpp/yolov8_msgs/msg/detail/dds_fastrtps/yolov8_inference__type_support.cpp.o[0m
[1.454s] [ 46%] [32mBuilding CXX object CMakeFiles/yolov8_msgs__rosidl_typesupport_c.dir/rosidl_typesupport_c/yolov8_msgs/msg/yolov8_inference__type_support.cpp.o[0m
[1.456s] [ 48%] [32mBuilding CXX object CMakeFiles/yolov8_msgs__rosidl_typesupport_c.dir/rosidl_typesupport_c/yolov8_msgs/msg/inference_result__type_support.cpp.o[0m
[1.464s] [ 51%] [32mBuilding C object CMakeFiles/yolov8_msgs__rosidl_typesupport_introspection_c.dir/rosidl_typesupport_introspection_c/yolov8_msgs/msg/detail/inference_result__type_support.c.o[0m
[1.465s] [ 53%] [32mBuilding CXX object CMakeFiles/yolov8_msgs__rosidl_typesupport_fastrtps_c.dir/rosidl_typesupport_fastrtps_c/yolov8_msgs/msg/detail/inference_result__type_support_c.cpp.o[0m
[1.466s] [ 56%] [32mBuilding C object CMakeFiles/yolov8_msgs__rosidl_typesupport_introspection_c.dir/rosidl_typesupport_introspection_c/yolov8_msgs/msg/detail/yolov8_inference__type_support.c.o[0m
[1.466s] [ 58%] [32mBuilding CXX object CMakeFiles/yolov8_msgs__rosidl_typesupport_fastrtps_c.dir/rosidl_typesupport_fastrtps_c/yolov8_msgs/msg/detail/yolov8_inference__type_support_c.cpp.o[0m
[1.474s] [ 61%] [32m[1mLinking CXX shared library libyolov8_msgs__rosidl_typesupport_c.so[0m
[1.493s] [ 64%] [32m[1mLinking C shared library libyolov8_msgs__rosidl_typesupport_introspection_c.so[0m
[1.499s] [ 64%] Built target yolov8_msgs__rosidl_typesupport_c
[1.513s] [ 64%] Built target yolov8_msgs__rosidl_typesupport_introspection_c
[1.585s] [ 66%] [32m[1mLinking CXX shared library libyolov8_msgs__rosidl_typesupport_cpp.so[0m
[1.612s] [ 66%] Built target yolov8_msgs__rosidl_typesupport_cpp
[1.622s] [ 69%] [32m[1mLinking CXX shared library libyolov8_msgs__rosidl_typesupport_introspection_cpp.so[0m
[1.634s] [ 71%] [32m[1mLinking CXX shared library libyolov8_msgs__rosidl_typesupport_fastrtps_cpp.so[0m
[1.636s] [ 74%] [32m[1mLinking CXX shared library libyolov8_msgs__rosidl_typesupport_fastrtps_c.so[0m
[1.667s] [ 74%] Built target yolov8_msgs__rosidl_typesupport_introspection_cpp
[1.677s] [ 74%] Built target yolov8_msgs__rosidl_typesupport_fastrtps_cpp
[1.680s] [ 74%] Built target yolov8_msgs__rosidl_typesupport_fastrtps_c
[1.692s] [ 74%] Built target yolov8_msgs
[1.707s] [ 76%] [34m[1mGenerating Python code for ROS interfaces[0m
[1.906s] [ 76%] Built target yolov8_msgs__py
[1.918s] [ 82%] [32mBuilding C object CMakeFiles/yolov8_msgs__rosidl_generator_py.dir/rosidl_generator_py/yolov8_msgs/msg/_inference_result_s.c.o[0m
[1.918s] [ 82%] [32mBuilding C object CMakeFiles/yolov8_msgs__rosidl_generator_py.dir/rosidl_generator_py/yolov8_msgs/msg/_yolov8_inference_s.c.o[0m
[1.977s] [ 84%] [32m[1mLinking C shared library rosidl_generator_py/yolov8_msgs/libyolov8_msgs__rosidl_generator_py.so[0m
[2.011s] [ 84%] Built target yolov8_msgs__rosidl_generator_py
[2.028s] [ 87%] [32mBuilding C object CMakeFiles/yolov8_msgs__rosidl_typesupport_c__pyext.dir/rosidl_generator_py/yolov8_msgs/_yolov8_msgs_s.ep.rosidl_typesupport_c.c.o[0m
[2.028s] [ 89%] [32mBuilding C object CMakeFiles/yolov8_msgs__rosidl_typesupport_introspection_c__pyext.dir/rosidl_generator_py/yolov8_msgs/_yolov8_msgs_s.ep.rosidl_typesupport_introspection_c.c.o[0m
[2.028s] [ 92%] [32mBuilding C object CMakeFiles/yolov8_msgs__rosidl_typesupport_fastrtps_c__pyext.dir/rosidl_generator_py/yolov8_msgs/_yolov8_msgs_s.ep.rosidl_typesupport_fastrtps_c.c.o[0m
[2.083s] [ 97%] [32m[1mLinking C shared library rosidl_generator_py/yolov8_msgs/yolov8_msgs_s__rosidl_typesupport_c.cpython-310-x86_64-linux-gnu.so[0m
[2.083s] [ 97%] [32m[1mLinking C shared library rosidl_generator_py/yolov8_msgs/yolov8_msgs_s__rosidl_typesupport_introspection_c.cpython-310-x86_64-linux-gnu.so[0m
[2.083s] [100%] [32m[1mLinking C shared library rosidl_generator_py/yolov8_msgs/yolov8_msgs_s__rosidl_typesupport_fastrtps_c.cpython-310-x86_64-linux-gnu.so[0m
[2.104s] [100%] Built target yolov8_msgs__rosidl_typesupport_c__pyext
[2.105s] [100%] Built target yolov8_msgs__rosidl_typesupport_fastrtps_c__pyext
[2.106s] [100%] Built target yolov8_msgs__rosidl_typesupport_introspection_c__pyext
[2.114s] Invoked command in '/home/mta/yolobot/build/yolov8_msgs' returned '0': CMAKE_PREFIX_PATH=/opt/ros/humble /usr/bin/cmake --build /home/mta/yolobot/build/yolov8_msgs -- -j20 -l20
[2.184s] Invoking command in '/home/mta/yolobot/build/yolov8_msgs': CMAKE_PREFIX_PATH=/opt/ros/humble /usr/bin/cmake --install /home/mta/yolobot/build/yolov8_msgs
[2.191s] -- Install configuration: ""
[2.192s] -- Installing: /home/mta/yolobot/install/yolov8_msgs/share/ament_index/resource_index/rosidl_interfaces/yolov8_msgs
[2.192s] -- Installing: /home/mta/yolobot/install/yolov8_msgs/include/yolov8_msgs/yolov8_msgs
[2.192s] -- Installing: /home/mta/yolobot/install/yolov8_msgs/include/yolov8_msgs/yolov8_msgs/msg
[2.192s] -- Installing: /home/mta/yolobot/install/yolov8_msgs/include/yolov8_msgs/yolov8_msgs/msg/yolov8_inference.h
[2.193s] -- Installing: /home/mta/yolobot/install/yolov8_msgs/include/yolov8_msgs/yolov8_msgs/msg/detail
[2.193s] -- Installing: /home/mta/yolobot/install/yolov8_msgs/include/yolov8_msgs/yolov8_msgs/msg/detail/yolov8_inference__struct.h
[2.193s] -- Installing: /home/mta/yolobot/install/yolov8_msgs/include/yolov8_msgs/yolov8_msgs/msg/detail/inference_result__type_support.h
[2.193s] -- Installing: /home/mta/yolobot/install/yolov8_msgs/include/yolov8_msgs/yolov8_msgs/msg/detail/yolov8_inference__type_support.h
[2.193s] -- Installing: /home/mta/yolobot/install/yolov8_msgs/include/yolov8_msgs/yolov8_msgs/msg/detail/inference_result__struct.h
[2.193s] -- Installing: /home/mta/yolobot/install/yolov8_msgs/include/yolov8_msgs/yolov8_msgs/msg/detail/yolov8_inference__functions.c
[2.194s] -- Installing: /home/mta/yolobot/install/yolov8_msgs/include/yolov8_msgs/yolov8_msgs/msg/detail/inference_result__functions.c
[2.194s] -- Installing: /home/mta/yolobot/install/yolov8_msgs/include/yolov8_msgs/yolov8_msgs/msg/detail/yolov8_inference__functions.h
[2.194s] -- Installing: /home/mta/yolobot/install/yolov8_msgs/include/yolov8_msgs/yolov8_msgs/msg/detail/inference_result__functions.h
[2.194s] -- Installing: /home/mta/yolobot/install/yolov8_msgs/include/yolov8_msgs/yolov8_msgs/msg/inference_result.h
[2.194s] -- Installing: /home/mta/yolobot/install/yolov8_msgs/include/yolov8_msgs/yolov8_msgs/msg/rosidl_generator_c__visibility_control.h
[2.194s] -- Installing: /home/mta/yolobot/install/yolov8_msgs/share/yolov8_msgs/environment/library_path.sh
[2.195s] -- Installing: /home/mta/yolobot/install/yolov8_msgs/share/yolov8_msgs/environment/library_path.dsv
[2.195s] -- Installing: /home/mta/yolobot/install/yolov8_msgs/lib/libyolov8_msgs__rosidl_generator_c.so
[2.195s] -- Set runtime path of "/home/mta/yolobot/install/yolov8_msgs/lib/libyolov8_msgs__rosidl_generator_c.so" to ""
[2.195s] -- Up-to-date: /home/mta/yolobot/install/yolov8_msgs/include/yolov8_msgs/yolov8_msgs
[2.195s] -- Up-to-date: /home/mta/yolobot/install/yolov8_msgs/include/yolov8_msgs/yolov8_msgs/msg
[2.196s] -- Up-to-date: /home/mta/yolobot/install/yolov8_msgs/include/yolov8_msgs/yolov8_msgs/msg/detail
[2.196s] -- Installing: /home/mta/yolobot/install/yolov8_msgs/include/yolov8_msgs/yolov8_msgs/msg/detail/inference_result__rosidl_typesupport_fastrtps_c.h
[2.196s] -- Installing: /home/mta/yolobot/install/yolov8_msgs/include/yolov8_msgs/yolov8_msgs/msg/detail/yolov8_inference__rosidl_typesupport_fastrtps_c.h
[2.196s] -- Installing: /home/mta/yolobot/install/yolov8_msgs/include/yolov8_msgs/yolov8_msgs/msg/rosidl_typesupport_fastrtps_c__visibility_control.h
[2.196s] -- Installing: /home/mta/yolobot/install/yolov8_msgs/lib/libyolov8_msgs__rosidl_typesupport_fastrtps_c.so
[2.196s] -- Set runtime path of "/home/mta/yolobot/install/yolov8_msgs/lib/libyolov8_msgs__rosidl_typesupport_fastrtps_c.so" to ""
[2.196s] -- Up-to-date: /home/mta/yolobot/install/yolov8_msgs/include/yolov8_msgs/yolov8_msgs
[2.196s] -- Up-to-date: /home/mta/yolobot/install/yolov8_msgs/include/yolov8_msgs/yolov8_msgs/msg
[2.197s] -- Up-to-date: /home/mta/yolobot/install/yolov8_msgs/include/yolov8_msgs/yolov8_msgs/msg/detail
[2.197s] -- Installing: /home/mta/yolobot/install/yolov8_msgs/include/yolov8_msgs/yolov8_msgs/msg/detail/yolov8_inference__struct.hpp
[2.197s] -- Installing: /home/mta/yolobot/install/yolov8_msgs/include/yolov8_msgs/yolov8_msgs/msg/detail/yolov8_inference__traits.hpp
[2.197s] -- Installing: /home/mta/yolobot/install/yolov8_msgs/include/yolov8_msgs/yolov8_msgs/msg/detail/inference_result__struct.hpp
[2.197s] -- Installing: /home/mta/yolobot/install/yolov8_msgs/include/yolov8_msgs/yolov8_msgs/msg/detail/inference_result__traits.hpp
[2.197s] -- Installing: /home/mta/yolobot/install/yolov8_msgs/include/yolov8_msgs/yolov8_msgs/msg/detail/inference_result__builder.hpp
[2.197s] -- Installing: /home/mta/yolobot/install/yolov8_msgs/include/yolov8_msgs/yolov8_msgs/msg/detail/yolov8_inference__builder.hpp
[2.197s] -- Installing: /home/mta/yolobot/install/yolov8_msgs/include/yolov8_msgs/yolov8_msgs/msg/inference_result.hpp
[2.197s] -- Installing: /home/mta/yolobot/install/yolov8_msgs/include/yolov8_msgs/yolov8_msgs/msg/yolov8_inference.hpp
[2.198s] -- Up-to-date: /home/mta/yolobot/install/yolov8_msgs/include/yolov8_msgs/yolov8_msgs
[2.198s] -- Up-to-date: /home/mta/yolobot/install/yolov8_msgs/include/yolov8_msgs/yolov8_msgs/msg
[2.198s] -- Installing: /home/mta/yolobot/install/yolov8_msgs/include/yolov8_msgs/yolov8_msgs/msg/rosidl_typesupport_fastrtps_cpp__visibility_control.h
[2.198s] -- Up-to-date: /home/mta/yolobot/install/yolov8_msgs/include/yolov8_msgs/yolov8_msgs/msg/detail
[2.198s] -- Installing: /home/mta/yolobot/install/yolov8_msgs/include/yolov8_msgs/yolov8_msgs/msg/detail/inference_result__rosidl_typesupport_fastrtps_cpp.hpp
[2.198s] -- Installing: /home/mta/yolobot/install/yolov8_msgs/include/yolov8_msgs/yolov8_msgs/msg/detail/yolov8_inference__rosidl_typesupport_fastrtps_cpp.hpp
[2.198s] -- Installing: /home/mta/yolobot/install/yolov8_msgs/include/yolov8_msgs/yolov8_msgs/msg/detail/dds_fastrtps
[2.198s] -- Installing: /home/mta/yolobot/install/yolov8_msgs/lib/libyolov8_msgs__rosidl_typesupport_fastrtps_cpp.so
[2.198s] -- Set runtime path of "/home/mta/yolobot/install/yolov8_msgs/lib/libyolov8_msgs__rosidl_typesupport_fastrtps_cpp.so" to ""
[2.199s] -- Up-to-date: /home/mta/yolobot/install/yolov8_msgs/include/yolov8_msgs/yolov8_msgs
[2.199s] -- Up-to-date: /home/mta/yolobot/install/yolov8_msgs/include/yolov8_msgs/yolov8_msgs/msg
[2.199s] -- Up-to-date: /home/mta/yolobot/install/yolov8_msgs/include/yolov8_msgs/yolov8_msgs/msg/detail
[2.199s] -- Installing: /home/mta/yolobot/install/yolov8_msgs/include/yolov8_msgs/yolov8_msgs/msg/detail/inference_result__rosidl_typesupport_introspection_c.h
[2.199s] -- Installing: /home/mta/yolobot/install/yolov8_msgs/include/yolov8_msgs/yolov8_msgs/msg/detail/inference_result__type_support.c
[2.199s] -- Installing: /home/mta/yolobot/install/yolov8_msgs/include/yolov8_msgs/yolov8_msgs/msg/detail/yolov8_inference__type_support.c
[2.199s] -- Installing: /home/mta/yolobot/install/yolov8_msgs/include/yolov8_msgs/yolov8_msgs/msg/detail/yolov8_inference__rosidl_typesupport_introspection_c.h
[2.199s] -- Installing: /home/mta/yolobot/install/yolov8_msgs/include/yolov8_msgs/yolov8_msgs/msg/rosidl_typesupport_introspection_c__visibility_control.h
[2.199s] -- Installing: /home/mta/yolobot/install/yolov8_msgs/lib/libyolov8_msgs__rosidl_typesupport_introspection_c.so
[2.199s] -- Set runtime path of "/home/mta/yolobot/install/yolov8_msgs/lib/libyolov8_msgs__rosidl_typesupport_introspection_c.so" to ""
[2.199s] -- Installing: /home/mta/yolobot/install/yolov8_msgs/lib/libyolov8_msgs__rosidl_typesupport_c.so
[2.199s] -- Set runtime path of "/home/mta/yolobot/install/yolov8_msgs/lib/libyolov8_msgs__rosidl_typesupport_c.so" to ""
[2.199s] -- Up-to-date: /home/mta/yolobot/install/yolov8_msgs/include/yolov8_msgs/yolov8_msgs
[2.199s] -- Up-to-date: /home/mta/yolobot/install/yolov8_msgs/include/yolov8_msgs/yolov8_msgs/msg
[2.199s] -- Up-to-date: /home/mta/yolobot/install/yolov8_msgs/include/yolov8_msgs/yolov8_msgs/msg/detail
[2.199s] -- Installing: /home/mta/yolobot/install/yolov8_msgs/include/yolov8_msgs/yolov8_msgs/msg/detail/inference_result__type_support.cpp
[2.199s] -- Installing: /home/mta/yolobot/install/yolov8_msgs/include/yolov8_msgs/yolov8_msgs/msg/detail/yolov8_inference__rosidl_typesupport_introspection_cpp.hpp
[2.200s] -- Installing: /home/mta/yolobot/install/yolov8_msgs/include/yolov8_msgs/yolov8_msgs/msg/detail/yolov8_inference__type_support.cpp
[2.200s] -- Installing: /home/mta/yolobot/install/yolov8_msgs/include/yolov8_msgs/yolov8_msgs/msg/detail/inference_result__rosidl_typesupport_introspection_cpp.hpp
[2.200s] -- Installing: /home/mta/yolobot/install/yolov8_msgs/lib/libyolov8_msgs__rosidl_typesupport_introspection_cpp.so
[2.200s] -- Set runtime path of "/home/mta/yolobot/install/yolov8_msgs/lib/libyolov8_msgs__rosidl_typesupport_introspection_cpp.so" to ""
[2.200s] -- Installing: /home/mta/yolobot/install/yolov8_msgs/lib/libyolov8_msgs__rosidl_typesupport_cpp.so
[2.200s] -- Set runtime path of "/home/mta/yolobot/install/yolov8_msgs/lib/libyolov8_msgs__rosidl_typesupport_cpp.so" to ""
[2.200s] -- Installing: /home/mta/yolobot/install/yolov8_msgs/share/yolov8_msgs/environment/pythonpath.sh
[2.200s] -- Installing: /home/mta/yolobot/install/yolov8_msgs/share/yolov8_msgs/environment/pythonpath.dsv
[2.200s] -- Installing: /home/mta/yolobot/install/yolov8_msgs/local/lib/python3.10/dist-packages/yolov8_msgs-0.0.0-py3.10.egg-info
[2.200s] -- Installing: /home/mta/yolobot/install/yolov8_msgs/local/lib/python3.10/dist-packages/yolov8_msgs-0.0.0-py3.10.egg-info/PKG-INFO
[2.200s] -- Installing: /home/mta/yolobot/install/yolov8_msgs/local/lib/python3.10/dist-packages/yolov8_msgs-0.0.0-py3.10.egg-info/SOURCES.txt
[2.200s] -- Installing: /home/mta/yolobot/install/yolov8_msgs/local/lib/python3.10/dist-packages/yolov8_msgs-0.0.0-py3.10.egg-info/top_level.txt
[2.200s] -- Installing: /home/mta/yolobot/install/yolov8_msgs/local/lib/python3.10/dist-packages/yolov8_msgs-0.0.0-py3.10.egg-info/dependency_links.txt
[2.200s] -- Installing: /home/mta/yolobot/install/yolov8_msgs/local/lib/python3.10/dist-packages/yolov8_msgs
[2.200s] -- Installing: /home/mta/yolobot/install/yolov8_msgs/local/lib/python3.10/dist-packages/yolov8_msgs/msg
[2.200s] -- Installing: /home/mta/yolobot/install/yolov8_msgs/local/lib/python3.10/dist-packages/yolov8_msgs/msg/_inference_result_s.c
[2.200s] -- Installing: /home/mta/yolobot/install/yolov8_msgs/local/lib/python3.10/dist-packages/yolov8_msgs/msg/__init__.py
[2.200s] -- Installing: /home/mta/yolobot/install/yolov8_msgs/local/lib/python3.10/dist-packages/yolov8_msgs/msg/_inference_result.py
[2.200s] -- Installing: /home/mta/yolobot/install/yolov8_msgs/local/lib/python3.10/dist-packages/yolov8_msgs/msg/_yolov8_inference.py
[2.200s] -- Installing: /home/mta/yolobot/install/yolov8_msgs/local/lib/python3.10/dist-packages/yolov8_msgs/msg/_yolov8_inference_s.c
[2.200s] -- Installing: /home/mta/yolobot/install/yolov8_msgs/local/lib/python3.10/dist-packages/yolov8_msgs/yolov8_msgs_s__rosidl_typesupport_introspection_c.cpython-310-x86_64-linux-gnu.so
[2.200s] -- Installing: /home/mta/yolobot/install/yolov8_msgs/local/lib/python3.10/dist-packages/yolov8_msgs/__init__.py
[2.200s] -- Installing: /home/mta/yolobot/install/yolov8_msgs/local/lib/python3.10/dist-packages/yolov8_msgs/yolov8_msgs_s__rosidl_typesupport_fastrtps_c.cpython-310-x86_64-linux-gnu.so
[2.200s] -- Installing: /home/mta/yolobot/install/yolov8_msgs/local/lib/python3.10/dist-packages/yolov8_msgs/libyolov8_msgs__rosidl_generator_py.so
[2.200s] -- Installing: /home/mta/yolobot/install/yolov8_msgs/local/lib/python3.10/dist-packages/yolov8_msgs/_yolov8_msgs_s.ep.rosidl_typesupport_c.c
[2.200s] -- Installing: /home/mta/yolobot/install/yolov8_msgs/local/lib/python3.10/dist-packages/yolov8_msgs/yolov8_msgs_s__rosidl_typesupport_c.cpython-310-x86_64-linux-gnu.so
[2.200s] -- Installing: /home/mta/yolobot/install/yolov8_msgs/local/lib/python3.10/dist-packages/yolov8_msgs/_yolov8_msgs_s.ep.rosidl_typesupport_fastrtps_c.c
[2.200s] -- Installing: /home/mta/yolobot/install/yolov8_msgs/local/lib/python3.10/dist-packages/yolov8_msgs/_yolov8_msgs_s.ep.rosidl_typesupport_introspection_c.c
[2.224s] Listing '/home/mta/yolobot/install/yolov8_msgs/local/lib/python3.10/dist-packages/yolov8_msgs'...
[2.224s] Compiling '/home/mta/yolobot/install/yolov8_msgs/local/lib/python3.10/dist-packages/yolov8_msgs/__init__.py'...
[2.224s] Listing '/home/mta/yolobot/install/yolov8_msgs/local/lib/python3.10/dist-packages/yolov8_msgs/msg'...
[2.224s] Compiling '/home/mta/yolobot/install/yolov8_msgs/local/lib/python3.10/dist-packages/yolov8_msgs/msg/__init__.py'...
[2.224s] Compiling '/home/mta/yolobot/install/yolov8_msgs/local/lib/python3.10/dist-packages/yolov8_msgs/msg/_inference_result.py'...
[2.224s] Compiling '/home/mta/yolobot/install/yolov8_msgs/local/lib/python3.10/dist-packages/yolov8_msgs/msg/_yolov8_inference.py'...
[2.227s] -- Installing: /home/mta/yolobot/install/yolov8_msgs/local/lib/python3.10/dist-packages/yolov8_msgs/yolov8_msgs_s__rosidl_typesupport_fastrtps_c.cpython-310-x86_64-linux-gnu.so
[2.227s] -- Set runtime path of "/home/mta/yolobot/install/yolov8_msgs/local/lib/python3.10/dist-packages/yolov8_msgs/yolov8_msgs_s__rosidl_typesupport_fastrtps_c.cpython-310-x86_64-linux-gnu.so" to ""
[2.227s] -- Installing: /home/mta/yolobot/install/yolov8_msgs/local/lib/python3.10/dist-packages/yolov8_msgs/yolov8_msgs_s__rosidl_typesupport_introspection_c.cpython-310-x86_64-linux-gnu.so
[2.227s] -- Set runtime path of "/home/mta/yolobot/install/yolov8_msgs/local/lib/python3.10/dist-packages/yolov8_msgs/yolov8_msgs_s__rosidl_typesupport_introspection_c.cpython-310-x86_64-linux-gnu.so" to ""
[2.227s] -- Installing: /home/mta/yolobot/install/yolov8_msgs/local/lib/python3.10/dist-packages/yolov8_msgs/yolov8_msgs_s__rosidl_typesupport_c.cpython-310-x86_64-linux-gnu.so
[2.227s] -- Set runtime path of "/home/mta/yolobot/install/yolov8_msgs/local/lib/python3.10/dist-packages/yolov8_msgs/yolov8_msgs_s__rosidl_typesupport_c.cpython-310-x86_64-linux-gnu.so" to ""
[2.227s] -- Installing: /home/mta/yolobot/install/yolov8_msgs/lib/libyolov8_msgs__rosidl_generator_py.so
[2.227s] -- Set runtime path of "/home/mta/yolobot/install/yolov8_msgs/lib/libyolov8_msgs__rosidl_generator_py.so" to ""
[2.227s] -- Installing: /home/mta/yolobot/install/yolov8_msgs/share/yolov8_msgs/msg/InferenceResult.idl
[2.227s] -- Installing: /home/mta/yolobot/install/yolov8_msgs/share/yolov8_msgs/msg/Yolov8Inference.idl
[2.227s] -- Installing: /home/mta/yolobot/install/yolov8_msgs/share/yolov8_msgs/msg/InferenceResult.msg
[2.227s] -- Installing: /home/mta/yolobot/install/yolov8_msgs/share/yolov8_msgs/msg/Yolov8Inference.msg
[2.227s] -- Installing: /home/mta/yolobot/install/yolov8_msgs/share/ament_index/resource_index/package_run_dependencies/yolov8_msgs
[2.227s] -- Installing: /home/mta/yolobot/install/yolov8_msgs/share/ament_index/resource_index/parent_prefix_path/yolov8_msgs
[2.227s] -- Installing: /home/mta/yolobot/install/yolov8_msgs/share/yolov8_msgs/environment/ament_prefix_path.sh
[2.227s] -- Installing: /home/mta/yolobot/install/yolov8_msgs/share/yolov8_msgs/environment/ament_prefix_path.dsv
[2.228s] -- Installing: /home/mta/yolobot/install/yolov8_msgs/share/yolov8_msgs/environment/path.sh
[2.228s] -- Installing: /home/mta/yolobot/install/yolov8_msgs/share/yolov8_msgs/environment/path.dsv
[2.228s] -- Installing: /home/mta/yolobot/install/yolov8_msgs/share/yolov8_msgs/local_setup.bash
[2.228s] -- Installing: /home/mta/yolobot/install/yolov8_msgs/share/yolov8_msgs/local_setup.sh
[2.228s] -- Installing: /home/mta/yolobot/install/yolov8_msgs/share/yolov8_msgs/local_setup.zsh
[2.228s] -- Installing: /home/mta/yolobot/install/yolov8_msgs/share/yolov8_msgs/local_setup.dsv
[2.228s] -- Installing: /home/mta/yolobot/install/yolov8_msgs/share/yolov8_msgs/package.dsv
[2.228s] -- Installing: /home/mta/yolobot/install/yolov8_msgs/share/ament_index/resource_index/packages/yolov8_msgs
[2.228s] -- Installing: /home/mta/yolobot/install/yolov8_msgs/share/yolov8_msgs/cmake/export_yolov8_msgs__rosidl_generator_cExport.cmake
[2.228s] -- Installing: /home/mta/yolobot/install/yolov8_msgs/share/yolov8_msgs/cmake/export_yolov8_msgs__rosidl_generator_cExport-noconfig.cmake
[2.228s] -- Installing: /home/mta/yolobot/install/yolov8_msgs/share/yolov8_msgs/cmake/export_yolov8_msgs__rosidl_typesupport_fastrtps_cExport.cmake
[2.228s] -- Installing: /home/mta/yolobot/install/yolov8_msgs/share/yolov8_msgs/cmake/export_yolov8_msgs__rosidl_typesupport_fastrtps_cExport-noconfig.cmake
[2.228s] -- Installing: /home/mta/yolobot/install/yolov8_msgs/share/yolov8_msgs/cmake/export_yolov8_msgs__rosidl_generator_cppExport.cmake
[2.228s] -- Installing: /home/mta/yolobot/install/yolov8_msgs/share/yolov8_msgs/cmake/export_yolov8_msgs__rosidl_typesupport_fastrtps_cppExport.cmake
[2.228s] -- Installing: /home/mta/yolobot/install/yolov8_msgs/share/yolov8_msgs/cmake/export_yolov8_msgs__rosidl_typesupport_fastrtps_cppExport-noconfig.cmake
[2.228s] -- Installing: /home/mta/yolobot/install/yolov8_msgs/share/yolov8_msgs/cmake/yolov8_msgs__rosidl_typesupport_introspection_cExport.cmake
[2.228s] -- Installing: /home/mta/yolobot/install/yolov8_msgs/share/yolov8_msgs/cmake/yolov8_msgs__rosidl_typesupport_introspection_cExport-noconfig.cmake
[2.228s] -- Installing: /home/mta/yolobot/install/yolov8_msgs/share/yolov8_msgs/cmake/yolov8_msgs__rosidl_typesupport_cExport.cmake
[2.228s] -- Installing: /home/mta/yolobot/install/yolov8_msgs/share/yolov8_msgs/cmake/yolov8_msgs__rosidl_typesupport_cExport-noconfig.cmake
[2.228s] -- Installing: /home/mta/yolobot/install/yolov8_msgs/share/yolov8_msgs/cmake/yolov8_msgs__rosidl_typesupport_introspection_cppExport.cmake
[2.228s] -- Installing: /home/mta/yolobot/install/yolov8_msgs/share/yolov8_msgs/cmake/yolov8_msgs__rosidl_typesupport_introspection_cppExport-noconfig.cmake
[2.228s] -- Installing: /home/mta/yolobot/install/yolov8_msgs/share/yolov8_msgs/cmake/yolov8_msgs__rosidl_typesupport_cppExport.cmake
[2.228s] -- Installing: /home/mta/yolobot/install/yolov8_msgs/share/yolov8_msgs/cmake/yolov8_msgs__rosidl_typesupport_cppExport-noconfig.cmake
[2.229s] -- Installing: /home/mta/yolobot/install/yolov8_msgs/share/yolov8_msgs/cmake/export_yolov8_msgs__rosidl_generator_pyExport.cmake
[2.229s] -- Installing: /home/mta/yolobot/install/yolov8_msgs/share/yolov8_msgs/cmake/export_yolov8_msgs__rosidl_generator_pyExport-noconfig.cmake
[2.229s] -- Installing: /home/mta/yolobot/install/yolov8_msgs/share/yolov8_msgs/cmake/rosidl_cmake-extras.cmake
[2.229s] -- Installing: /home/mta/yolobot/install/yolov8_msgs/share/yolov8_msgs/cmake/ament_cmake_export_dependencies-extras.cmake
[2.229s] -- Installing: /home/mta/yolobot/install/yolov8_msgs/share/yolov8_msgs/cmake/ament_cmake_export_include_directories-extras.cmake
[2.229s] -- Installing: /home/mta/yolobot/install/yolov8_msgs/share/yolov8_msgs/cmake/ament_cmake_export_libraries-extras.cmake
[2.229s] -- Installing: /home/mta/yolobot/install/yolov8_msgs/share/yolov8_msgs/cmake/ament_cmake_export_targets-extras.cmake
[2.229s] -- Installing: /home/mta/yolobot/install/yolov8_msgs/share/yolov8_msgs/cmake/rosidl_cmake_export_typesupport_targets-extras.cmake
[2.229s] -- Installing: /home/mta/yolobot/install/yolov8_msgs/share/yolov8_msgs/cmake/rosidl_cmake_export_typesupport_libraries-extras.cmake
[2.229s] -- Installing: /home/mta/yolobot/install/yolov8_msgs/share/yolov8_msgs/cmake/yolov8_msgsConfig.cmake
[2.229s] -- Installing: /home/mta/yolobot/install/yolov8_msgs/share/yolov8_msgs/cmake/yolov8_msgsConfig-version.cmake
[2.229s] -- Installing: /home/mta/yolobot/install/yolov8_msgs/share/yolov8_msgs/package.xml
[2.231s] Invoked command in '/home/mta/yolobot/build/yolov8_msgs' returned '0': CMAKE_PREFIX_PATH=/opt/ros/humble /usr/bin/cmake --install /home/mta/yolobot/build/yolov8_msgs
