[0.017s] Invoking command in '/home/mta/project_helios/build/helios_control': CMAKE_PREFIX_PATH=/opt/ros/humble /usr/bin/cmake /home/mta/project_helios/src/helios_control -DCMAKE_INSTALL_PREFIX=/home/mta/project_helios/install/helios_control
[1.190s] -- The C compiler identification is GNU 11.4.0
[1.969s] -- The CXX compiler identification is GNU 11.4.0
[1.983s] -- Detecting C compiler ABI info
[2.031s] -- Detecting C compiler ABI info - done
[2.035s] -- Check for working C compiler: /usr/bin/cc - skipped
[2.036s] -- Detecting C compile features
[2.037s] -- Detecting C compile features - done
[2.041s] -- Detecting CXX compiler ABI info
[2.089s] -- Detecting CXX compiler ABI info - done
[2.093s] -- Check for working CXX compiler: /usr/bin/c++ - skipped
[2.093s] -- Detecting CXX compile features
[2.094s] -- Detecting CXX compile features - done
[2.099s] -- Found ament_cmake: 1.3.10 (/opt/ros/humble/share/ament_cmake/cmake)
[2.352s] -- Found Python3: /usr/bin/python3 (found version "3.10.12") found components: Interpreter 
[2.468s] -- Found ament_lint_auto: 0.12.11 (/opt/ros/humble/share/ament_lint_auto/cmake)
[2.544s] -- Added test 'copyright' to check source files copyright and LICENSE
[2.546s] -- Added test 'flake8' to check Python code syntax and style conventions
[2.547s] -- Added test 'lint_cmake' to check CMake code style
[2.547s] -- Added test 'pep257' to check Python code against some of the docstring style conventions in PEP 257
[2.548s] -- Added test 'xmllint' to check XML markup files
[2.550s] -- Configuring done
[2.551s] -- Generating done
[2.552s] -- Build files have been written to: /home/mta/project_helios/build/helios_control
