[0.008s] Invoking command in '/home/mta/project_helios/build/helios_gazebo': CMAKE_PREFIX_PATH=/opt/ros/humble /usr/bin/cmake /home/mta/project_helios/src/helios_gazebo -DCMAKE_INSTALL_PREFIX=/home/mta/project_helios/install/helios_gazebo
[0.040s] -- The C compiler identification is GNU 11.4.0
[0.071s] -- The CXX compiler identification is GNU 11.4.0
[0.075s] -- Detecting C compiler ABI info
[0.119s] -- Detecting C compiler ABI info - done
[0.123s] -- Check for working C compiler: /usr/bin/cc - skipped
[0.123s] -- Detecting C compile features
[0.123s] -- Detecting C compile features - done
[0.125s] -- Detecting CXX compiler ABI info
[0.172s] -- Detecting CXX compiler ABI info - done
[0.176s] -- Check for working CXX compiler: /usr/bin/c++ - skipped
[0.176s] -- Detecting CXX compile features
[0.176s] -- Detecting CXX compile features - done
[0.177s] -- Found ament_cmake: 1.3.10 (/opt/ros/humble/share/ament_cmake/cmake)
[0.404s] -- Found Python3: /usr/bin/python3 (found version "3.10.12") found components: Interpreter 
[0.454s] -- Found rclpy: 3.3.14 (/opt/ros/humble/share/rclpy/cmake)
[0.455s] -- Found ament_lint_auto: 0.12.11 (/opt/ros/humble/share/ament_lint_auto/cmake)
[0.499s] -- Added test 'copyright' to check source files copyright and LICENSE
[0.500s] -- Added test 'flake8' to check Python code syntax and style conventions
[0.500s] -- Added test 'lint_cmake' to check CMake code style
[0.500s] -- Added test 'pep257' to check Python code against some of the docstring style conventions in PEP 257
[0.500s] -- Added test 'xmllint' to check XML markup files
[0.500s] -- Configuring done
[0.502s] -- Generating done
[0.502s] -- Build files have been written to: /home/mta/project_helios/build/helios_gazebo
[0.505s] Invoked command in '/home/mta/project_helios/build/helios_gazebo' returned '0': CMAKE_PREFIX_PATH=/opt/ros/humble /usr/bin/cmake /home/mta/project_helios/src/helios_gazebo -DCMAKE_INSTALL_PREFIX=/home/mta/project_helios/install/helios_gazebo
[0.505s] Invoking command in '/home/mta/project_helios/build/helios_gazebo': CMAKE_PREFIX_PATH=/opt/ros/humble /usr/bin/cmake --build /home/mta/project_helios/build/helios_gazebo -- -j20 -l20
[0.526s] Invoked command in '/home/mta/project_helios/build/helios_gazebo' returned '0': CMAKE_PREFIX_PATH=/opt/ros/humble /usr/bin/cmake --build /home/mta/project_helios/build/helios_gazebo -- -j20 -l20
[0.542s] Invoking command in '/home/mta/project_helios/build/helios_gazebo': CMAKE_PREFIX_PATH=/opt/ros/humble /usr/bin/cmake --install /home/mta/project_helios/build/helios_gazebo
[0.547s] -- Install configuration: ""
[0.547s] -- Up-to-date: /home/mta/project_helios/install/helios_gazebo/share/helios_gazebo//launch
[0.547s] -- Up-to-date: /home/mta/project_helios/install/helios_gazebo/share/helios_gazebo//launch/helios_launch.py
[0.547s] -- Up-to-date: /home/mta/project_helios/install/helios_gazebo/share/helios_gazebo//launch/start_world_launch.py
[0.547s] -- Up-to-date: /home/mta/project_helios/install/helios_gazebo/share/helios_gazebo//worlds
[0.548s] -- Up-to-date: /home/mta/project_helios/install/helios_gazebo/share/helios_gazebo//worlds/yolo_test.world
[0.548s] -- Installing: /home/mta/project_helios/install/helios_gazebo/share/ament_index/resource_index/package_run_dependencies/helios_gazebo
[0.548s] -- Installing: /home/mta/project_helios/install/helios_gazebo/share/ament_index/resource_index/parent_prefix_path/helios_gazebo
[0.548s] -- Up-to-date: /home/mta/project_helios/install/helios_gazebo/share/helios_gazebo/environment/ament_prefix_path.sh
[0.548s] -- Installing: /home/mta/project_helios/install/helios_gazebo/share/helios_gazebo/environment/ament_prefix_path.dsv
[0.548s] -- Up-to-date: /home/mta/project_helios/install/helios_gazebo/share/helios_gazebo/environment/path.sh
[0.549s] -- Installing: /home/mta/project_helios/install/helios_gazebo/share/helios_gazebo/environment/path.dsv
[0.549s] -- Installing: /home/mta/project_helios/install/helios_gazebo/share/helios_gazebo/local_setup.bash
[0.549s] -- Installing: /home/mta/project_helios/install/helios_gazebo/share/helios_gazebo/local_setup.sh
[0.549s] -- Installing: /home/mta/project_helios/install/helios_gazebo/share/helios_gazebo/local_setup.zsh
[0.549s] -- Installing: /home/mta/project_helios/install/helios_gazebo/share/helios_gazebo/local_setup.dsv
[0.549s] -- Installing: /home/mta/project_helios/install/helios_gazebo/share/helios_gazebo/package.dsv
[0.549s] -- Installing: /home/mta/project_helios/install/helios_gazebo/share/ament_index/resource_index/packages/helios_gazebo
[0.550s] -- Installing: /home/mta/project_helios/install/helios_gazebo/share/helios_gazebo/cmake/helios_gazeboConfig.cmake
[0.550s] -- Installing: /home/mta/project_helios/install/helios_gazebo/share/helios_gazebo/cmake/helios_gazeboConfig-version.cmake
[0.550s] -- Up-to-date: /home/mta/project_helios/install/helios_gazebo/share/helios_gazebo/package.xml
[0.557s] Invoked command in '/home/mta/project_helios/build/helios_gazebo' returned '0': CMAKE_PREFIX_PATH=/opt/ros/humble /usr/bin/cmake --install /home/mta/project_helios/build/helios_gazebo
