[0.009s] Invoking command in '/home/mta/yolobot/build/yolobot_gazebo': CMAKE_PREFIX_PATH=/opt/ros/humble /usr/bin/cmake /home/mta/yolobot/src/yolobot_gazebo -DCMAKE_INSTALL_PREFIX=/home/mta/yolobot/install/yolobot_gazebo
[0.125s] -- The C compiler identification is GNU 11.4.0
[0.157s] -- The CXX compiler identification is GNU 11.4.0
[0.161s] -- Detecting C compiler ABI info
[0.196s] -- Detecting C compiler ABI info - done
[0.200s] -- Check for working C compiler: /usr/bin/cc - skipped
[0.200s] -- Detecting C compile features
[0.200s] -- Detecting C compile features - done
[0.202s] -- Detecting CXX compiler ABI info
[0.247s] -- Detecting CXX compiler ABI info - done
[0.251s] -- Check for working CXX compiler: /usr/bin/c++ - skipped
[0.251s] -- Detecting CXX compile features
[0.251s] -- Detecting CXX compile features - done
[0.252s] -- Found ament_cmake: 1.3.10 (/opt/ros/humble/share/ament_cmake/cmake)
[0.340s] -- Found Python3: /usr/bin/python3 (found version "3.10.12") found components: Interpreter 
[0.390s] -- Found rclpy: 3.3.14 (/opt/ros/humble/share/rclpy/cmake)
[0.391s] -- Found ament_lint_auto: 0.12.11 (/opt/ros/humble/share/ament_lint_auto/cmake)
[0.433s] -- Added test 'copyright' to check source files copyright and LICENSE
[0.434s] -- Added test 'flake8' to check Python code syntax and style conventions
[0.434s] -- Added test 'lint_cmake' to check CMake code style
[0.434s] -- Added test 'pep257' to check Python code against some of the docstring style conventions in PEP 257
[0.435s] -- Added test 'xmllint' to check XML markup files
[0.436s] -- Configuring done
[0.437s] -- Generating done
[0.437s] -- Build files have been written to: /home/mta/yolobot/build/yolobot_gazebo
[0.440s] Invoked command in '/home/mta/yolobot/build/yolobot_gazebo' returned '0': CMAKE_PREFIX_PATH=/opt/ros/humble /usr/bin/cmake /home/mta/yolobot/src/yolobot_gazebo -DCMAKE_INSTALL_PREFIX=/home/mta/yolobot/install/yolobot_gazebo
[0.440s] Invoking command in '/home/mta/yolobot/build/yolobot_gazebo': CMAKE_PREFIX_PATH=/opt/ros/humble /usr/bin/cmake --build /home/mta/yolobot/build/yolobot_gazebo -- -j20 -l20
[0.461s] Invoked command in '/home/mta/yolobot/build/yolobot_gazebo' returned '0': CMAKE_PREFIX_PATH=/opt/ros/humble /usr/bin/cmake --build /home/mta/yolobot/build/yolobot_gazebo -- -j20 -l20
[0.479s] Invoking command in '/home/mta/yolobot/build/yolobot_gazebo': CMAKE_PREFIX_PATH=/opt/ros/humble /usr/bin/cmake --install /home/mta/yolobot/build/yolobot_gazebo
[0.483s] -- Install configuration: ""
[0.483s] -- Installing: /home/mta/yolobot/install/yolobot_gazebo/share/yolobot_gazebo//launch
[0.483s] -- Installing: /home/mta/yolobot/install/yolobot_gazebo/share/yolobot_gazebo//launch/yolobot_launch.py
[0.483s] -- Installing: /home/mta/yolobot/install/yolobot_gazebo/share/yolobot_gazebo//launch/start_world_launch.py
[0.483s] -- Installing: /home/mta/yolobot/install/yolobot_gazebo/share/yolobot_gazebo//worlds
[0.483s] -- Installing: /home/mta/yolobot/install/yolobot_gazebo/share/yolobot_gazebo//worlds/yolo_test.world
[0.483s] -- Installing: /home/mta/yolobot/install/yolobot_gazebo/share/ament_index/resource_index/package_run_dependencies/yolobot_gazebo
[0.483s] -- Installing: /home/mta/yolobot/install/yolobot_gazebo/share/ament_index/resource_index/parent_prefix_path/yolobot_gazebo
[0.483s] -- Installing: /home/mta/yolobot/install/yolobot_gazebo/share/yolobot_gazebo/environment/ament_prefix_path.sh
[0.483s] -- Installing: /home/mta/yolobot/install/yolobot_gazebo/share/yolobot_gazebo/environment/ament_prefix_path.dsv
[0.483s] -- Installing: /home/mta/yolobot/install/yolobot_gazebo/share/yolobot_gazebo/environment/path.sh
[0.483s] -- Installing: /home/mta/yolobot/install/yolobot_gazebo/share/yolobot_gazebo/environment/path.dsv
[0.483s] -- Installing: /home/mta/yolobot/install/yolobot_gazebo/share/yolobot_gazebo/local_setup.bash
[0.483s] -- Installing: /home/mta/yolobot/install/yolobot_gazebo/share/yolobot_gazebo/local_setup.sh
[0.483s] -- Installing: /home/mta/yolobot/install/yolobot_gazebo/share/yolobot_gazebo/local_setup.zsh
[0.483s] -- Installing: /home/mta/yolobot/install/yolobot_gazebo/share/yolobot_gazebo/local_setup.dsv
[0.484s] -- Installing: /home/mta/yolobot/install/yolobot_gazebo/share/yolobot_gazebo/package.dsv
[0.484s] -- Installing: /home/mta/yolobot/install/yolobot_gazebo/share/ament_index/resource_index/packages/yolobot_gazebo
[0.484s] -- Installing: /home/mta/yolobot/install/yolobot_gazebo/share/yolobot_gazebo/cmake/yolobot_gazeboConfig.cmake
[0.484s] -- Installing: /home/mta/yolobot/install/yolobot_gazebo/share/yolobot_gazebo/cmake/yolobot_gazeboConfig-version.cmake
[0.484s] -- Installing: /home/mta/yolobot/install/yolobot_gazebo/share/yolobot_gazebo/package.xml
[0.486s] Invoked command in '/home/mta/yolobot/build/yolobot_gazebo' returned '0': CMAKE_PREFIX_PATH=/opt/ros/humble /usr/bin/cmake --install /home/mta/yolobot/build/yolobot_gazebo
