[0.013s] Invoking command in '/home/mta/project_helios/build/yolov8_msgs': CMAKE_PREFIX_PATH=/opt/ros/humble /usr/bin/cmake /home/mta/project_helios/src/yolov8_msgs -DCMAKE_INSTALL_PREFIX=/home/mta/project_helios/install/yolov8_msgs
[0.047s] -- The C compiler identification is GNU 11.4.0
[0.079s] -- The CXX compiler identification is GNU 11.4.0
[0.083s] -- Detecting C compiler ABI info
[0.127s] -- Detecting C compiler ABI info - done
[0.132s] -- Check for working C compiler: /usr/bin/cc - skipped
[0.132s] -- Detecting C compile features
[0.133s] -- Detecting C compile features - done
[0.135s] -- Detecting CXX compiler ABI info
[0.191s] -- Detecting CXX compiler ABI info - done
[0.196s] -- Check for working CXX compiler: /usr/bin/c++ - skipped
[0.196s] -- Detecting CXX compile features
[0.196s] -- Detecting CXX compile features - done
[0.197s] -- Found ament_cmake: 1.3.10 (/opt/ros/humble/share/ament_cmake/cmake)
[0.430s] -- Found Python3: /usr/bin/python3 (found version "3.10.12") found components: Interpreter 
[0.495s] -- Found std_msgs: 4.2.4 (/opt/ros/humble/share/std_msgs/cmake)
[0.555s] -- Found rosidl_generator_c: 3.1.5 (/opt/ros/humble/share/rosidl_generator_c/cmake)
[0.567s] -- Found rosidl_adapter: 3.1.5 (/opt/ros/humble/share/rosidl_adapter/cmake)
[0.588s] -- Found rosidl_generator_cpp: 3.1.5 (/opt/ros/humble/share/rosidl_generator_cpp/cmake)
[0.646s] -- Using all available rosidl_typesupport_c: rosidl_typesupport_fastrtps_c;rosidl_typesupport_introspection_c
[0.695s] -- Using all available rosidl_typesupport_cpp: rosidl_typesupport_fastrtps_cpp;rosidl_typesupport_introspection_cpp
[0.735s] -- Found rosidl_default_generators: 1.2.0 (/opt/ros/humble/share/rosidl_default_generators/cmake)
[0.923s] -- Found ament_cmake_ros: 0.10.0 (/opt/ros/humble/share/ament_cmake_ros/cmake)
[1.208s] -- Using all available rosidl_typesupport_c: rosidl_typesupport_fastrtps_c;rosidl_typesupport_introspection_c
[1.329s] -- Using all available rosidl_typesupport_cpp: rosidl_typesupport_fastrtps_cpp;rosidl_typesupport_introspection_cpp
[1.354s] -- Found PythonInterp: /usr/bin/python3 (found suitable version "3.10.12", minimum required is "3.6") 
[1.356s] -- Found python_cmake_module: 0.10.0 (/opt/ros/humble/share/python_cmake_module/cmake)
[1.384s] -- Found PythonLibs: /usr/lib/x86_64-linux-gnu/libpython3.10.so (found suitable version "3.10.12", minimum required is "3.5") 
[1.384s] -- Using PYTHON_EXECUTABLE: /usr/bin/python3
[1.384s] -- Using PYTHON_INCLUDE_DIRS: /usr/include/python3.10
[1.384s] -- Using PYTHON_LIBRARIES: /usr/lib/x86_64-linux-gnu/libpython3.10.so
[1.410s] -- Found PythonExtra: .so  
[1.459s] -- Found ament_lint_auto: 0.12.11 (/opt/ros/humble/share/ament_lint_auto/cmake)
[1.476s] -- Added test 'copyright' to check source files copyright and LICENSE
[1.477s] -- Added test 'lint_cmake' to check CMake code style
[1.477s] -- Added test 'xmllint' to check XML markup files
[1.478s] -- Configuring done
[1.500s] -- Generating done
[1.502s] -- Build files have been written to: /home/mta/project_helios/build/yolov8_msgs
[1.506s] Invoked command in '/home/mta/project_helios/build/yolov8_msgs' returned '0': CMAKE_PREFIX_PATH=/opt/ros/humble /usr/bin/cmake /home/mta/project_helios/src/yolov8_msgs -DCMAKE_INSTALL_PREFIX=/home/mta/project_helios/install/yolov8_msgs
[1.506s] Invoking command in '/home/mta/project_helios/build/yolov8_msgs': CMAKE_PREFIX_PATH=/opt/ros/humble /usr/bin/cmake --build /home/mta/project_helios/build/yolov8_msgs -- -j20 -l20
[1.534s] [  2%] [34m[1mGenerating C code for ROS interfaces[0m
[1.540s] [  5%] [34m[1mGenerating C++ code for ROS interfaces[0m
[1.547s] [  5%] Built target ament_cmake_python_copy_yolov8_msgs
[1.660s] running egg_info
[1.661s] creating yolov8_msgs.egg-info
[1.667s] writing yolov8_msgs.egg-info/PKG-INFO
[1.667s] writing dependency_links to yolov8_msgs.egg-info/dependency_links.txt
[1.668s] writing top-level names to yolov8_msgs.egg-info/top_level.txt
[1.668s] writing manifest file 'yolov8_msgs.egg-info/SOURCES.txt'
[1.688s] reading manifest file 'yolov8_msgs.egg-info/SOURCES.txt'
[1.696s] Traceback (most recent call last):
[1.697s]   File "/home/mta/project_helios/build/yolov8_msgs/ament_cmake_python/yolov8_msgs/setup.py", line 4, in <module>
[1.697s]     setup(
[1.697s]   File "/home/mta/.local/lib/python3.10/site-packages/setuptools/__init__.py", line 117, in setup
[1.697s]     return distutils.core.setup(**attrs)
[1.697s]   File "/home/mta/.local/lib/python3.10/site-packages/setuptools/_distutils/core.py", line 184, in setup
[1.697s]     return run_commands(dist)
[1.697s]   File "/home/mta/.local/lib/python3.10/site-packages/setuptools/_distutils/core.py", line 200, in run_commands
[1.697s]     dist.run_commands()
[1.697s]   File "/home/mta/.local/lib/python3.10/site-packages/setuptools/_distutils/dist.py", line 954, in run_commands
[1.697s]     self.run_command(cmd)
[1.697s]   File "/home/mta/.local/lib/python3.10/site-packages/setuptools/dist.py", line 950, in run_command
[1.697s]     super().run_command(command)
[1.697s]   File "/home/mta/.local/lib/python3.10/site-packages/setuptools/_distutils/dist.py", line 973, in run_command
[1.697s]     cmd_obj.run()
[1.697s]   File "/home/mta/.local/lib/python3.10/site-packages/setuptools/command/egg_info.py", line 311, in run
[1.697s]     self.find_sources()
[1.697s]   File "/home/mta/.local/lib/python3.10/site-packages/setuptools/command/egg_info.py", line 319, in find_sources
[1.697s]     mm.run()
[1.697s]   File "/home/mta/.local/lib/python3.10/site-packages/setuptools/command/egg_info.py", line 545, in run
[1.697s]     self.prune_file_list()
[1.697s]   File "/home/mta/.local/lib/python3.10/site-packages/setuptools/command/sdist.py", line 161, in prune_file_list
[1.698s]     super().prune_file_list()
[1.698s]   File "/home/mta/.local/lib/python3.10/site-packages/setuptools/_distutils/command/sdist.py", line 392, in prune_file_list
[1.698s]     base_dir = self.distribution.get_fullname()
[1.698s]   File "/home/mta/.local/lib/python3.10/site-packages/setuptools/_core_metadata.py", line 267, in get_fullname
[1.698s]     return _distribution_fullname(self.get_name(), self.get_version())
[1.698s]   File "/home/mta/.local/lib/python3.10/site-packages/setuptools/_core_metadata.py", line 285, in _distribution_fullname
[1.698s]     canonicalize_version(version, strip_trailing_zero=False),
[1.698s] TypeError: canonicalize_version() got an unexpected keyword argument 'strip_trailing_zero'
[1.715s] [  5%] Built target yolov8_msgs__cpp
[1.716s] gmake[2]: *** [CMakeFiles/ament_cmake_python_build_yolov8_msgs_egg.dir/build.make:70: CMakeFiles/ament_cmake_python_build_yolov8_msgs_egg] Error 1
[1.716s] gmake[1]: *** [CMakeFiles/Makefile2:447: CMakeFiles/ament_cmake_python_build_yolov8_msgs_egg.dir/all] Error 2
[1.716s] gmake[1]: *** Waiting for unfinished jobs....
[1.720s] [  7%] [34m[1mGenerating C++ introspection for ROS interfaces[0m
[1.722s] [ 10%] [34m[1mGenerating C++ type support dispatch for ROS interfaces[0m
[1.722s] [ 12%] [34m[1mGenerating C++ type support for eProsima Fast-RTPS[0m
[1.724s] [ 15%] [32mBuilding C object CMakeFiles/yolov8_msgs__rosidl_generator_c.dir/rosidl_generator_c/yolov8_msgs/msg/detail/yolov8_inference__functions.c.o[0m
[1.725s] [ 17%] [32mBuilding C object CMakeFiles/yolov8_msgs__rosidl_generator_c.dir/rosidl_generator_c/yolov8_msgs/msg/detail/inference_result__functions.c.o[0m
[1.796s] [ 20%] [32m[1mLinking C shared library libyolov8_msgs__rosidl_generator_c.so[0m
[1.829s] [ 20%] Built target yolov8_msgs__rosidl_generator_c
[1.858s] [ 23%] [32mBuilding CXX object CMakeFiles/yolov8_msgs__rosidl_typesupport_cpp.dir/rosidl_typesupport_cpp/yolov8_msgs/msg/yolov8_inference__type_support.cpp.o[0m
[1.860s] [ 25%] [32mBuilding CXX object CMakeFiles/yolov8_msgs__rosidl_typesupport_cpp.dir/rosidl_typesupport_cpp/yolov8_msgs/msg/inference_result__type_support.cpp.o[0m
[1.865s] [ 28%] [32mBuilding CXX object CMakeFiles/yolov8_msgs__rosidl_typesupport_introspection_cpp.dir/rosidl_typesupport_introspection_cpp/yolov8_msgs/msg/detail/inference_result__type_support.cpp.o[0m
[1.865s] [ 30%] [32mBuilding CXX object CMakeFiles/yolov8_msgs__rosidl_typesupport_introspection_cpp.dir/rosidl_typesupport_introspection_cpp/yolov8_msgs/msg/detail/yolov8_inference__type_support.cpp.o[0m
[1.872s] [ 35%] [32mBuilding CXX object CMakeFiles/yolov8_msgs__rosidl_typesupport_fastrtps_cpp.dir/rosidl_typesupport_fastrtps_cpp/yolov8_msgs/msg/detail/dds_fastrtps/inference_result__type_support.cpp.o[0m
[1.872s] [ 35%] [32mBuilding CXX object CMakeFiles/yolov8_msgs__rosidl_typesupport_fastrtps_cpp.dir/rosidl_typesupport_fastrtps_cpp/yolov8_msgs/msg/detail/dds_fastrtps/yolov8_inference__type_support.cpp.o[0m
[2.161s] [ 38%] [32m[1mLinking CXX shared library libyolov8_msgs__rosidl_typesupport_cpp.so[0m
[2.193s] [ 38%] Built target yolov8_msgs__rosidl_typesupport_cpp
[2.217s] [ 41%] [32m[1mLinking CXX shared library libyolov8_msgs__rosidl_typesupport_introspection_cpp.so[0m
[2.240s] [ 43%] [32m[1mLinking CXX shared library libyolov8_msgs__rosidl_typesupport_fastrtps_cpp.so[0m
[2.267s] [ 43%] Built target yolov8_msgs__rosidl_typesupport_introspection_cpp
[2.306s] [ 43%] Built target yolov8_msgs__rosidl_typesupport_fastrtps_cpp
[2.307s] gmake: *** [Makefile:146: all] Error 2
[2.308s] Invoked command in '/home/mta/project_helios/build/yolov8_msgs' returned '2': CMAKE_PREFIX_PATH=/opt/ros/humble /usr/bin/cmake --build /home/mta/project_helios/build/yolov8_msgs -- -j20 -l20
