[0.015s] Invoking command in '/home/mta/project_helios/build/yolov8_msgs': CMAKE_PREFIX_PATH=${CMAKE_PREFIX_PATH}:/opt/ros/humble /usr/bin/cmake --build /home/mta/project_helios/build/yolov8_msgs -- -j20 -l20
[0.046s] [  2%] Built target yolov8_msgs__cpp
[0.047s] [ 12%] Built target yolov8_msgs__rosidl_generator_c
[0.057s] [ 12%] Built target ament_cmake_python_copy_yolov8_msgs
[0.069s] [35m[1mConsolidate compiler generated dependencies of target yolov8_msgs__rosidl_typesupport_c[0m
[0.069s] [35m[1mConsolidate compiler generated dependencies of target yolov8_msgs__rosidl_typesupport_fastrtps_c[0m
[0.073s] [35m[1mConsolidate compiler generated dependencies of target yolov8_msgs__rosidl_typesupport_introspection_c[0m
[0.074s] [ 23%] Built target yolov8_msgs__rosidl_typesupport_cpp
[0.075s] [ 33%] Built target yolov8_msgs__rosidl_typesupport_introspection_cpp
[0.076s] [ 43%] Built target yolov8_msgs__rosidl_typesupport_fastrtps_cpp
[0.079s] [ 53%] Built target yolov8_msgs__rosidl_typesupport_c
[0.081s] [ 64%] Built target yolov8_msgs__rosidl_typesupport_fastrtps_c
[0.081s] [ 74%] Built target yolov8_msgs__rosidl_typesupport_introspection_c
[0.090s] [ 74%] Built target yolov8_msgs
[0.102s] [ 76%] Built target yolov8_msgs__py
[0.108s] [35m[1mConsolidate compiler generated dependencies of target yolov8_msgs__rosidl_generator_py[0m
[0.116s] [ 84%] Built target yolov8_msgs__rosidl_generator_py
[0.122s] [35m[1mConsolidate compiler generated dependencies of target yolov8_msgs__rosidl_typesupport_c__pyext[0m
[0.124s] [35m[1mConsolidate compiler generated dependencies of target yolov8_msgs__rosidl_typesupport_fastrtps_c__pyext[0m
[0.124s] [35m[1mConsolidate compiler generated dependencies of target yolov8_msgs__rosidl_typesupport_introspection_c__pyext[0m
[0.130s] [ 89%] Built target yolov8_msgs__rosidl_typesupport_c__pyext
[0.130s] [ 94%] Built target yolov8_msgs__rosidl_typesupport_introspection_c__pyext
[0.131s] [100%] Built target yolov8_msgs__rosidl_typesupport_fastrtps_c__pyext
[0.244s] running egg_info
[0.250s] writing yolov8_msgs.egg-info/PKG-INFO
[0.250s] writing dependency_links to yolov8_msgs.egg-info/dependency_links.txt
[0.250s] writing top-level names to yolov8_msgs.egg-info/top_level.txt
[0.270s] reading manifest file 'yolov8_msgs.egg-info/SOURCES.txt'
[0.270s] writing manifest file 'yolov8_msgs.egg-info/SOURCES.txt'
[0.295s] [100%] Built target ament_cmake_python_build_yolov8_msgs_egg
[0.303s] Invoked command in '/home/mta/project_helios/build/yolov8_msgs' returned '0': CMAKE_PREFIX_PATH=${CMAKE_PREFIX_PATH}:/opt/ros/humble /usr/bin/cmake --build /home/mta/project_helios/build/yolov8_msgs -- -j20 -l20
[0.393s] Invoking command in '/home/mta/project_helios/build/yolov8_msgs': CMAKE_PREFIX_PATH=${CMAKE_PREFIX_PATH}:/opt/ros/humble /usr/bin/cmake --install /home/mta/project_helios/build/yolov8_msgs
[0.399s] -- Install configuration: ""
[0.399s] -- Up-to-date: /home/mta/project_helios/install/yolov8_msgs/share/ament_index/resource_index/rosidl_interfaces/yolov8_msgs
[0.399s] -- Up-to-date: /home/mta/project_helios/install/yolov8_msgs/include/yolov8_msgs/yolov8_msgs
[0.399s] -- Up-to-date: /home/mta/project_helios/install/yolov8_msgs/include/yolov8_msgs/yolov8_msgs/msg
[0.399s] -- Up-to-date: /home/mta/project_helios/install/yolov8_msgs/include/yolov8_msgs/yolov8_msgs/msg/yolov8_inference.h
[0.399s] -- Up-to-date: /home/mta/project_helios/install/yolov8_msgs/include/yolov8_msgs/yolov8_msgs/msg/detail
[0.399s] -- Up-to-date: /home/mta/project_helios/install/yolov8_msgs/include/yolov8_msgs/yolov8_msgs/msg/detail/yolov8_inference__struct.h
[0.399s] -- Up-to-date: /home/mta/project_helios/install/yolov8_msgs/include/yolov8_msgs/yolov8_msgs/msg/detail/inference_result__type_support.h
[0.399s] -- Up-to-date: /home/mta/project_helios/install/yolov8_msgs/include/yolov8_msgs/yolov8_msgs/msg/detail/yolov8_inference__type_support.h
[0.399s] -- Up-to-date: /home/mta/project_helios/install/yolov8_msgs/include/yolov8_msgs/yolov8_msgs/msg/detail/inference_result__struct.h
[0.399s] -- Up-to-date: /home/mta/project_helios/install/yolov8_msgs/include/yolov8_msgs/yolov8_msgs/msg/detail/yolov8_inference__functions.c
[0.399s] -- Up-to-date: /home/mta/project_helios/install/yolov8_msgs/include/yolov8_msgs/yolov8_msgs/msg/detail/inference_result__functions.c
[0.399s] -- Up-to-date: /home/mta/project_helios/install/yolov8_msgs/include/yolov8_msgs/yolov8_msgs/msg/detail/yolov8_inference__functions.h
[0.399s] -- Up-to-date: /home/mta/project_helios/install/yolov8_msgs/include/yolov8_msgs/yolov8_msgs/msg/detail/inference_result__functions.h
[0.399s] -- Up-to-date: /home/mta/project_helios/install/yolov8_msgs/include/yolov8_msgs/yolov8_msgs/msg/inference_result.h
[0.399s] -- Up-to-date: /home/mta/project_helios/install/yolov8_msgs/include/yolov8_msgs/yolov8_msgs/msg/rosidl_generator_c__visibility_control.h
[0.399s] -- Up-to-date: /home/mta/project_helios/install/yolov8_msgs/share/yolov8_msgs/environment/library_path.sh
[0.399s] -- Up-to-date: /home/mta/project_helios/install/yolov8_msgs/share/yolov8_msgs/environment/library_path.dsv
[0.399s] -- Up-to-date: /home/mta/project_helios/install/yolov8_msgs/lib/libyolov8_msgs__rosidl_generator_c.so
[0.400s] -- Up-to-date: /home/mta/project_helios/install/yolov8_msgs/include/yolov8_msgs/yolov8_msgs
[0.400s] -- Up-to-date: /home/mta/project_helios/install/yolov8_msgs/include/yolov8_msgs/yolov8_msgs/msg
[0.400s] -- Up-to-date: /home/mta/project_helios/install/yolov8_msgs/include/yolov8_msgs/yolov8_msgs/msg/detail
[0.400s] -- Up-to-date: /home/mta/project_helios/install/yolov8_msgs/include/yolov8_msgs/yolov8_msgs/msg/detail/inference_result__rosidl_typesupport_fastrtps_c.h
[0.400s] -- Up-to-date: /home/mta/project_helios/install/yolov8_msgs/include/yolov8_msgs/yolov8_msgs/msg/detail/yolov8_inference__rosidl_typesupport_fastrtps_c.h
[0.400s] -- Up-to-date: /home/mta/project_helios/install/yolov8_msgs/include/yolov8_msgs/yolov8_msgs/msg/rosidl_typesupport_fastrtps_c__visibility_control.h
[0.400s] -- Up-to-date: /home/mta/project_helios/install/yolov8_msgs/lib/libyolov8_msgs__rosidl_typesupport_fastrtps_c.so
[0.400s] -- Up-to-date: /home/mta/project_helios/install/yolov8_msgs/include/yolov8_msgs/yolov8_msgs
[0.400s] -- Up-to-date: /home/mta/project_helios/install/yolov8_msgs/include/yolov8_msgs/yolov8_msgs/msg
[0.400s] -- Up-to-date: /home/mta/project_helios/install/yolov8_msgs/include/yolov8_msgs/yolov8_msgs/msg/detail
[0.400s] -- Up-to-date: /home/mta/project_helios/install/yolov8_msgs/include/yolov8_msgs/yolov8_msgs/msg/detail/yolov8_inference__struct.hpp
[0.400s] -- Up-to-date: /home/mta/project_helios/install/yolov8_msgs/include/yolov8_msgs/yolov8_msgs/msg/detail/yolov8_inference__traits.hpp
[0.400s] -- Up-to-date: /home/mta/project_helios/install/yolov8_msgs/include/yolov8_msgs/yolov8_msgs/msg/detail/inference_result__struct.hpp
[0.400s] -- Up-to-date: /home/mta/project_helios/install/yolov8_msgs/include/yolov8_msgs/yolov8_msgs/msg/detail/inference_result__traits.hpp
[0.400s] -- Up-to-date: /home/mta/project_helios/install/yolov8_msgs/include/yolov8_msgs/yolov8_msgs/msg/detail/inference_result__builder.hpp
[0.400s] -- Up-to-date: /home/mta/project_helios/install/yolov8_msgs/include/yolov8_msgs/yolov8_msgs/msg/detail/yolov8_inference__builder.hpp
[0.400s] -- Up-to-date: /home/mta/project_helios/install/yolov8_msgs/include/yolov8_msgs/yolov8_msgs/msg/inference_result.hpp
[0.400s] -- Up-to-date: /home/mta/project_helios/install/yolov8_msgs/include/yolov8_msgs/yolov8_msgs/msg/yolov8_inference.hpp
[0.400s] -- Up-to-date: /home/mta/project_helios/install/yolov8_msgs/include/yolov8_msgs/yolov8_msgs
[0.400s] -- Up-to-date: /home/mta/project_helios/install/yolov8_msgs/include/yolov8_msgs/yolov8_msgs/msg
[0.400s] -- Up-to-date: /home/mta/project_helios/install/yolov8_msgs/include/yolov8_msgs/yolov8_msgs/msg/rosidl_typesupport_fastrtps_cpp__visibility_control.h
[0.400s] -- Up-to-date: /home/mta/project_helios/install/yolov8_msgs/include/yolov8_msgs/yolov8_msgs/msg/detail
[0.400s] -- Up-to-date: /home/mta/project_helios/install/yolov8_msgs/include/yolov8_msgs/yolov8_msgs/msg/detail/inference_result__rosidl_typesupport_fastrtps_cpp.hpp
[0.400s] -- Up-to-date: /home/mta/project_helios/install/yolov8_msgs/include/yolov8_msgs/yolov8_msgs/msg/detail/yolov8_inference__rosidl_typesupport_fastrtps_cpp.hpp
[0.400s] -- Up-to-date: /home/mta/project_helios/install/yolov8_msgs/include/yolov8_msgs/yolov8_msgs/msg/detail/dds_fastrtps
[0.401s] -- Up-to-date: /home/mta/project_helios/install/yolov8_msgs/lib/libyolov8_msgs__rosidl_typesupport_fastrtps_cpp.so
[0.401s] -- Up-to-date: /home/mta/project_helios/install/yolov8_msgs/include/yolov8_msgs/yolov8_msgs
[0.401s] -- Up-to-date: /home/mta/project_helios/install/yolov8_msgs/include/yolov8_msgs/yolov8_msgs/msg
[0.401s] -- Up-to-date: /home/mta/project_helios/install/yolov8_msgs/include/yolov8_msgs/yolov8_msgs/msg/detail
[0.401s] -- Up-to-date: /home/mta/project_helios/install/yolov8_msgs/include/yolov8_msgs/yolov8_msgs/msg/detail/inference_result__rosidl_typesupport_introspection_c.h
[0.401s] -- Up-to-date: /home/mta/project_helios/install/yolov8_msgs/include/yolov8_msgs/yolov8_msgs/msg/detail/inference_result__type_support.c
[0.401s] -- Up-to-date: /home/mta/project_helios/install/yolov8_msgs/include/yolov8_msgs/yolov8_msgs/msg/detail/yolov8_inference__type_support.c
[0.401s] -- Up-to-date: /home/mta/project_helios/install/yolov8_msgs/include/yolov8_msgs/yolov8_msgs/msg/detail/yolov8_inference__rosidl_typesupport_introspection_c.h
[0.401s] -- Up-to-date: /home/mta/project_helios/install/yolov8_msgs/include/yolov8_msgs/yolov8_msgs/msg/rosidl_typesupport_introspection_c__visibility_control.h
[0.401s] -- Up-to-date: /home/mta/project_helios/install/yolov8_msgs/lib/libyolov8_msgs__rosidl_typesupport_introspection_c.so
[0.401s] -- Up-to-date: /home/mta/project_helios/install/yolov8_msgs/lib/libyolov8_msgs__rosidl_typesupport_c.so
[0.401s] -- Up-to-date: /home/mta/project_helios/install/yolov8_msgs/include/yolov8_msgs/yolov8_msgs
[0.401s] -- Up-to-date: /home/mta/project_helios/install/yolov8_msgs/include/yolov8_msgs/yolov8_msgs/msg
[0.401s] -- Up-to-date: /home/mta/project_helios/install/yolov8_msgs/include/yolov8_msgs/yolov8_msgs/msg/detail
[0.401s] -- Up-to-date: /home/mta/project_helios/install/yolov8_msgs/include/yolov8_msgs/yolov8_msgs/msg/detail/inference_result__type_support.cpp
[0.401s] -- Up-to-date: /home/mta/project_helios/install/yolov8_msgs/include/yolov8_msgs/yolov8_msgs/msg/detail/yolov8_inference__rosidl_typesupport_introspection_cpp.hpp
[0.401s] -- Up-to-date: /home/mta/project_helios/install/yolov8_msgs/include/yolov8_msgs/yolov8_msgs/msg/detail/yolov8_inference__type_support.cpp
[0.401s] -- Up-to-date: /home/mta/project_helios/install/yolov8_msgs/include/yolov8_msgs/yolov8_msgs/msg/detail/inference_result__rosidl_typesupport_introspection_cpp.hpp
[0.401s] -- Up-to-date: /home/mta/project_helios/install/yolov8_msgs/lib/libyolov8_msgs__rosidl_typesupport_introspection_cpp.so
[0.401s] -- Up-to-date: /home/mta/project_helios/install/yolov8_msgs/lib/libyolov8_msgs__rosidl_typesupport_cpp.so
[0.402s] -- Up-to-date: /home/mta/project_helios/install/yolov8_msgs/share/yolov8_msgs/environment/pythonpath.sh
[0.402s] -- Up-to-date: /home/mta/project_helios/install/yolov8_msgs/share/yolov8_msgs/environment/pythonpath.dsv
[0.402s] -- Up-to-date: /home/mta/project_helios/install/yolov8_msgs/local/lib/python3.10/dist-packages/yolov8_msgs-0.0.0-py3.10.egg-info
[0.402s] -- Installing: /home/mta/project_helios/install/yolov8_msgs/local/lib/python3.10/dist-packages/yolov8_msgs-0.0.0-py3.10.egg-info/PKG-INFO
[0.402s] -- Installing: /home/mta/project_helios/install/yolov8_msgs/local/lib/python3.10/dist-packages/yolov8_msgs-0.0.0-py3.10.egg-info/SOURCES.txt
[0.402s] -- Installing: /home/mta/project_helios/install/yolov8_msgs/local/lib/python3.10/dist-packages/yolov8_msgs-0.0.0-py3.10.egg-info/top_level.txt
[0.402s] -- Installing: /home/mta/project_helios/install/yolov8_msgs/local/lib/python3.10/dist-packages/yolov8_msgs-0.0.0-py3.10.egg-info/dependency_links.txt
[0.402s] -- Up-to-date: /home/mta/project_helios/install/yolov8_msgs/local/lib/python3.10/dist-packages/yolov8_msgs
[0.402s] -- Up-to-date: /home/mta/project_helios/install/yolov8_msgs/local/lib/python3.10/dist-packages/yolov8_msgs/msg
[0.402s] -- Up-to-date: /home/mta/project_helios/install/yolov8_msgs/local/lib/python3.10/dist-packages/yolov8_msgs/msg/_inference_result_s.c
[0.402s] -- Up-to-date: /home/mta/project_helios/install/yolov8_msgs/local/lib/python3.10/dist-packages/yolov8_msgs/msg/__init__.py
[0.402s] -- Up-to-date: /home/mta/project_helios/install/yolov8_msgs/local/lib/python3.10/dist-packages/yolov8_msgs/msg/_inference_result.py
[0.402s] -- Up-to-date: /home/mta/project_helios/install/yolov8_msgs/local/lib/python3.10/dist-packages/yolov8_msgs/msg/_yolov8_inference.py
[0.402s] -- Up-to-date: /home/mta/project_helios/install/yolov8_msgs/local/lib/python3.10/dist-packages/yolov8_msgs/msg/_yolov8_inference_s.c
[0.402s] -- Up-to-date: /home/mta/project_helios/install/yolov8_msgs/local/lib/python3.10/dist-packages/yolov8_msgs/yolov8_msgs_s__rosidl_typesupport_introspection_c.cpython-310-x86_64-linux-gnu.so
[0.402s] -- Up-to-date: /home/mta/project_helios/install/yolov8_msgs/local/lib/python3.10/dist-packages/yolov8_msgs/__init__.py
[0.402s] -- Up-to-date: /home/mta/project_helios/install/yolov8_msgs/local/lib/python3.10/dist-packages/yolov8_msgs/yolov8_msgs_s__rosidl_typesupport_fastrtps_c.cpython-310-x86_64-linux-gnu.so
[0.402s] -- Up-to-date: /home/mta/project_helios/install/yolov8_msgs/local/lib/python3.10/dist-packages/yolov8_msgs/libyolov8_msgs__rosidl_generator_py.so
[0.402s] -- Up-to-date: /home/mta/project_helios/install/yolov8_msgs/local/lib/python3.10/dist-packages/yolov8_msgs/_yolov8_msgs_s.ep.rosidl_typesupport_c.c
[0.402s] -- Up-to-date: /home/mta/project_helios/install/yolov8_msgs/local/lib/python3.10/dist-packages/yolov8_msgs/yolov8_msgs_s__rosidl_typesupport_c.cpython-310-x86_64-linux-gnu.so
[0.403s] -- Up-to-date: /home/mta/project_helios/install/yolov8_msgs/local/lib/python3.10/dist-packages/yolov8_msgs/_yolov8_msgs_s.ep.rosidl_typesupport_fastrtps_c.c
[0.403s] -- Up-to-date: /home/mta/project_helios/install/yolov8_msgs/local/lib/python3.10/dist-packages/yolov8_msgs/_yolov8_msgs_s.ep.rosidl_typesupport_introspection_c.c
[0.424s] Listing '/home/mta/project_helios/install/yolov8_msgs/local/lib/python3.10/dist-packages/yolov8_msgs'...
[0.424s] Listing '/home/mta/project_helios/install/yolov8_msgs/local/lib/python3.10/dist-packages/yolov8_msgs/msg'...
[0.427s] -- Up-to-date: /home/mta/project_helios/install/yolov8_msgs/local/lib/python3.10/dist-packages/yolov8_msgs/yolov8_msgs_s__rosidl_typesupport_fastrtps_c.cpython-310-x86_64-linux-gnu.so
[0.427s] -- Up-to-date: /home/mta/project_helios/install/yolov8_msgs/local/lib/python3.10/dist-packages/yolov8_msgs/yolov8_msgs_s__rosidl_typesupport_introspection_c.cpython-310-x86_64-linux-gnu.so
[0.427s] -- Up-to-date: /home/mta/project_helios/install/yolov8_msgs/local/lib/python3.10/dist-packages/yolov8_msgs/yolov8_msgs_s__rosidl_typesupport_c.cpython-310-x86_64-linux-gnu.so
[0.427s] -- Up-to-date: /home/mta/project_helios/install/yolov8_msgs/lib/libyolov8_msgs__rosidl_generator_py.so
[0.427s] -- Up-to-date: /home/mta/project_helios/install/yolov8_msgs/share/yolov8_msgs/msg/InferenceResult.idl
[0.427s] -- Up-to-date: /home/mta/project_helios/install/yolov8_msgs/share/yolov8_msgs/msg/Yolov8Inference.idl
[0.427s] -- Up-to-date: /home/mta/project_helios/install/yolov8_msgs/share/yolov8_msgs/msg/InferenceResult.msg
[0.427s] -- Up-to-date: /home/mta/project_helios/install/yolov8_msgs/share/yolov8_msgs/msg/Yolov8Inference.msg
[0.427s] -- Up-to-date: /home/mta/project_helios/install/yolov8_msgs/share/ament_index/resource_index/package_run_dependencies/yolov8_msgs
[0.427s] -- Up-to-date: /home/mta/project_helios/install/yolov8_msgs/share/ament_index/resource_index/parent_prefix_path/yolov8_msgs
[0.428s] -- Up-to-date: /home/mta/project_helios/install/yolov8_msgs/share/yolov8_msgs/environment/ament_prefix_path.sh
[0.428s] -- Up-to-date: /home/mta/project_helios/install/yolov8_msgs/share/yolov8_msgs/environment/ament_prefix_path.dsv
[0.428s] -- Up-to-date: /home/mta/project_helios/install/yolov8_msgs/share/yolov8_msgs/environment/path.sh
[0.428s] -- Up-to-date: /home/mta/project_helios/install/yolov8_msgs/share/yolov8_msgs/environment/path.dsv
[0.428s] -- Up-to-date: /home/mta/project_helios/install/yolov8_msgs/share/yolov8_msgs/local_setup.bash
[0.428s] -- Up-to-date: /home/mta/project_helios/install/yolov8_msgs/share/yolov8_msgs/local_setup.sh
[0.428s] -- Up-to-date: /home/mta/project_helios/install/yolov8_msgs/share/yolov8_msgs/local_setup.zsh
[0.428s] -- Up-to-date: /home/mta/project_helios/install/yolov8_msgs/share/yolov8_msgs/local_setup.dsv
[0.428s] -- Installing: /home/mta/project_helios/install/yolov8_msgs/share/yolov8_msgs/package.dsv
[0.428s] -- Up-to-date: /home/mta/project_helios/install/yolov8_msgs/share/ament_index/resource_index/packages/yolov8_msgs
[0.428s] -- Up-to-date: /home/mta/project_helios/install/yolov8_msgs/share/yolov8_msgs/cmake/export_yolov8_msgs__rosidl_generator_cExport.cmake
[0.428s] -- Up-to-date: /home/mta/project_helios/install/yolov8_msgs/share/yolov8_msgs/cmake/export_yolov8_msgs__rosidl_generator_cExport-noconfig.cmake
[0.428s] -- Up-to-date: /home/mta/project_helios/install/yolov8_msgs/share/yolov8_msgs/cmake/export_yolov8_msgs__rosidl_typesupport_fastrtps_cExport.cmake
[0.428s] -- Up-to-date: /home/mta/project_helios/install/yolov8_msgs/share/yolov8_msgs/cmake/export_yolov8_msgs__rosidl_typesupport_fastrtps_cExport-noconfig.cmake
[0.428s] -- Up-to-date: /home/mta/project_helios/install/yolov8_msgs/share/yolov8_msgs/cmake/export_yolov8_msgs__rosidl_generator_cppExport.cmake
[0.428s] -- Up-to-date: /home/mta/project_helios/install/yolov8_msgs/share/yolov8_msgs/cmake/export_yolov8_msgs__rosidl_typesupport_fastrtps_cppExport.cmake
[0.428s] -- Up-to-date: /home/mta/project_helios/install/yolov8_msgs/share/yolov8_msgs/cmake/export_yolov8_msgs__rosidl_typesupport_fastrtps_cppExport-noconfig.cmake
[0.428s] -- Up-to-date: /home/mta/project_helios/install/yolov8_msgs/share/yolov8_msgs/cmake/yolov8_msgs__rosidl_typesupport_introspection_cExport.cmake
[0.428s] -- Up-to-date: /home/mta/project_helios/install/yolov8_msgs/share/yolov8_msgs/cmake/yolov8_msgs__rosidl_typesupport_introspection_cExport-noconfig.cmake
[0.428s] -- Up-to-date: /home/mta/project_helios/install/yolov8_msgs/share/yolov8_msgs/cmake/yolov8_msgs__rosidl_typesupport_cExport.cmake
[0.428s] -- Up-to-date: /home/mta/project_helios/install/yolov8_msgs/share/yolov8_msgs/cmake/yolov8_msgs__rosidl_typesupport_cExport-noconfig.cmake
[0.428s] -- Up-to-date: /home/mta/project_helios/install/yolov8_msgs/share/yolov8_msgs/cmake/yolov8_msgs__rosidl_typesupport_introspection_cppExport.cmake
[0.428s] -- Up-to-date: /home/mta/project_helios/install/yolov8_msgs/share/yolov8_msgs/cmake/yolov8_msgs__rosidl_typesupport_introspection_cppExport-noconfig.cmake
[0.428s] -- Up-to-date: /home/mta/project_helios/install/yolov8_msgs/share/yolov8_msgs/cmake/yolov8_msgs__rosidl_typesupport_cppExport.cmake
[0.428s] -- Up-to-date: /home/mta/project_helios/install/yolov8_msgs/share/yolov8_msgs/cmake/yolov8_msgs__rosidl_typesupport_cppExport-noconfig.cmake
[0.428s] -- Up-to-date: /home/mta/project_helios/install/yolov8_msgs/share/yolov8_msgs/cmake/export_yolov8_msgs__rosidl_generator_pyExport.cmake
[0.428s] -- Up-to-date: /home/mta/project_helios/install/yolov8_msgs/share/yolov8_msgs/cmake/export_yolov8_msgs__rosidl_generator_pyExport-noconfig.cmake
[0.428s] -- Up-to-date: /home/mta/project_helios/install/yolov8_msgs/share/yolov8_msgs/cmake/rosidl_cmake-extras.cmake
[0.428s] -- Up-to-date: /home/mta/project_helios/install/yolov8_msgs/share/yolov8_msgs/cmake/ament_cmake_export_dependencies-extras.cmake
[0.428s] -- Up-to-date: /home/mta/project_helios/install/yolov8_msgs/share/yolov8_msgs/cmake/ament_cmake_export_include_directories-extras.cmake
[0.428s] -- Up-to-date: /home/mta/project_helios/install/yolov8_msgs/share/yolov8_msgs/cmake/ament_cmake_export_libraries-extras.cmake
[0.428s] -- Up-to-date: /home/mta/project_helios/install/yolov8_msgs/share/yolov8_msgs/cmake/ament_cmake_export_targets-extras.cmake
[0.428s] -- Up-to-date: /home/mta/project_helios/install/yolov8_msgs/share/yolov8_msgs/cmake/rosidl_cmake_export_typesupport_targets-extras.cmake
[0.429s] -- Up-to-date: /home/mta/project_helios/install/yolov8_msgs/share/yolov8_msgs/cmake/rosidl_cmake_export_typesupport_libraries-extras.cmake
[0.429s] -- Up-to-date: /home/mta/project_helios/install/yolov8_msgs/share/yolov8_msgs/cmake/yolov8_msgsConfig.cmake
[0.429s] -- Up-to-date: /home/mta/project_helios/install/yolov8_msgs/share/yolov8_msgs/cmake/yolov8_msgsConfig-version.cmake
[0.429s] -- Up-to-date: /home/mta/project_helios/install/yolov8_msgs/share/yolov8_msgs/package.xml
[0.430s] Invoked command in '/home/mta/project_helios/build/yolov8_msgs' returned '0': CMAKE_PREFIX_PATH=${CMAKE_PREFIX_PATH}:/opt/ros/humble /usr/bin/cmake --install /home/mta/project_helios/build/yolov8_msgs
