[0.009s] Invoking command in '/home/mta/yolobot/build/yolobot_description': CMAKE_PREFIX_PATH=/opt/ros/humble /usr/bin/cmake /home/mta/yolobot/src/yolobot_description -DCMAKE_INSTALL_PREFIX=/home/mta/yolobot/install/yolobot_description
[0.126s] -- The C compiler identification is GNU 11.4.0
[0.159s] -- The CXX compiler identification is GNU 11.4.0
[0.163s] -- Detecting C compiler ABI info
[0.201s] -- Detecting C compiler ABI info - done
[0.205s] -- Check for working C compiler: /usr/bin/cc - skipped
[0.205s] -- Detecting C compile features
[0.205s] -- Detecting C compile features - done
[0.207s] -- Detecting CXX compiler ABI info
[0.248s] -- Detecting CXX compiler ABI info - done
[0.252s] -- Check for working CXX compiler: /usr/bin/c++ - skipped
[0.252s] -- Detecting CXX compile features
[0.252s] -- Detecting CXX compile features - done
[0.253s] -- Found ament_cmake: 1.3.10 (/opt/ros/humble/share/ament_cmake/cmake)
[0.341s] -- Found Python3: /usr/bin/python3 (found version "3.10.12") found components: Interpreter 
[0.400s] -- Found urdf: 2.6.0 (/opt/ros/humble/share/urdf/cmake)
[0.424s] -- Found ament_lint_auto: 0.12.11 (/opt/ros/humble/share/ament_lint_auto/cmake)
[0.469s] -- Added test 'copyright' to check source files copyright and LICENSE
[0.470s] -- Added test 'flake8' to check Python code syntax and style conventions
[0.470s] -- Added test 'lint_cmake' to check CMake code style
[0.470s] -- Added test 'pep257' to check Python code against some of the docstring style conventions in PEP 257
[0.471s] -- Added test 'xmllint' to check XML markup files
[0.471s] -- Configuring done
[0.472s] -- Generating done
[0.473s] -- Build files have been written to: /home/mta/yolobot/build/yolobot_description
[0.483s] Invoked command in '/home/mta/yolobot/build/yolobot_description' returned '0': CMAKE_PREFIX_PATH=/opt/ros/humble /usr/bin/cmake /home/mta/yolobot/src/yolobot_description -DCMAKE_INSTALL_PREFIX=/home/mta/yolobot/install/yolobot_description
[0.483s] Invoking command in '/home/mta/yolobot/build/yolobot_description': CMAKE_PREFIX_PATH=/opt/ros/humble /usr/bin/cmake --build /home/mta/yolobot/build/yolobot_description -- -j20 -l20
[0.504s] Invoked command in '/home/mta/yolobot/build/yolobot_description' returned '0': CMAKE_PREFIX_PATH=/opt/ros/humble /usr/bin/cmake --build /home/mta/yolobot/build/yolobot_description -- -j20 -l20
[0.520s] Invoking command in '/home/mta/yolobot/build/yolobot_description': CMAKE_PREFIX_PATH=/opt/ros/humble /usr/bin/cmake --install /home/mta/yolobot/build/yolobot_description
[0.525s] -- Install configuration: ""
[0.525s] -- Installing: /home/mta/yolobot/install/yolobot_description/share/yolobot_description//launch
[0.525s] -- Installing: /home/mta/yolobot/install/yolobot_description/share/yolobot_description//launch/spawn_yolobot_launch.launch.py
[0.525s] -- Installing: /home/mta/yolobot/install/yolobot_description/share/yolobot_description//launch/spawn_yolobot.py
[0.525s] -- Installing: /home/mta/yolobot/install/yolobot_description/share/yolobot_description//robot
[0.525s] -- Installing: /home/mta/yolobot/install/yolobot_description/share/yolobot_description//robot/yolobot.urdf
[0.525s] -- Installing: /home/mta/yolobot/install/yolobot_description/lib/yolobot_description/spawn_yolobot.py
[0.525s] -- Installing: /home/mta/yolobot/install/yolobot_description/share/ament_index/resource_index/package_run_dependencies/yolobot_description
[0.525s] -- Installing: /home/mta/yolobot/install/yolobot_description/share/ament_index/resource_index/parent_prefix_path/yolobot_description
[0.525s] -- Installing: /home/mta/yolobot/install/yolobot_description/share/yolobot_description/environment/ament_prefix_path.sh
[0.525s] -- Installing: /home/mta/yolobot/install/yolobot_description/share/yolobot_description/environment/ament_prefix_path.dsv
[0.525s] -- Installing: /home/mta/yolobot/install/yolobot_description/share/yolobot_description/environment/path.sh
[0.525s] -- Installing: /home/mta/yolobot/install/yolobot_description/share/yolobot_description/environment/path.dsv
[0.525s] -- Installing: /home/mta/yolobot/install/yolobot_description/share/yolobot_description/local_setup.bash
[0.525s] -- Installing: /home/mta/yolobot/install/yolobot_description/share/yolobot_description/local_setup.sh
[0.525s] -- Installing: /home/mta/yolobot/install/yolobot_description/share/yolobot_description/local_setup.zsh
[0.525s] -- Installing: /home/mta/yolobot/install/yolobot_description/share/yolobot_description/local_setup.dsv
[0.525s] -- Installing: /home/mta/yolobot/install/yolobot_description/share/yolobot_description/package.dsv
[0.525s] -- Installing: /home/mta/yolobot/install/yolobot_description/share/ament_index/resource_index/packages/yolobot_description
[0.525s] -- Installing: /home/mta/yolobot/install/yolobot_description/share/yolobot_description/cmake/yolobot_descriptionConfig.cmake
[0.525s] -- Installing: /home/mta/yolobot/install/yolobot_description/share/yolobot_description/cmake/yolobot_descriptionConfig-version.cmake
[0.525s] -- Installing: /home/mta/yolobot/install/yolobot_description/share/yolobot_description/package.xml
[0.527s] Invoked command in '/home/mta/yolobot/build/yolobot_description' returned '0': CMAKE_PREFIX_PATH=/opt/ros/humble /usr/bin/cmake --install /home/mta/yolobot/build/yolobot_description
