[0.027s] Invoking command in '/home/mta/yolobot/build/yolobot_gazebo': CMAKE_PREFIX_PATH=${CMAKE_PREFIX_PATH}:/opt/ros/humble /usr/bin/cmake --build /home/mta/yolobot/build/yolobot_gazebo -- -j20 -l20
[0.071s] -- Found ament_cmake: 1.3.10 (/opt/ros/humble/share/ament_cmake/cmake)
[0.188s] -- Found rclpy: 3.3.14 (/opt/ros/humble/share/rclpy/cmake)
[0.188s] -- Found ament_lint_auto: 0.12.11 (/opt/ros/humble/share/ament_lint_auto/cmake)
[0.239s] -- Added test 'copyright' to check source files copyright and LICENSE
[0.241s] -- Added test 'flake8' to check Python code syntax and style conventions
[0.241s] -- Added test 'lint_cmake' to check CMake code style
[0.242s] -- Added test 'pep257' to check Python code against some of the docstring style conventions in PEP 257
[0.242s] -- Added test 'xmllint' to check XML markup files
[0.244s] -- Configuring done
[0.247s] -- Generating done
[0.247s] -- Build files have been written to: /home/mta/yolobot/build/yolobot_gazebo
[0.260s] Invoked command in '/home/mta/yolobot/build/yolobot_gazebo' returned '0': CMAKE_PREFIX_PATH=${CMAKE_PREFIX_PATH}:/opt/ros/humble /usr/bin/cmake --build /home/mta/yolobot/build/yolobot_gazebo -- -j20 -l20
[0.273s] Invoking command in '/home/mta/yolobot/build/yolobot_gazebo': CMAKE_PREFIX_PATH=${CMAKE_PREFIX_PATH}:/opt/ros/humble /usr/bin/cmake --install /home/mta/yolobot/build/yolobot_gazebo
[0.276s] -- Install configuration: ""
[0.276s] -- Up-to-date: /home/mta/yolobot/install/yolobot_gazebo/share/yolobot_gazebo//launch
[0.276s] -- Up-to-date: /home/mta/yolobot/install/yolobot_gazebo/share/yolobot_gazebo//launch/yolobot_launch.py
[0.276s] -- Up-to-date: /home/mta/yolobot/install/yolobot_gazebo/share/yolobot_gazebo//launch/start_world_launch.py
[0.276s] -- Up-to-date: /home/mta/yolobot/install/yolobot_gazebo/share/yolobot_gazebo//worlds
[0.276s] -- Up-to-date: /home/mta/yolobot/install/yolobot_gazebo/share/yolobot_gazebo//worlds/yolo_test.world
[0.276s] -- Installing: /home/mta/yolobot/install/yolobot_gazebo/share/ament_index/resource_index/package_run_dependencies/yolobot_gazebo
[0.276s] -- Installing: /home/mta/yolobot/install/yolobot_gazebo/share/ament_index/resource_index/parent_prefix_path/yolobot_gazebo
[0.276s] -- Up-to-date: /home/mta/yolobot/install/yolobot_gazebo/share/yolobot_gazebo/environment/ament_prefix_path.sh
[0.276s] -- Installing: /home/mta/yolobot/install/yolobot_gazebo/share/yolobot_gazebo/environment/ament_prefix_path.dsv
[0.276s] -- Up-to-date: /home/mta/yolobot/install/yolobot_gazebo/share/yolobot_gazebo/environment/path.sh
[0.276s] -- Installing: /home/mta/yolobot/install/yolobot_gazebo/share/yolobot_gazebo/environment/path.dsv
[0.276s] -- Up-to-date: /home/mta/yolobot/install/yolobot_gazebo/share/yolobot_gazebo/local_setup.bash
[0.277s] -- Up-to-date: /home/mta/yolobot/install/yolobot_gazebo/share/yolobot_gazebo/local_setup.sh
[0.277s] -- Up-to-date: /home/mta/yolobot/install/yolobot_gazebo/share/yolobot_gazebo/local_setup.zsh
[0.277s] -- Installing: /home/mta/yolobot/install/yolobot_gazebo/share/yolobot_gazebo/local_setup.dsv
[0.277s] -- Installing: /home/mta/yolobot/install/yolobot_gazebo/share/yolobot_gazebo/package.dsv
[0.277s] -- Up-to-date: /home/mta/yolobot/install/yolobot_gazebo/share/ament_index/resource_index/packages/yolobot_gazebo
[0.277s] -- Up-to-date: /home/mta/yolobot/install/yolobot_gazebo/share/yolobot_gazebo/cmake/yolobot_gazeboConfig.cmake
[0.277s] -- Up-to-date: /home/mta/yolobot/install/yolobot_gazebo/share/yolobot_gazebo/cmake/yolobot_gazeboConfig-version.cmake
[0.277s] -- Installing: /home/mta/yolobot/install/yolobot_gazebo/share/yolobot_gazebo/package.xml
[0.278s] Invoked command in '/home/mta/yolobot/build/yolobot_gazebo' returned '0': CMAKE_PREFIX_PATH=${CMAKE_PREFIX_PATH}:/opt/ros/humble /usr/bin/cmake --install /home/mta/yolobot/build/yolobot_gazebo
