[0.032s] Invoking command in '/home/mta/yolobot/build/yolov8_msgs': CMAKE_PREFIX_PATH=${CMAKE_PREFIX_PATH}:/opt/ros/humble /usr/bin/cmake --build /home/mta/yolobot/build/yolov8_msgs -- -j20 -l20
[0.078s] [35m[1mConsolidate compiler generated dependencies of target yolov8_msgs__rosidl_generator_c[0m
[0.083s] [  2%] Built target yolov8_msgs__cpp
[0.093s] [  2%] Built target ament_cmake_python_copy_yolov8_msgs
[0.095s] [35m[1mConsolidate compiler generated dependencies of target yolov8_msgs__rosidl_typesupport_fastrtps_cpp[0m
[0.095s] [35m[1mConsolidate compiler generated dependencies of target yolov8_msgs__rosidl_typesupport_cpp[0m
[0.096s] [35m[1mConsolidate compiler generated dependencies of target yolov8_msgs__rosidl_typesupport_introspection_cpp[0m
[0.097s] [ 12%] Built target yolov8_msgs__rosidl_generator_c
[0.108s] [35m[1mConsolidate compiler generated dependencies of target yolov8_msgs__rosidl_typesupport_introspection_c[0m
[0.108s] [35m[1mConsolidate compiler generated dependencies of target yolov8_msgs__rosidl_typesupport_fastrtps_c[0m
[0.109s] [ 23%] Built target yolov8_msgs__rosidl_typesupport_introspection_cpp
[0.109s] [ 33%] Built target yolov8_msgs__rosidl_typesupport_cpp
[0.109s] [ 43%] Built target yolov8_msgs__rosidl_typesupport_fastrtps_cpp
[0.110s] [35m[1mConsolidate compiler generated dependencies of target yolov8_msgs__rosidl_typesupport_c[0m
[0.115s] [ 53%] Built target yolov8_msgs__rosidl_typesupport_introspection_c
[0.116s] [ 64%] Built target yolov8_msgs__rosidl_typesupport_c
[0.116s] [ 74%] Built target yolov8_msgs__rosidl_typesupport_fastrtps_c
[0.130s] [ 74%] Built target yolov8_msgs
[0.143s] [ 76%] Built target yolov8_msgs__py
[0.152s] [35m[1mConsolidate compiler generated dependencies of target yolov8_msgs__rosidl_generator_py[0m
[0.163s] [ 84%] Built target yolov8_msgs__rosidl_generator_py
[0.171s] [35m[1mConsolidate compiler generated dependencies of target yolov8_msgs__rosidl_typesupport_c__pyext[0m
[0.171s] [35m[1mConsolidate compiler generated dependencies of target yolov8_msgs__rosidl_typesupport_fastrtps_c__pyext[0m
[0.171s] [35m[1mConsolidate compiler generated dependencies of target yolov8_msgs__rosidl_typesupport_introspection_c__pyext[0m
[0.178s] [ 89%] Built target yolov8_msgs__rosidl_typesupport_introspection_c__pyext
[0.178s] [ 94%] Built target yolov8_msgs__rosidl_typesupport_c__pyext
[0.179s] [100%] Built target yolov8_msgs__rosidl_typesupport_fastrtps_c__pyext
[0.227s] running egg_info
[0.227s] writing yolov8_msgs.egg-info/PKG-INFO
[0.227s] writing dependency_links to yolov8_msgs.egg-info/dependency_links.txt
[0.227s] writing top-level names to yolov8_msgs.egg-info/top_level.txt
[0.230s] reading manifest file 'yolov8_msgs.egg-info/SOURCES.txt'
[0.230s] writing manifest file 'yolov8_msgs.egg-info/SOURCES.txt'
[0.248s] [100%] Built target ament_cmake_python_build_yolov8_msgs_egg
[0.254s] Invoked command in '/home/mta/yolobot/build/yolov8_msgs' returned '0': CMAKE_PREFIX_PATH=${CMAKE_PREFIX_PATH}:/opt/ros/humble /usr/bin/cmake --build /home/mta/yolobot/build/yolov8_msgs -- -j20 -l20
[0.304s] Invoking command in '/home/mta/yolobot/build/yolov8_msgs': CMAKE_PREFIX_PATH=${CMAKE_PREFIX_PATH}:/opt/ros/humble /usr/bin/cmake --install /home/mta/yolobot/build/yolov8_msgs
[0.310s] -- Install configuration: ""
[0.310s] -- Up-to-date: /home/mta/yolobot/install/yolov8_msgs/share/ament_index/resource_index/rosidl_interfaces/yolov8_msgs
[0.310s] -- Up-to-date: /home/mta/yolobot/install/yolov8_msgs/include/yolov8_msgs/yolov8_msgs
[0.310s] -- Up-to-date: /home/mta/yolobot/install/yolov8_msgs/include/yolov8_msgs/yolov8_msgs/msg
[0.310s] -- Up-to-date: /home/mta/yolobot/install/yolov8_msgs/include/yolov8_msgs/yolov8_msgs/msg/yolov8_inference.h
[0.310s] -- Up-to-date: /home/mta/yolobot/install/yolov8_msgs/include/yolov8_msgs/yolov8_msgs/msg/detail
[0.310s] -- Up-to-date: /home/mta/yolobot/install/yolov8_msgs/include/yolov8_msgs/yolov8_msgs/msg/detail/yolov8_inference__struct.h
[0.310s] -- Up-to-date: /home/mta/yolobot/install/yolov8_msgs/include/yolov8_msgs/yolov8_msgs/msg/detail/inference_result__type_support.h
[0.310s] -- Up-to-date: /home/mta/yolobot/install/yolov8_msgs/include/yolov8_msgs/yolov8_msgs/msg/detail/yolov8_inference__type_support.h
[0.310s] -- Up-to-date: /home/mta/yolobot/install/yolov8_msgs/include/yolov8_msgs/yolov8_msgs/msg/detail/inference_result__struct.h
[0.310s] -- Up-to-date: /home/mta/yolobot/install/yolov8_msgs/include/yolov8_msgs/yolov8_msgs/msg/detail/yolov8_inference__functions.c
[0.310s] -- Up-to-date: /home/mta/yolobot/install/yolov8_msgs/include/yolov8_msgs/yolov8_msgs/msg/detail/inference_result__functions.c
[0.311s] -- Up-to-date: /home/mta/yolobot/install/yolov8_msgs/include/yolov8_msgs/yolov8_msgs/msg/detail/yolov8_inference__functions.h
[0.311s] -- Up-to-date: /home/mta/yolobot/install/yolov8_msgs/include/yolov8_msgs/yolov8_msgs/msg/detail/inference_result__functions.h
[0.311s] -- Up-to-date: /home/mta/yolobot/install/yolov8_msgs/include/yolov8_msgs/yolov8_msgs/msg/inference_result.h
[0.311s] -- Up-to-date: /home/mta/yolobot/install/yolov8_msgs/include/yolov8_msgs/yolov8_msgs/msg/rosidl_generator_c__visibility_control.h
[0.311s] -- Up-to-date: /home/mta/yolobot/install/yolov8_msgs/share/yolov8_msgs/environment/library_path.sh
[0.311s] -- Up-to-date: /home/mta/yolobot/install/yolov8_msgs/share/yolov8_msgs/environment/library_path.dsv
[0.311s] -- Up-to-date: /home/mta/yolobot/install/yolov8_msgs/lib/libyolov8_msgs__rosidl_generator_c.so
[0.311s] -- Up-to-date: /home/mta/yolobot/install/yolov8_msgs/include/yolov8_msgs/yolov8_msgs
[0.311s] -- Up-to-date: /home/mta/yolobot/install/yolov8_msgs/include/yolov8_msgs/yolov8_msgs/msg
[0.311s] -- Up-to-date: /home/mta/yolobot/install/yolov8_msgs/include/yolov8_msgs/yolov8_msgs/msg/detail
[0.311s] -- Up-to-date: /home/mta/yolobot/install/yolov8_msgs/include/yolov8_msgs/yolov8_msgs/msg/detail/inference_result__rosidl_typesupport_fastrtps_c.h
[0.311s] -- Up-to-date: /home/mta/yolobot/install/yolov8_msgs/include/yolov8_msgs/yolov8_msgs/msg/detail/yolov8_inference__rosidl_typesupport_fastrtps_c.h
[0.311s] -- Up-to-date: /home/mta/yolobot/install/yolov8_msgs/include/yolov8_msgs/yolov8_msgs/msg/rosidl_typesupport_fastrtps_c__visibility_control.h
[0.311s] -- Up-to-date: /home/mta/yolobot/install/yolov8_msgs/lib/libyolov8_msgs__rosidl_typesupport_fastrtps_c.so
[0.311s] -- Up-to-date: /home/mta/yolobot/install/yolov8_msgs/include/yolov8_msgs/yolov8_msgs
[0.311s] -- Up-to-date: /home/mta/yolobot/install/yolov8_msgs/include/yolov8_msgs/yolov8_msgs/msg
[0.311s] -- Up-to-date: /home/mta/yolobot/install/yolov8_msgs/include/yolov8_msgs/yolov8_msgs/msg/detail
[0.311s] -- Up-to-date: /home/mta/yolobot/install/yolov8_msgs/include/yolov8_msgs/yolov8_msgs/msg/detail/yolov8_inference__struct.hpp
[0.311s] -- Up-to-date: /home/mta/yolobot/install/yolov8_msgs/include/yolov8_msgs/yolov8_msgs/msg/detail/yolov8_inference__traits.hpp
[0.311s] -- Up-to-date: /home/mta/yolobot/install/yolov8_msgs/include/yolov8_msgs/yolov8_msgs/msg/detail/inference_result__struct.hpp
[0.311s] -- Up-to-date: /home/mta/yolobot/install/yolov8_msgs/include/yolov8_msgs/yolov8_msgs/msg/detail/inference_result__traits.hpp
[0.311s] -- Up-to-date: /home/mta/yolobot/install/yolov8_msgs/include/yolov8_msgs/yolov8_msgs/msg/detail/inference_result__builder.hpp
[0.311s] -- Up-to-date: /home/mta/yolobot/install/yolov8_msgs/include/yolov8_msgs/yolov8_msgs/msg/detail/yolov8_inference__builder.hpp
[0.311s] -- Up-to-date: /home/mta/yolobot/install/yolov8_msgs/include/yolov8_msgs/yolov8_msgs/msg/inference_result.hpp
[0.311s] -- Up-to-date: /home/mta/yolobot/install/yolov8_msgs/include/yolov8_msgs/yolov8_msgs/msg/yolov8_inference.hpp
[0.311s] -- Up-to-date: /home/mta/yolobot/install/yolov8_msgs/include/yolov8_msgs/yolov8_msgs
[0.311s] -- Up-to-date: /home/mta/yolobot/install/yolov8_msgs/include/yolov8_msgs/yolov8_msgs/msg
[0.311s] -- Up-to-date: /home/mta/yolobot/install/yolov8_msgs/include/yolov8_msgs/yolov8_msgs/msg/rosidl_typesupport_fastrtps_cpp__visibility_control.h
[0.311s] -- Up-to-date: /home/mta/yolobot/install/yolov8_msgs/include/yolov8_msgs/yolov8_msgs/msg/detail
[0.311s] -- Up-to-date: /home/mta/yolobot/install/yolov8_msgs/include/yolov8_msgs/yolov8_msgs/msg/detail/inference_result__rosidl_typesupport_fastrtps_cpp.hpp
[0.311s] -- Up-to-date: /home/mta/yolobot/install/yolov8_msgs/include/yolov8_msgs/yolov8_msgs/msg/detail/yolov8_inference__rosidl_typesupport_fastrtps_cpp.hpp
[0.311s] -- Up-to-date: /home/mta/yolobot/install/yolov8_msgs/include/yolov8_msgs/yolov8_msgs/msg/detail/dds_fastrtps
[0.312s] -- Up-to-date: /home/mta/yolobot/install/yolov8_msgs/lib/libyolov8_msgs__rosidl_typesupport_fastrtps_cpp.so
[0.312s] -- Up-to-date: /home/mta/yolobot/install/yolov8_msgs/include/yolov8_msgs/yolov8_msgs
[0.312s] -- Up-to-date: /home/mta/yolobot/install/yolov8_msgs/include/yolov8_msgs/yolov8_msgs/msg
[0.312s] -- Up-to-date: /home/mta/yolobot/install/yolov8_msgs/include/yolov8_msgs/yolov8_msgs/msg/detail
[0.312s] -- Up-to-date: /home/mta/yolobot/install/yolov8_msgs/include/yolov8_msgs/yolov8_msgs/msg/detail/inference_result__rosidl_typesupport_introspection_c.h
[0.312s] -- Up-to-date: /home/mta/yolobot/install/yolov8_msgs/include/yolov8_msgs/yolov8_msgs/msg/detail/inference_result__type_support.c
[0.312s] -- Up-to-date: /home/mta/yolobot/install/yolov8_msgs/include/yolov8_msgs/yolov8_msgs/msg/detail/yolov8_inference__type_support.c
[0.312s] -- Up-to-date: /home/mta/yolobot/install/yolov8_msgs/include/yolov8_msgs/yolov8_msgs/msg/detail/yolov8_inference__rosidl_typesupport_introspection_c.h
[0.312s] -- Up-to-date: /home/mta/yolobot/install/yolov8_msgs/include/yolov8_msgs/yolov8_msgs/msg/rosidl_typesupport_introspection_c__visibility_control.h
[0.312s] -- Up-to-date: /home/mta/yolobot/install/yolov8_msgs/lib/libyolov8_msgs__rosidl_typesupport_introspection_c.so
[0.312s] -- Up-to-date: /home/mta/yolobot/install/yolov8_msgs/lib/libyolov8_msgs__rosidl_typesupport_c.so
[0.312s] -- Up-to-date: /home/mta/yolobot/install/yolov8_msgs/include/yolov8_msgs/yolov8_msgs
[0.312s] -- Up-to-date: /home/mta/yolobot/install/yolov8_msgs/include/yolov8_msgs/yolov8_msgs/msg
[0.312s] -- Up-to-date: /home/mta/yolobot/install/yolov8_msgs/include/yolov8_msgs/yolov8_msgs/msg/detail
[0.312s] -- Up-to-date: /home/mta/yolobot/install/yolov8_msgs/include/yolov8_msgs/yolov8_msgs/msg/detail/inference_result__type_support.cpp
[0.312s] -- Up-to-date: /home/mta/yolobot/install/yolov8_msgs/include/yolov8_msgs/yolov8_msgs/msg/detail/yolov8_inference__rosidl_typesupport_introspection_cpp.hpp
[0.312s] -- Up-to-date: /home/mta/yolobot/install/yolov8_msgs/include/yolov8_msgs/yolov8_msgs/msg/detail/yolov8_inference__type_support.cpp
[0.312s] -- Up-to-date: /home/mta/yolobot/install/yolov8_msgs/include/yolov8_msgs/yolov8_msgs/msg/detail/inference_result__rosidl_typesupport_introspection_cpp.hpp
[0.313s] -- Up-to-date: /home/mta/yolobot/install/yolov8_msgs/lib/libyolov8_msgs__rosidl_typesupport_introspection_cpp.so
[0.314s] -- Up-to-date: /home/mta/yolobot/install/yolov8_msgs/lib/libyolov8_msgs__rosidl_typesupport_cpp.so
[0.314s] -- Up-to-date: /home/mta/yolobot/install/yolov8_msgs/share/yolov8_msgs/environment/pythonpath.sh
[0.314s] -- Up-to-date: /home/mta/yolobot/install/yolov8_msgs/share/yolov8_msgs/environment/pythonpath.dsv
[0.314s] -- Up-to-date: /home/mta/yolobot/install/yolov8_msgs/local/lib/python3.10/dist-packages/yolov8_msgs-0.0.0-py3.10.egg-info
[0.314s] -- Installing: /home/mta/yolobot/install/yolov8_msgs/local/lib/python3.10/dist-packages/yolov8_msgs-0.0.0-py3.10.egg-info/PKG-INFO
[0.314s] -- Installing: /home/mta/yolobot/install/yolov8_msgs/local/lib/python3.10/dist-packages/yolov8_msgs-0.0.0-py3.10.egg-info/SOURCES.txt
[0.314s] -- Installing: /home/mta/yolobot/install/yolov8_msgs/local/lib/python3.10/dist-packages/yolov8_msgs-0.0.0-py3.10.egg-info/top_level.txt
[0.314s] -- Installing: /home/mta/yolobot/install/yolov8_msgs/local/lib/python3.10/dist-packages/yolov8_msgs-0.0.0-py3.10.egg-info/dependency_links.txt
[0.314s] -- Up-to-date: /home/mta/yolobot/install/yolov8_msgs/local/lib/python3.10/dist-packages/yolov8_msgs
[0.314s] -- Up-to-date: /home/mta/yolobot/install/yolov8_msgs/local/lib/python3.10/dist-packages/yolov8_msgs/msg
[0.314s] -- Up-to-date: /home/mta/yolobot/install/yolov8_msgs/local/lib/python3.10/dist-packages/yolov8_msgs/msg/_inference_result_s.c
[0.314s] -- Up-to-date: /home/mta/yolobot/install/yolov8_msgs/local/lib/python3.10/dist-packages/yolov8_msgs/msg/__init__.py
[0.314s] -- Up-to-date: /home/mta/yolobot/install/yolov8_msgs/local/lib/python3.10/dist-packages/yolov8_msgs/msg/_inference_result.py
[0.314s] -- Up-to-date: /home/mta/yolobot/install/yolov8_msgs/local/lib/python3.10/dist-packages/yolov8_msgs/msg/_yolov8_inference.py
[0.314s] -- Up-to-date: /home/mta/yolobot/install/yolov8_msgs/local/lib/python3.10/dist-packages/yolov8_msgs/msg/_yolov8_inference_s.c
[0.314s] -- Up-to-date: /home/mta/yolobot/install/yolov8_msgs/local/lib/python3.10/dist-packages/yolov8_msgs/yolov8_msgs_s__rosidl_typesupport_introspection_c.cpython-310-x86_64-linux-gnu.so
[0.314s] -- Up-to-date: /home/mta/yolobot/install/yolov8_msgs/local/lib/python3.10/dist-packages/yolov8_msgs/__init__.py
[0.314s] -- Up-to-date: /home/mta/yolobot/install/yolov8_msgs/local/lib/python3.10/dist-packages/yolov8_msgs/yolov8_msgs_s__rosidl_typesupport_fastrtps_c.cpython-310-x86_64-linux-gnu.so
[0.314s] -- Up-to-date: /home/mta/yolobot/install/yolov8_msgs/local/lib/python3.10/dist-packages/yolov8_msgs/libyolov8_msgs__rosidl_generator_py.so
[0.314s] -- Up-to-date: /home/mta/yolobot/install/yolov8_msgs/local/lib/python3.10/dist-packages/yolov8_msgs/_yolov8_msgs_s.ep.rosidl_typesupport_c.c
[0.314s] -- Up-to-date: /home/mta/yolobot/install/yolov8_msgs/local/lib/python3.10/dist-packages/yolov8_msgs/yolov8_msgs_s__rosidl_typesupport_c.cpython-310-x86_64-linux-gnu.so
[0.314s] -- Up-to-date: /home/mta/yolobot/install/yolov8_msgs/local/lib/python3.10/dist-packages/yolov8_msgs/_yolov8_msgs_s.ep.rosidl_typesupport_fastrtps_c.c
[0.314s] -- Up-to-date: /home/mta/yolobot/install/yolov8_msgs/local/lib/python3.10/dist-packages/yolov8_msgs/_yolov8_msgs_s.ep.rosidl_typesupport_introspection_c.c
[0.333s] Listing '/home/mta/yolobot/install/yolov8_msgs/local/lib/python3.10/dist-packages/yolov8_msgs'...
[0.334s] Listing '/home/mta/yolobot/install/yolov8_msgs/local/lib/python3.10/dist-packages/yolov8_msgs/msg'...
[0.336s] -- Up-to-date: /home/mta/yolobot/install/yolov8_msgs/local/lib/python3.10/dist-packages/yolov8_msgs/yolov8_msgs_s__rosidl_typesupport_fastrtps_c.cpython-310-x86_64-linux-gnu.so
[0.337s] -- Up-to-date: /home/mta/yolobot/install/yolov8_msgs/local/lib/python3.10/dist-packages/yolov8_msgs/yolov8_msgs_s__rosidl_typesupport_introspection_c.cpython-310-x86_64-linux-gnu.so
[0.337s] -- Up-to-date: /home/mta/yolobot/install/yolov8_msgs/local/lib/python3.10/dist-packages/yolov8_msgs/yolov8_msgs_s__rosidl_typesupport_c.cpython-310-x86_64-linux-gnu.so
[0.337s] -- Up-to-date: /home/mta/yolobot/install/yolov8_msgs/lib/libyolov8_msgs__rosidl_generator_py.so
[0.337s] -- Up-to-date: /home/mta/yolobot/install/yolov8_msgs/share/yolov8_msgs/msg/InferenceResult.idl
[0.337s] -- Up-to-date: /home/mta/yolobot/install/yolov8_msgs/share/yolov8_msgs/msg/Yolov8Inference.idl
[0.337s] -- Up-to-date: /home/mta/yolobot/install/yolov8_msgs/share/yolov8_msgs/msg/InferenceResult.msg
[0.337s] -- Up-to-date: /home/mta/yolobot/install/yolov8_msgs/share/yolov8_msgs/msg/Yolov8Inference.msg
[0.337s] -- Up-to-date: /home/mta/yolobot/install/yolov8_msgs/share/ament_index/resource_index/package_run_dependencies/yolov8_msgs
[0.337s] -- Up-to-date: /home/mta/yolobot/install/yolov8_msgs/share/ament_index/resource_index/parent_prefix_path/yolov8_msgs
[0.337s] -- Up-to-date: /home/mta/yolobot/install/yolov8_msgs/share/yolov8_msgs/environment/ament_prefix_path.sh
[0.337s] -- Up-to-date: /home/mta/yolobot/install/yolov8_msgs/share/yolov8_msgs/environment/ament_prefix_path.dsv
[0.337s] -- Up-to-date: /home/mta/yolobot/install/yolov8_msgs/share/yolov8_msgs/environment/path.sh
[0.337s] -- Up-to-date: /home/mta/yolobot/install/yolov8_msgs/share/yolov8_msgs/environment/path.dsv
[0.337s] -- Up-to-date: /home/mta/yolobot/install/yolov8_msgs/share/yolov8_msgs/local_setup.bash
[0.337s] -- Up-to-date: /home/mta/yolobot/install/yolov8_msgs/share/yolov8_msgs/local_setup.sh
[0.338s] -- Up-to-date: /home/mta/yolobot/install/yolov8_msgs/share/yolov8_msgs/local_setup.zsh
[0.338s] -- Up-to-date: /home/mta/yolobot/install/yolov8_msgs/share/yolov8_msgs/local_setup.dsv
[0.338s] -- Installing: /home/mta/yolobot/install/yolov8_msgs/share/yolov8_msgs/package.dsv
[0.338s] -- Up-to-date: /home/mta/yolobot/install/yolov8_msgs/share/ament_index/resource_index/packages/yolov8_msgs
[0.338s] -- Up-to-date: /home/mta/yolobot/install/yolov8_msgs/share/yolov8_msgs/cmake/export_yolov8_msgs__rosidl_generator_cExport.cmake
[0.338s] -- Up-to-date: /home/mta/yolobot/install/yolov8_msgs/share/yolov8_msgs/cmake/export_yolov8_msgs__rosidl_generator_cExport-noconfig.cmake
[0.339s] -- Up-to-date: /home/mta/yolobot/install/yolov8_msgs/share/yolov8_msgs/cmake/export_yolov8_msgs__rosidl_typesupport_fastrtps_cExport.cmake
[0.339s] -- Up-to-date: /home/mta/yolobot/install/yolov8_msgs/share/yolov8_msgs/cmake/export_yolov8_msgs__rosidl_typesupport_fastrtps_cExport-noconfig.cmake
[0.339s] -- Up-to-date: /home/mta/yolobot/install/yolov8_msgs/share/yolov8_msgs/cmake/export_yolov8_msgs__rosidl_generator_cppExport.cmake
[0.340s] -- Up-to-date: /home/mta/yolobot/install/yolov8_msgs/share/yolov8_msgs/cmake/export_yolov8_msgs__rosidl_typesupport_fastrtps_cppExport.cmake
[0.340s] -- Up-to-date: /home/mta/yolobot/install/yolov8_msgs/share/yolov8_msgs/cmake/export_yolov8_msgs__rosidl_typesupport_fastrtps_cppExport-noconfig.cmake
[0.340s] -- Up-to-date: /home/mta/yolobot/install/yolov8_msgs/share/yolov8_msgs/cmake/yolov8_msgs__rosidl_typesupport_introspection_cExport.cmake
[0.340s] -- Up-to-date: /home/mta/yolobot/install/yolov8_msgs/share/yolov8_msgs/cmake/yolov8_msgs__rosidl_typesupport_introspection_cExport-noconfig.cmake
[0.341s] -- Up-to-date: /home/mta/yolobot/install/yolov8_msgs/share/yolov8_msgs/cmake/yolov8_msgs__rosidl_typesupport_cExport.cmake
[0.341s] -- Up-to-date: /home/mta/yolobot/install/yolov8_msgs/share/yolov8_msgs/cmake/yolov8_msgs__rosidl_typesupport_cExport-noconfig.cmake
[0.341s] -- Up-to-date: /home/mta/yolobot/install/yolov8_msgs/share/yolov8_msgs/cmake/yolov8_msgs__rosidl_typesupport_introspection_cppExport.cmake
[0.341s] -- Up-to-date: /home/mta/yolobot/install/yolov8_msgs/share/yolov8_msgs/cmake/yolov8_msgs__rosidl_typesupport_introspection_cppExport-noconfig.cmake
[0.342s] -- Up-to-date: /home/mta/yolobot/install/yolov8_msgs/share/yolov8_msgs/cmake/yolov8_msgs__rosidl_typesupport_cppExport.cmake
[0.342s] -- Up-to-date: /home/mta/yolobot/install/yolov8_msgs/share/yolov8_msgs/cmake/yolov8_msgs__rosidl_typesupport_cppExport-noconfig.cmake
[0.342s] -- Up-to-date: /home/mta/yolobot/install/yolov8_msgs/share/yolov8_msgs/cmake/export_yolov8_msgs__rosidl_generator_pyExport.cmake
[0.342s] -- Up-to-date: /home/mta/yolobot/install/yolov8_msgs/share/yolov8_msgs/cmake/export_yolov8_msgs__rosidl_generator_pyExport-noconfig.cmake
[0.342s] -- Up-to-date: /home/mta/yolobot/install/yolov8_msgs/share/yolov8_msgs/cmake/rosidl_cmake-extras.cmake
[0.342s] -- Up-to-date: /home/mta/yolobot/install/yolov8_msgs/share/yolov8_msgs/cmake/ament_cmake_export_dependencies-extras.cmake
[0.342s] -- Up-to-date: /home/mta/yolobot/install/yolov8_msgs/share/yolov8_msgs/cmake/ament_cmake_export_include_directories-extras.cmake
[0.342s] -- Up-to-date: /home/mta/yolobot/install/yolov8_msgs/share/yolov8_msgs/cmake/ament_cmake_export_libraries-extras.cmake
[0.342s] -- Up-to-date: /home/mta/yolobot/install/yolov8_msgs/share/yolov8_msgs/cmake/ament_cmake_export_targets-extras.cmake
[0.342s] -- Up-to-date: /home/mta/yolobot/install/yolov8_msgs/share/yolov8_msgs/cmake/rosidl_cmake_export_typesupport_targets-extras.cmake
[0.342s] -- Up-to-date: /home/mta/yolobot/install/yolov8_msgs/share/yolov8_msgs/cmake/rosidl_cmake_export_typesupport_libraries-extras.cmake
[0.342s] -- Up-to-date: /home/mta/yolobot/install/yolov8_msgs/share/yolov8_msgs/cmake/yolov8_msgsConfig.cmake
[0.342s] -- Up-to-date: /home/mta/yolobot/install/yolov8_msgs/share/yolov8_msgs/cmake/yolov8_msgsConfig-version.cmake
[0.342s] -- Up-to-date: /home/mta/yolobot/install/yolov8_msgs/share/yolov8_msgs/package.xml
[0.344s] Invoked command in '/home/mta/yolobot/build/yolov8_msgs' returned '0': CMAKE_PREFIX_PATH=${CMAKE_PREFIX_PATH}:/opt/ros/humble /usr/bin/cmake --install /home/mta/yolobot/build/yolov8_msgs
