[0.010s] Invoking command in '/home/mta/yolobot/build/yolobot_control': CMAKE_PREFIX_PATH=/opt/ros/humble /usr/bin/cmake /home/mta/yolobot/src/yolobot_control -DCMAKE_INSTALL_PREFIX=/home/mta/yolobot/install/yolobot_control
[0.129s] -- The C compiler identification is GNU 11.4.0
[0.160s] -- The CXX compiler identification is GNU 11.4.0
[0.164s] -- Detecting C compiler ABI info
[0.200s] -- Detecting C compiler ABI info - done
[0.204s] -- Check for working C compiler: /usr/bin/cc - skipped
[0.204s] -- Detecting C compile features
[0.204s] -- Detecting C compile features - done
[0.206s] -- Detecting CXX compiler ABI info
[0.249s] -- Detecting CXX compiler ABI info - done
[0.253s] -- Check for working CXX compiler: /usr/bin/c++ - skipped
[0.253s] -- Detecting CXX compile features
[0.254s] -- Detecting CXX compile features - done
[0.255s] -- Found ament_cmake: 1.3.10 (/opt/ros/humble/share/ament_cmake/cmake)
[0.344s] -- Found Python3: /usr/bin/python3 (found version "3.10.12") found components: Interpreter 
[0.392s] -- Found ament_lint_auto: 0.12.11 (/opt/ros/humble/share/ament_lint_auto/cmake)
[0.434s] -- Added test 'copyright' to check source files copyright and LICENSE
[0.435s] -- Added test 'flake8' to check Python code syntax and style conventions
[0.435s] -- Added test 'lint_cmake' to check CMake code style
[0.435s] -- Added test 'pep257' to check Python code against some of the docstring style conventions in PEP 257
[0.436s] -- Added test 'xmllint' to check XML markup files
[0.436s] -- Configuring done
[0.437s] -- Generating done
[0.438s] -- Build files have been written to: /home/mta/yolobot/build/yolobot_control
[0.441s] Invoked command in '/home/mta/yolobot/build/yolobot_control' returned '0': CMAKE_PREFIX_PATH=/opt/ros/humble /usr/bin/cmake /home/mta/yolobot/src/yolobot_control -DCMAKE_INSTALL_PREFIX=/home/mta/yolobot/install/yolobot_control
[0.442s] Invoking command in '/home/mta/yolobot/build/yolobot_control': CMAKE_PREFIX_PATH=/opt/ros/humble /usr/bin/cmake --build /home/mta/yolobot/build/yolobot_control -- -j20 -l20
[0.465s] Invoked command in '/home/mta/yolobot/build/yolobot_control' returned '0': CMAKE_PREFIX_PATH=/opt/ros/humble /usr/bin/cmake --build /home/mta/yolobot/build/yolobot_control -- -j20 -l20
[0.484s] Invoking command in '/home/mta/yolobot/build/yolobot_control': CMAKE_PREFIX_PATH=/opt/ros/humble /usr/bin/cmake --install /home/mta/yolobot/build/yolobot_control
[0.488s] -- Install configuration: ""
[0.488s] -- Installing: /home/mta/yolobot/install/yolobot_control/share/yolobot_control//scripts
[0.488s] -- Installing: /home/mta/yolobot/install/yolobot_control/share/yolobot_control//scripts/robot_control.py
[0.488s] -- Installing: /home/mta/yolobot/install/yolobot_control/share/yolobot_control//launch
[0.488s] -- Installing: /home/mta/yolobot/install/yolobot_control/share/yolobot_control//launch/yolobot_control.launch.py
[0.488s] -- Installing: /home/mta/yolobot/install/yolobot_control/lib/yolobot_control/robot_control.py
[0.488s] -- Installing: /home/mta/yolobot/install/yolobot_control/lib/yolobot_control/yolobot_control.launch.py
[0.488s] -- Installing: /home/mta/yolobot/install/yolobot_control/share/ament_index/resource_index/package_run_dependencies/yolobot_control
[0.488s] -- Installing: /home/mta/yolobot/install/yolobot_control/share/ament_index/resource_index/parent_prefix_path/yolobot_control
[0.488s] -- Installing: /home/mta/yolobot/install/yolobot_control/share/yolobot_control/environment/ament_prefix_path.sh
[0.488s] -- Installing: /home/mta/yolobot/install/yolobot_control/share/yolobot_control/environment/ament_prefix_path.dsv
[0.489s] -- Installing: /home/mta/yolobot/install/yolobot_control/share/yolobot_control/environment/path.sh
[0.489s] -- Installing: /home/mta/yolobot/install/yolobot_control/share/yolobot_control/environment/path.dsv
[0.489s] -- Installing: /home/mta/yolobot/install/yolobot_control/share/yolobot_control/local_setup.bash
[0.489s] -- Installing: /home/mta/yolobot/install/yolobot_control/share/yolobot_control/local_setup.sh
[0.489s] -- Installing: /home/mta/yolobot/install/yolobot_control/share/yolobot_control/local_setup.zsh
[0.489s] -- Installing: /home/mta/yolobot/install/yolobot_control/share/yolobot_control/local_setup.dsv
[0.489s] -- Installing: /home/mta/yolobot/install/yolobot_control/share/yolobot_control/package.dsv
[0.489s] -- Installing: /home/mta/yolobot/install/yolobot_control/share/ament_index/resource_index/packages/yolobot_control
[0.489s] -- Installing: /home/mta/yolobot/install/yolobot_control/share/yolobot_control/cmake/yolobot_controlConfig.cmake
[0.489s] -- Installing: /home/mta/yolobot/install/yolobot_control/share/yolobot_control/cmake/yolobot_controlConfig-version.cmake
[0.489s] -- Installing: /home/mta/yolobot/install/yolobot_control/share/yolobot_control/package.xml
[0.502s] Invoked command in '/home/mta/yolobot/build/yolobot_control' returned '0': CMAKE_PREFIX_PATH=/opt/ros/humble /usr/bin/cmake --install /home/mta/yolobot/build/yolobot_control
