[0.011s] Invoking command in '/home/mta/project_helios/build/yolov8_msgs': CMAKE_PREFIX_PATH=/opt/ros/humble /usr/bin/cmake /home/mta/project_helios/src/yolov8_msgs -DCMAKE_INSTALL_PREFIX=/home/mta/project_helios/install/yolov8_msgs
[0.040s] -- The C compiler identification is GNU 11.4.0
[0.075s] -- The CXX compiler identification is GNU 11.4.0
[0.080s] -- Detecting C compiler ABI info
[0.121s] -- Detecting C compiler ABI info - done
[0.126s] -- Check for working C compiler: /usr/bin/cc - skipped
[0.126s] -- Detecting C compile features
[0.126s] -- Detecting C compile features - done
[0.128s] -- Detecting CXX compiler ABI info
[0.230s] -- Detecting CXX compiler ABI info - done
[0.234s] -- Check for working CXX compiler: /usr/bin/c++ - skipped
[0.234s] -- Detecting CXX compile features
[0.234s] -- Detecting CXX compile features - done
[0.235s] -- Found ament_cmake: 1.3.10 (/opt/ros/humble/share/ament_cmake/cmake)
[0.490s] -- Found Python3: /usr/bin/python3 (found version "3.10.12") found components: Interpreter 
[0.542s] -- Found std_msgs: 4.2.4 (/opt/ros/humble/share/std_msgs/cmake)
[0.557s] -- Found rosidl_generator_c: 3.1.5 (/opt/ros/humble/share/rosidl_generator_c/cmake)
[0.560s] -- Found rosidl_adapter: 3.1.5 (/opt/ros/humble/share/rosidl_adapter/cmake)
[0.563s] -- Found rosidl_generator_cpp: 3.1.5 (/opt/ros/humble/share/rosidl_generator_cpp/cmake)
[0.569s] -- Using all available rosidl_typesupport_c: rosidl_typesupport_fastrtps_c;rosidl_typesupport_introspection_c
[0.577s] -- Using all available rosidl_typesupport_cpp: rosidl_typesupport_fastrtps_cpp;rosidl_typesupport_introspection_cpp
[0.589s] -- Found rosidl_default_generators: 1.2.0 (/opt/ros/humble/share/rosidl_default_generators/cmake)
[0.743s] -- Found ament_cmake_ros: 0.10.0 (/opt/ros/humble/share/ament_cmake_ros/cmake)
[0.946s] -- Using all available rosidl_typesupport_c: rosidl_typesupport_fastrtps_c;rosidl_typesupport_introspection_c
[1.039s] -- Using all available rosidl_typesupport_cpp: rosidl_typesupport_fastrtps_cpp;rosidl_typesupport_introspection_cpp
[1.063s] -- Found PythonInterp: /usr/bin/python3 (found suitable version "3.10.12", minimum required is "3.6") 
[1.063s] -- Found python_cmake_module: 0.10.0 (/opt/ros/humble/share/python_cmake_module/cmake)
[1.085s] -- Found PythonLibs: /usr/lib/x86_64-linux-gnu/libpython3.10.so (found suitable version "3.10.12", minimum required is "3.5") 
[1.085s] -- Using PYTHON_EXECUTABLE: /usr/bin/python3
[1.085s] -- Using PYTHON_INCLUDE_DIRS: /usr/include/python3.10
[1.085s] -- Using PYTHON_LIBRARIES: /usr/lib/x86_64-linux-gnu/libpython3.10.so
[1.097s] -- Found PythonExtra: .so  
[1.122s] -- Found ament_lint_auto: 0.12.11 (/opt/ros/humble/share/ament_lint_auto/cmake)
[1.130s] -- Added test 'copyright' to check source files copyright and LICENSE
[1.131s] -- Added test 'lint_cmake' to check CMake code style
[1.131s] -- Added test 'xmllint' to check XML markup files
[1.132s] -- Configuring done
[1.147s] -- Generating done
[1.149s] -- Build files have been written to: /home/mta/project_helios/build/yolov8_msgs
[1.152s] Invoked command in '/home/mta/project_helios/build/yolov8_msgs' returned '0': CMAKE_PREFIX_PATH=/opt/ros/humble /usr/bin/cmake /home/mta/project_helios/src/yolov8_msgs -DCMAKE_INSTALL_PREFIX=/home/mta/project_helios/install/yolov8_msgs
[1.153s] Invoking command in '/home/mta/project_helios/build/yolov8_msgs': CMAKE_PREFIX_PATH=/opt/ros/humble /usr/bin/cmake --build /home/mta/project_helios/build/yolov8_msgs -- -j20 -l20
[1.179s] [  2%] [34m[1mGenerating C code for ROS interfaces[0m
[1.189s] [  5%] [34m[1mGenerating C++ code for ROS interfaces[0m
[1.193s] [  5%] Built target ament_cmake_python_copy_yolov8_msgs
[1.307s] running egg_info
[1.307s] creating yolov8_msgs.egg-info
[1.313s] writing yolov8_msgs.egg-info/PKG-INFO
[1.313s] writing dependency_links to yolov8_msgs.egg-info/dependency_links.txt
[1.314s] writing top-level names to yolov8_msgs.egg-info/top_level.txt
[1.314s] writing manifest file 'yolov8_msgs.egg-info/SOURCES.txt'
[1.336s] reading manifest file 'yolov8_msgs.egg-info/SOURCES.txt'
[1.337s] [  5%] Built target yolov8_msgs__cpp
[1.342s] [  7%] [32mBuilding C object CMakeFiles/yolov8_msgs__rosidl_generator_c.dir/rosidl_generator_c/yolov8_msgs/msg/detail/yolov8_inference__functions.c.o[0m
[1.342s] [ 10%] [32mBuilding C object CMakeFiles/yolov8_msgs__rosidl_generator_c.dir/rosidl_generator_c/yolov8_msgs/msg/detail/inference_result__functions.c.o[0m
[1.342s] [ 12%] [34m[1mGenerating C++ type support for eProsima Fast-RTPS[0m
[1.343s] [ 15%] [34m[1mGenerating C++ introspection for ROS interfaces[0m
[1.343s] [ 17%] [34m[1mGenerating C++ type support dispatch for ROS interfaces[0m
[1.345s] Traceback (most recent call last):
[1.345s]   File "/home/mta/project_helios/build/yolov8_msgs/ament_cmake_python/yolov8_msgs/setup.py", line 4, in <module>
[1.345s]     setup(
[1.345s]   File "/home/mta/.local/lib/python3.10/site-packages/setuptools/__init__.py", line 117, in setup
[1.345s]     return distutils.core.setup(**attrs)
[1.345s]   File "/home/mta/.local/lib/python3.10/site-packages/setuptools/_distutils/core.py", line 184, in setup
[1.345s]     return run_commands(dist)
[1.346s]   File "/home/mta/.local/lib/python3.10/site-packages/setuptools/_distutils/core.py", line 200, in run_commands
[1.346s]     dist.run_commands()
[1.346s]   File "/home/mta/.local/lib/python3.10/site-packages/setuptools/_distutils/dist.py", line 954, in run_commands
[1.346s]     self.run_command(cmd)
[1.346s]   File "/home/mta/.local/lib/python3.10/site-packages/setuptools/dist.py", line 950, in run_command
[1.346s]     super().run_command(command)
[1.346s]   File "/home/mta/.local/lib/python3.10/site-packages/setuptools/_distutils/dist.py", line 973, in run_command
[1.346s]     cmd_obj.run()
[1.346s]   File "/home/mta/.local/lib/python3.10/site-packages/setuptools/command/egg_info.py", line 311, in run
[1.346s]     self.find_sources()
[1.346s]   File "/home/mta/.local/lib/python3.10/site-packages/setuptools/command/egg_info.py", line 319, in find_sources
[1.346s]     mm.run()
[1.346s]   File "/home/mta/.local/lib/python3.10/site-packages/setuptools/command/egg_info.py", line 545, in run
[1.346s]     self.prune_file_list()
[1.347s]   File "/home/mta/.local/lib/python3.10/site-packages/setuptools/command/sdist.py", line 161, in prune_file_list
[1.347s]     super().prune_file_list()
[1.347s]   File "/home/mta/.local/lib/python3.10/site-packages/setuptools/_distutils/command/sdist.py", line 392, in prune_file_list
[1.347s]     base_dir = self.distribution.get_fullname()
[1.347s]   File "/home/mta/.local/lib/python3.10/site-packages/setuptools/_core_metadata.py", line 267, in get_fullname
[1.347s]     return _distribution_fullname(self.get_name(), self.get_version())
[1.347s]   File "/home/mta/.local/lib/python3.10/site-packages/setuptools/_core_metadata.py", line 285, in _distribution_fullname
[1.347s]     canonicalize_version(version, strip_trailing_zero=False),
[1.347s] TypeError: canonicalize_version() got an unexpected keyword argument 'strip_trailing_zero'
[1.363s] gmake[2]: *** [CMakeFiles/ament_cmake_python_build_yolov8_msgs_egg.dir/build.make:70: CMakeFiles/ament_cmake_python_build_yolov8_msgs_egg] Error 1
[1.363s] gmake[1]: *** [CMakeFiles/Makefile2:447: CMakeFiles/ament_cmake_python_build_yolov8_msgs_egg.dir/all] Error 2
[1.363s] gmake[1]: *** Waiting for unfinished jobs....
[1.369s] [ 20%] [32m[1mLinking C shared library libyolov8_msgs__rosidl_generator_c.so[0m
[1.395s] [ 20%] Built target yolov8_msgs__rosidl_generator_c
[1.476s] [ 23%] [32mBuilding CXX object CMakeFiles/yolov8_msgs__rosidl_typesupport_cpp.dir/rosidl_typesupport_cpp/yolov8_msgs/msg/inference_result__type_support.cpp.o[0m
[1.477s] [ 25%] [32mBuilding CXX object CMakeFiles/yolov8_msgs__rosidl_typesupport_cpp.dir/rosidl_typesupport_cpp/yolov8_msgs/msg/yolov8_inference__type_support.cpp.o[0m
[1.485s] [ 28%] [32mBuilding CXX object CMakeFiles/yolov8_msgs__rosidl_typesupport_introspection_cpp.dir/rosidl_typesupport_introspection_cpp/yolov8_msgs/msg/detail/yolov8_inference__type_support.cpp.o[0m
[1.486s] [ 30%] [32mBuilding CXX object CMakeFiles/yolov8_msgs__rosidl_typesupport_introspection_cpp.dir/rosidl_typesupport_introspection_cpp/yolov8_msgs/msg/detail/inference_result__type_support.cpp.o[0m
[1.492s] [ 33%] [32mBuilding CXX object CMakeFiles/yolov8_msgs__rosidl_typesupport_fastrtps_cpp.dir/rosidl_typesupport_fastrtps_cpp/yolov8_msgs/msg/detail/dds_fastrtps/inference_result__type_support.cpp.o[0m
[1.492s] [ 35%] [32mBuilding CXX object CMakeFiles/yolov8_msgs__rosidl_typesupport_fastrtps_cpp.dir/rosidl_typesupport_fastrtps_cpp/yolov8_msgs/msg/detail/dds_fastrtps/yolov8_inference__type_support.cpp.o[0m
[1.608s] [ 38%] [32m[1mLinking CXX shared library libyolov8_msgs__rosidl_typesupport_cpp.so[0m
[1.637s] [ 38%] Built target yolov8_msgs__rosidl_typesupport_cpp
[1.698s] [ 41%] [32m[1mLinking CXX shared library libyolov8_msgs__rosidl_typesupport_introspection_cpp.so[0m
[1.704s] [ 43%] [32m[1mLinking CXX shared library libyolov8_msgs__rosidl_typesupport_fastrtps_cpp.so[0m
[1.751s] [ 43%] Built target yolov8_msgs__rosidl_typesupport_introspection_cpp
[1.754s] [ 43%] Built target yolov8_msgs__rosidl_typesupport_fastrtps_cpp
[1.755s] gmake: *** [Makefile:146: all] Error 2
[1.757s] Invoked command in '/home/mta/project_helios/build/yolov8_msgs' returned '2': CMAKE_PREFIX_PATH=/opt/ros/humble /usr/bin/cmake --build /home/mta/project_helios/build/yolov8_msgs -- -j20 -l20
