[0.010s] Invoking command in '/home/mta/project_helios/build/helios_gazebo': CMAKE_PREFIX_PATH=/opt/ros/humble /usr/bin/cmake /home/mta/project_helios/src/helios_gazebo -DCMAKE_INSTALL_PREFIX=/home/mta/project_helios/install/helios_gazebo
[1.178s] -- The C compiler identification is GNU 11.4.0
[1.959s] -- The CXX compiler identification is GNU 11.4.0
[1.972s] -- Detecting C compiler ABI info
[2.020s] -- Detecting C compiler ABI info - done
[2.024s] -- Check for working C compiler: /usr/bin/cc - skipped
[2.024s] -- Detecting C compile features
[2.026s] -- Detecting C compile features - done
[2.029s] -- Detecting CXX compiler ABI info
[2.078s] -- Detecting CXX compiler ABI info - done
[2.082s] -- Check for working CXX compiler: /usr/bin/c++ - skipped
[2.083s] -- Detecting CXX compile features
[2.083s] -- Detecting CXX compile features - done
[2.087s] -- Found ament_cmake: 1.3.10 (/opt/ros/humble/share/ament_cmake/cmake)
[2.341s] -- Found Python3: /usr/bin/python3 (found version "3.10.12") found components: Interpreter 
[2.456s] -- Found rclpy: 3.3.14 (/opt/ros/humble/share/rclpy/cmake)
[2.457s] -- Found ament_lint_auto: 0.12.11 (/opt/ros/humble/share/ament_lint_auto/cmake)
[2.532s] -- Added test 'copyright' to check source files copyright and LICENSE
[2.534s] -- Added test 'flake8' to check Python code syntax and style conventions
[2.535s] -- Added test 'lint_cmake' to check CMake code style
[2.535s] -- Added test 'pep257' to check Python code against some of the docstring style conventions in PEP 257
[2.537s] -- Added test 'xmllint' to check XML markup files
[2.538s] -- Configuring done
[2.539s] -- Generating done
[2.540s] -- Build files have been written to: /home/mta/project_helios/build/helios_gazebo
