[0.014s] Invoking command in '/home/mta/project_helios/build/yolov8_msgs': CMAKE_PREFIX_PATH=/opt/ros/humble /usr/bin/cmake --build /home/mta/project_helios/build/yolov8_msgs -- -j20 -l20
[0.038s] [35m[1mConsolidate compiler generated dependencies of target yolov8_msgs__rosidl_generator_c[0m
[0.047s] [  2%] Built target yolov8_msgs__cpp
[0.050s] [ 12%] Built target yolov8_msgs__rosidl_generator_c
[0.062s] [35m[1mConsolidate compiler generated dependencies of target yolov8_msgs__rosidl_typesupport_cpp[0m
[0.063s] [35m[1mConsolidate compiler generated dependencies of target yolov8_msgs__rosidl_typesupport_fastrtps_cpp[0m
[0.064s] [35m[1mConsolidate compiler generated dependencies of target yolov8_msgs__rosidl_typesupport_introspection_cpp[0m
[0.064s] [ 15%] [34m[1mGenerating C introspection for ROS interfaces[0m
[0.066s] [ 17%] [34m[1mGenerating C type support for eProsima Fast-RTPS[0m
[0.066s] [ 20%] [34m[1mGenerating C type support dispatch for ROS interfaces[0m
[0.066s] [ 20%] Built target ament_cmake_python_copy_yolov8_msgs
[0.077s] [ 30%] Built target yolov8_msgs__rosidl_typesupport_cpp
[0.077s] [ 41%] Built target yolov8_msgs__rosidl_typesupport_introspection_cpp
[0.079s] [ 51%] Built target yolov8_msgs__rosidl_typesupport_fastrtps_cpp
[0.205s] [ 53%] [32mBuilding CXX object CMakeFiles/yolov8_msgs__rosidl_typesupport_c.dir/rosidl_typesupport_c/yolov8_msgs/msg/yolov8_inference__type_support.cpp.o[0m
[0.205s] [ 56%] [32mBuilding CXX object CMakeFiles/yolov8_msgs__rosidl_typesupport_c.dir/rosidl_typesupport_c/yolov8_msgs/msg/inference_result__type_support.cpp.o[0m
[0.216s] [ 58%] [32mBuilding C object CMakeFiles/yolov8_msgs__rosidl_typesupport_introspection_c.dir/rosidl_typesupport_introspection_c/yolov8_msgs/msg/detail/yolov8_inference__type_support.c.o[0m
[0.217s] [ 61%] [32mBuilding C object CMakeFiles/yolov8_msgs__rosidl_typesupport_introspection_c.dir/rosidl_typesupport_introspection_c/yolov8_msgs/msg/detail/inference_result__type_support.c.o[0m
[0.220s] [ 64%] [32m[1mLinking CXX shared library libyolov8_msgs__rosidl_typesupport_c.so[0m
[0.223s] [ 66%] [32mBuilding CXX object CMakeFiles/yolov8_msgs__rosidl_typesupport_fastrtps_c.dir/rosidl_typesupport_fastrtps_c/yolov8_msgs/msg/detail/inference_result__type_support_c.cpp.o[0m
[0.225s] [ 69%] [32mBuilding CXX object CMakeFiles/yolov8_msgs__rosidl_typesupport_fastrtps_c.dir/rosidl_typesupport_fastrtps_c/yolov8_msgs/msg/detail/yolov8_inference__type_support_c.cpp.o[0m
[0.235s] [ 71%] [32m[1mLinking C shared library libyolov8_msgs__rosidl_typesupport_introspection_c.so[0m
[0.247s] [ 71%] Built target yolov8_msgs__rosidl_typesupport_c
[0.253s] running egg_info
[0.255s] [ 71%] Built target yolov8_msgs__rosidl_typesupport_introspection_c
[0.260s] writing yolov8_msgs.egg-info/PKG-INFO
[0.260s] writing dependency_links to yolov8_msgs.egg-info/dependency_links.txt
[0.261s] writing top-level names to yolov8_msgs.egg-info/top_level.txt
[0.280s] reading manifest file 'yolov8_msgs.egg-info/SOURCES.txt'
[0.281s] writing manifest file 'yolov8_msgs.egg-info/SOURCES.txt'
[0.308s] [ 71%] Built target ament_cmake_python_build_yolov8_msgs_egg
[0.385s] [ 74%] [32m[1mLinking CXX shared library libyolov8_msgs__rosidl_typesupport_fastrtps_c.so[0m
[0.431s] [ 74%] Built target yolov8_msgs__rosidl_typesupport_fastrtps_c
[0.449s] [ 74%] Built target yolov8_msgs
[0.485s] [ 76%] [34m[1mGenerating Python code for ROS interfaces[0m
[0.687s] [ 76%] Built target yolov8_msgs__py
[0.697s] [ 79%] [32mBuilding C object CMakeFiles/yolov8_msgs__rosidl_generator_py.dir/rosidl_generator_py/yolov8_msgs/msg/_yolov8_inference_s.c.o[0m
[0.698s] [ 82%] [32mBuilding C object CMakeFiles/yolov8_msgs__rosidl_generator_py.dir/rosidl_generator_py/yolov8_msgs/msg/_inference_result_s.c.o[0m
[0.754s] [ 84%] [32m[1mLinking C shared library rosidl_generator_py/yolov8_msgs/libyolov8_msgs__rosidl_generator_py.so[0m
[0.794s] [ 84%] Built target yolov8_msgs__rosidl_generator_py
[0.817s] [ 87%] [32mBuilding C object CMakeFiles/yolov8_msgs__rosidl_typesupport_fastrtps_c__pyext.dir/rosidl_generator_py/yolov8_msgs/_yolov8_msgs_s.ep.rosidl_typesupport_fastrtps_c.c.o[0m
[0.823s] [ 89%] [32mBuilding C object CMakeFiles/yolov8_msgs__rosidl_typesupport_c__pyext.dir/rosidl_generator_py/yolov8_msgs/_yolov8_msgs_s.ep.rosidl_typesupport_c.c.o[0m
[0.824s] [ 92%] [32mBuilding C object CMakeFiles/yolov8_msgs__rosidl_typesupport_introspection_c__pyext.dir/rosidl_generator_py/yolov8_msgs/_yolov8_msgs_s.ep.rosidl_typesupport_introspection_c.c.o[0m
[0.873s] [ 94%] [32m[1mLinking C shared library rosidl_generator_py/yolov8_msgs/yolov8_msgs_s__rosidl_typesupport_fastrtps_c.cpython-310-x86_64-linux-gnu.so[0m
[0.876s] [100%] [32m[1mLinking C shared library rosidl_generator_py/yolov8_msgs/yolov8_msgs_s__rosidl_typesupport_c.cpython-310-x86_64-linux-gnu.so[0m
[0.876s] [100%] [32m[1mLinking C shared library rosidl_generator_py/yolov8_msgs/yolov8_msgs_s__rosidl_typesupport_introspection_c.cpython-310-x86_64-linux-gnu.so[0m
[0.894s] [100%] Built target yolov8_msgs__rosidl_typesupport_fastrtps_c__pyext
[0.897s] [100%] Built target yolov8_msgs__rosidl_typesupport_c__pyext
[0.900s] [100%] Built target yolov8_msgs__rosidl_typesupport_introspection_c__pyext
[0.913s] Invoked command in '/home/mta/project_helios/build/yolov8_msgs' returned '0': CMAKE_PREFIX_PATH=/opt/ros/humble /usr/bin/cmake --build /home/mta/project_helios/build/yolov8_msgs -- -j20 -l20
[0.977s] Invoking command in '/home/mta/project_helios/build/yolov8_msgs': CMAKE_PREFIX_PATH=/opt/ros/humble /usr/bin/cmake --install /home/mta/project_helios/build/yolov8_msgs
[0.983s] -- Install configuration: ""
[0.984s] -- Installing: /home/mta/project_helios/install/yolov8_msgs/share/ament_index/resource_index/rosidl_interfaces/yolov8_msgs
[0.984s] -- Installing: /home/mta/project_helios/install/yolov8_msgs/include/yolov8_msgs/yolov8_msgs
[0.984s] -- Installing: /home/mta/project_helios/install/yolov8_msgs/include/yolov8_msgs/yolov8_msgs/msg
[0.984s] -- Installing: /home/mta/project_helios/install/yolov8_msgs/include/yolov8_msgs/yolov8_msgs/msg/yolov8_inference.h
[0.984s] -- Installing: /home/mta/project_helios/install/yolov8_msgs/include/yolov8_msgs/yolov8_msgs/msg/detail
[0.984s] -- Installing: /home/mta/project_helios/install/yolov8_msgs/include/yolov8_msgs/yolov8_msgs/msg/detail/yolov8_inference__struct.h
[0.984s] -- Installing: /home/mta/project_helios/install/yolov8_msgs/include/yolov8_msgs/yolov8_msgs/msg/detail/inference_result__type_support.h
[0.984s] -- Installing: /home/mta/project_helios/install/yolov8_msgs/include/yolov8_msgs/yolov8_msgs/msg/detail/yolov8_inference__type_support.h
[0.984s] -- Installing: /home/mta/project_helios/install/yolov8_msgs/include/yolov8_msgs/yolov8_msgs/msg/detail/inference_result__struct.h
[0.984s] -- Installing: /home/mta/project_helios/install/yolov8_msgs/include/yolov8_msgs/yolov8_msgs/msg/detail/yolov8_inference__functions.c
[0.984s] -- Installing: /home/mta/project_helios/install/yolov8_msgs/include/yolov8_msgs/yolov8_msgs/msg/detail/inference_result__functions.c
[0.984s] -- Installing: /home/mta/project_helios/install/yolov8_msgs/include/yolov8_msgs/yolov8_msgs/msg/detail/yolov8_inference__functions.h
[0.984s] -- Installing: /home/mta/project_helios/install/yolov8_msgs/include/yolov8_msgs/yolov8_msgs/msg/detail/inference_result__functions.h
[0.984s] -- Installing: /home/mta/project_helios/install/yolov8_msgs/include/yolov8_msgs/yolov8_msgs/msg/inference_result.h
[0.984s] -- Installing: /home/mta/project_helios/install/yolov8_msgs/include/yolov8_msgs/yolov8_msgs/msg/rosidl_generator_c__visibility_control.h
[0.984s] -- Installing: /home/mta/project_helios/install/yolov8_msgs/share/yolov8_msgs/environment/library_path.sh
[0.984s] -- Installing: /home/mta/project_helios/install/yolov8_msgs/share/yolov8_msgs/environment/library_path.dsv
[0.984s] -- Installing: /home/mta/project_helios/install/yolov8_msgs/lib/libyolov8_msgs__rosidl_generator_c.so
[0.984s] -- Set runtime path of "/home/mta/project_helios/install/yolov8_msgs/lib/libyolov8_msgs__rosidl_generator_c.so" to ""
[0.984s] -- Up-to-date: /home/mta/project_helios/install/yolov8_msgs/include/yolov8_msgs/yolov8_msgs
[0.984s] -- Up-to-date: /home/mta/project_helios/install/yolov8_msgs/include/yolov8_msgs/yolov8_msgs/msg
[0.984s] -- Up-to-date: /home/mta/project_helios/install/yolov8_msgs/include/yolov8_msgs/yolov8_msgs/msg/detail
[0.985s] -- Installing: /home/mta/project_helios/install/yolov8_msgs/include/yolov8_msgs/yolov8_msgs/msg/detail/inference_result__rosidl_typesupport_fastrtps_c.h
[0.985s] -- Installing: /home/mta/project_helios/install/yolov8_msgs/include/yolov8_msgs/yolov8_msgs/msg/detail/yolov8_inference__rosidl_typesupport_fastrtps_c.h
[0.985s] -- Installing: /home/mta/project_helios/install/yolov8_msgs/include/yolov8_msgs/yolov8_msgs/msg/rosidl_typesupport_fastrtps_c__visibility_control.h
[0.985s] -- Installing: /home/mta/project_helios/install/yolov8_msgs/lib/libyolov8_msgs__rosidl_typesupport_fastrtps_c.so
[0.985s] -- Set runtime path of "/home/mta/project_helios/install/yolov8_msgs/lib/libyolov8_msgs__rosidl_typesupport_fastrtps_c.so" to ""
[0.985s] -- Up-to-date: /home/mta/project_helios/install/yolov8_msgs/include/yolov8_msgs/yolov8_msgs
[0.985s] -- Up-to-date: /home/mta/project_helios/install/yolov8_msgs/include/yolov8_msgs/yolov8_msgs/msg
[0.985s] -- Up-to-date: /home/mta/project_helios/install/yolov8_msgs/include/yolov8_msgs/yolov8_msgs/msg/detail
[0.985s] -- Installing: /home/mta/project_helios/install/yolov8_msgs/include/yolov8_msgs/yolov8_msgs/msg/detail/yolov8_inference__struct.hpp
[0.985s] -- Installing: /home/mta/project_helios/install/yolov8_msgs/include/yolov8_msgs/yolov8_msgs/msg/detail/yolov8_inference__traits.hpp
[0.985s] -- Installing: /home/mta/project_helios/install/yolov8_msgs/include/yolov8_msgs/yolov8_msgs/msg/detail/inference_result__struct.hpp
[0.985s] -- Installing: /home/mta/project_helios/install/yolov8_msgs/include/yolov8_msgs/yolov8_msgs/msg/detail/inference_result__traits.hpp
[0.985s] -- Installing: /home/mta/project_helios/install/yolov8_msgs/include/yolov8_msgs/yolov8_msgs/msg/detail/inference_result__builder.hpp
[0.985s] -- Installing: /home/mta/project_helios/install/yolov8_msgs/include/yolov8_msgs/yolov8_msgs/msg/detail/yolov8_inference__builder.hpp
[0.985s] -- Installing: /home/mta/project_helios/install/yolov8_msgs/include/yolov8_msgs/yolov8_msgs/msg/inference_result.hpp
[0.985s] -- Installing: /home/mta/project_helios/install/yolov8_msgs/include/yolov8_msgs/yolov8_msgs/msg/yolov8_inference.hpp
[0.985s] -- Up-to-date: /home/mta/project_helios/install/yolov8_msgs/include/yolov8_msgs/yolov8_msgs
[0.985s] -- Up-to-date: /home/mta/project_helios/install/yolov8_msgs/include/yolov8_msgs/yolov8_msgs/msg
[0.985s] -- Installing: /home/mta/project_helios/install/yolov8_msgs/include/yolov8_msgs/yolov8_msgs/msg/rosidl_typesupport_fastrtps_cpp__visibility_control.h
[0.985s] -- Up-to-date: /home/mta/project_helios/install/yolov8_msgs/include/yolov8_msgs/yolov8_msgs/msg/detail
[0.985s] -- Installing: /home/mta/project_helios/install/yolov8_msgs/include/yolov8_msgs/yolov8_msgs/msg/detail/inference_result__rosidl_typesupport_fastrtps_cpp.hpp
[0.985s] -- Installing: /home/mta/project_helios/install/yolov8_msgs/include/yolov8_msgs/yolov8_msgs/msg/detail/yolov8_inference__rosidl_typesupport_fastrtps_cpp.hpp
[0.985s] -- Installing: /home/mta/project_helios/install/yolov8_msgs/include/yolov8_msgs/yolov8_msgs/msg/detail/dds_fastrtps
[0.985s] -- Installing: /home/mta/project_helios/install/yolov8_msgs/lib/libyolov8_msgs__rosidl_typesupport_fastrtps_cpp.so
[0.985s] -- Set runtime path of "/home/mta/project_helios/install/yolov8_msgs/lib/libyolov8_msgs__rosidl_typesupport_fastrtps_cpp.so" to ""
[0.985s] -- Up-to-date: /home/mta/project_helios/install/yolov8_msgs/include/yolov8_msgs/yolov8_msgs
[0.985s] -- Up-to-date: /home/mta/project_helios/install/yolov8_msgs/include/yolov8_msgs/yolov8_msgs/msg
[0.985s] -- Up-to-date: /home/mta/project_helios/install/yolov8_msgs/include/yolov8_msgs/yolov8_msgs/msg/detail
[0.985s] -- Installing: /home/mta/project_helios/install/yolov8_msgs/include/yolov8_msgs/yolov8_msgs/msg/detail/inference_result__rosidl_typesupport_introspection_c.h
[0.986s] -- Installing: /home/mta/project_helios/install/yolov8_msgs/include/yolov8_msgs/yolov8_msgs/msg/detail/inference_result__type_support.c
[0.986s] -- Installing: /home/mta/project_helios/install/yolov8_msgs/include/yolov8_msgs/yolov8_msgs/msg/detail/yolov8_inference__type_support.c
[0.986s] -- Installing: /home/mta/project_helios/install/yolov8_msgs/include/yolov8_msgs/yolov8_msgs/msg/detail/yolov8_inference__rosidl_typesupport_introspection_c.h
[0.986s] -- Installing: /home/mta/project_helios/install/yolov8_msgs/include/yolov8_msgs/yolov8_msgs/msg/rosidl_typesupport_introspection_c__visibility_control.h
[0.986s] -- Installing: /home/mta/project_helios/install/yolov8_msgs/lib/libyolov8_msgs__rosidl_typesupport_introspection_c.so
[0.986s] -- Set runtime path of "/home/mta/project_helios/install/yolov8_msgs/lib/libyolov8_msgs__rosidl_typesupport_introspection_c.so" to ""
[0.986s] -- Installing: /home/mta/project_helios/install/yolov8_msgs/lib/libyolov8_msgs__rosidl_typesupport_c.so
[0.986s] -- Set runtime path of "/home/mta/project_helios/install/yolov8_msgs/lib/libyolov8_msgs__rosidl_typesupport_c.so" to ""
[0.986s] -- Up-to-date: /home/mta/project_helios/install/yolov8_msgs/include/yolov8_msgs/yolov8_msgs
[0.986s] -- Up-to-date: /home/mta/project_helios/install/yolov8_msgs/include/yolov8_msgs/yolov8_msgs/msg
[0.986s] -- Up-to-date: /home/mta/project_helios/install/yolov8_msgs/include/yolov8_msgs/yolov8_msgs/msg/detail
[0.986s] -- Installing: /home/mta/project_helios/install/yolov8_msgs/include/yolov8_msgs/yolov8_msgs/msg/detail/inference_result__type_support.cpp
[0.986s] -- Installing: /home/mta/project_helios/install/yolov8_msgs/include/yolov8_msgs/yolov8_msgs/msg/detail/yolov8_inference__rosidl_typesupport_introspection_cpp.hpp
[0.986s] -- Installing: /home/mta/project_helios/install/yolov8_msgs/include/yolov8_msgs/yolov8_msgs/msg/detail/yolov8_inference__type_support.cpp
[0.986s] -- Installing: /home/mta/project_helios/install/yolov8_msgs/include/yolov8_msgs/yolov8_msgs/msg/detail/inference_result__rosidl_typesupport_introspection_cpp.hpp
[0.986s] -- Installing: /home/mta/project_helios/install/yolov8_msgs/lib/libyolov8_msgs__rosidl_typesupport_introspection_cpp.so
[0.986s] -- Set runtime path of "/home/mta/project_helios/install/yolov8_msgs/lib/libyolov8_msgs__rosidl_typesupport_introspection_cpp.so" to ""
[0.986s] -- Installing: /home/mta/project_helios/install/yolov8_msgs/lib/libyolov8_msgs__rosidl_typesupport_cpp.so
[0.986s] -- Set runtime path of "/home/mta/project_helios/install/yolov8_msgs/lib/libyolov8_msgs__rosidl_typesupport_cpp.so" to ""
[0.986s] -- Installing: /home/mta/project_helios/install/yolov8_msgs/share/yolov8_msgs/environment/pythonpath.sh
[0.987s] -- Installing: /home/mta/project_helios/install/yolov8_msgs/share/yolov8_msgs/environment/pythonpath.dsv
[0.987s] -- Installing: /home/mta/project_helios/install/yolov8_msgs/local/lib/python3.10/dist-packages/yolov8_msgs-0.0.0-py3.10.egg-info
[0.987s] -- Installing: /home/mta/project_helios/install/yolov8_msgs/local/lib/python3.10/dist-packages/yolov8_msgs-0.0.0-py3.10.egg-info/PKG-INFO
[0.987s] -- Installing: /home/mta/project_helios/install/yolov8_msgs/local/lib/python3.10/dist-packages/yolov8_msgs-0.0.0-py3.10.egg-info/SOURCES.txt
[0.987s] -- Installing: /home/mta/project_helios/install/yolov8_msgs/local/lib/python3.10/dist-packages/yolov8_msgs-0.0.0-py3.10.egg-info/top_level.txt
[0.987s] -- Installing: /home/mta/project_helios/install/yolov8_msgs/local/lib/python3.10/dist-packages/yolov8_msgs-0.0.0-py3.10.egg-info/dependency_links.txt
[0.987s] -- Installing: /home/mta/project_helios/install/yolov8_msgs/local/lib/python3.10/dist-packages/yolov8_msgs
[0.987s] -- Installing: /home/mta/project_helios/install/yolov8_msgs/local/lib/python3.10/dist-packages/yolov8_msgs/msg
[0.987s] -- Installing: /home/mta/project_helios/install/yolov8_msgs/local/lib/python3.10/dist-packages/yolov8_msgs/msg/_inference_result_s.c
[0.987s] -- Installing: /home/mta/project_helios/install/yolov8_msgs/local/lib/python3.10/dist-packages/yolov8_msgs/msg/__init__.py
[0.987s] -- Installing: /home/mta/project_helios/install/yolov8_msgs/local/lib/python3.10/dist-packages/yolov8_msgs/msg/_inference_result.py
[0.987s] -- Installing: /home/mta/project_helios/install/yolov8_msgs/local/lib/python3.10/dist-packages/yolov8_msgs/msg/_yolov8_inference.py
[0.988s] -- Installing: /home/mta/project_helios/install/yolov8_msgs/local/lib/python3.10/dist-packages/yolov8_msgs/msg/_yolov8_inference_s.c
[0.988s] -- Installing: /home/mta/project_helios/install/yolov8_msgs/local/lib/python3.10/dist-packages/yolov8_msgs/yolov8_msgs_s__rosidl_typesupport_introspection_c.cpython-310-x86_64-linux-gnu.so
[0.988s] -- Installing: /home/mta/project_helios/install/yolov8_msgs/local/lib/python3.10/dist-packages/yolov8_msgs/__init__.py
[0.988s] -- Installing: /home/mta/project_helios/install/yolov8_msgs/local/lib/python3.10/dist-packages/yolov8_msgs/yolov8_msgs_s__rosidl_typesupport_fastrtps_c.cpython-310-x86_64-linux-gnu.so
[0.988s] -- Installing: /home/mta/project_helios/install/yolov8_msgs/local/lib/python3.10/dist-packages/yolov8_msgs/libyolov8_msgs__rosidl_generator_py.so
[0.988s] -- Installing: /home/mta/project_helios/install/yolov8_msgs/local/lib/python3.10/dist-packages/yolov8_msgs/_yolov8_msgs_s.ep.rosidl_typesupport_c.c
[0.988s] -- Installing: /home/mta/project_helios/install/yolov8_msgs/local/lib/python3.10/dist-packages/yolov8_msgs/yolov8_msgs_s__rosidl_typesupport_c.cpython-310-x86_64-linux-gnu.so
[0.988s] -- Installing: /home/mta/project_helios/install/yolov8_msgs/local/lib/python3.10/dist-packages/yolov8_msgs/_yolov8_msgs_s.ep.rosidl_typesupport_fastrtps_c.c
[0.988s] -- Installing: /home/mta/project_helios/install/yolov8_msgs/local/lib/python3.10/dist-packages/yolov8_msgs/_yolov8_msgs_s.ep.rosidl_typesupport_introspection_c.c
[1.010s] Listing '/home/mta/project_helios/install/yolov8_msgs/local/lib/python3.10/dist-packages/yolov8_msgs'...
[1.010s] Compiling '/home/mta/project_helios/install/yolov8_msgs/local/lib/python3.10/dist-packages/yolov8_msgs/__init__.py'...
[1.011s] Listing '/home/mta/project_helios/install/yolov8_msgs/local/lib/python3.10/dist-packages/yolov8_msgs/msg'...
[1.011s] Compiling '/home/mta/project_helios/install/yolov8_msgs/local/lib/python3.10/dist-packages/yolov8_msgs/msg/__init__.py'...
[1.011s] Compiling '/home/mta/project_helios/install/yolov8_msgs/local/lib/python3.10/dist-packages/yolov8_msgs/msg/_inference_result.py'...
[1.011s] Compiling '/home/mta/project_helios/install/yolov8_msgs/local/lib/python3.10/dist-packages/yolov8_msgs/msg/_yolov8_inference.py'...
[1.015s] -- Installing: /home/mta/project_helios/install/yolov8_msgs/local/lib/python3.10/dist-packages/yolov8_msgs/yolov8_msgs_s__rosidl_typesupport_fastrtps_c.cpython-310-x86_64-linux-gnu.so
[1.015s] -- Set runtime path of "/home/mta/project_helios/install/yolov8_msgs/local/lib/python3.10/dist-packages/yolov8_msgs/yolov8_msgs_s__rosidl_typesupport_fastrtps_c.cpython-310-x86_64-linux-gnu.so" to ""
[1.015s] -- Installing: /home/mta/project_helios/install/yolov8_msgs/local/lib/python3.10/dist-packages/yolov8_msgs/yolov8_msgs_s__rosidl_typesupport_introspection_c.cpython-310-x86_64-linux-gnu.so
[1.015s] -- Set runtime path of "/home/mta/project_helios/install/yolov8_msgs/local/lib/python3.10/dist-packages/yolov8_msgs/yolov8_msgs_s__rosidl_typesupport_introspection_c.cpython-310-x86_64-linux-gnu.so" to ""
[1.015s] -- Installing: /home/mta/project_helios/install/yolov8_msgs/local/lib/python3.10/dist-packages/yolov8_msgs/yolov8_msgs_s__rosidl_typesupport_c.cpython-310-x86_64-linux-gnu.so
[1.016s] -- Set runtime path of "/home/mta/project_helios/install/yolov8_msgs/local/lib/python3.10/dist-packages/yolov8_msgs/yolov8_msgs_s__rosidl_typesupport_c.cpython-310-x86_64-linux-gnu.so" to ""
[1.016s] -- Installing: /home/mta/project_helios/install/yolov8_msgs/lib/libyolov8_msgs__rosidl_generator_py.so
[1.016s] -- Set runtime path of "/home/mta/project_helios/install/yolov8_msgs/lib/libyolov8_msgs__rosidl_generator_py.so" to ""
[1.016s] -- Installing: /home/mta/project_helios/install/yolov8_msgs/share/yolov8_msgs/msg/InferenceResult.idl
[1.016s] -- Installing: /home/mta/project_helios/install/yolov8_msgs/share/yolov8_msgs/msg/Yolov8Inference.idl
[1.016s] -- Installing: /home/mta/project_helios/install/yolov8_msgs/share/yolov8_msgs/msg/InferenceResult.msg
[1.016s] -- Installing: /home/mta/project_helios/install/yolov8_msgs/share/yolov8_msgs/msg/Yolov8Inference.msg
[1.016s] -- Installing: /home/mta/project_helios/install/yolov8_msgs/share/ament_index/resource_index/package_run_dependencies/yolov8_msgs
[1.016s] -- Installing: /home/mta/project_helios/install/yolov8_msgs/share/ament_index/resource_index/parent_prefix_path/yolov8_msgs
[1.017s] -- Installing: /home/mta/project_helios/install/yolov8_msgs/share/yolov8_msgs/environment/ament_prefix_path.sh
[1.017s] -- Installing: /home/mta/project_helios/install/yolov8_msgs/share/yolov8_msgs/environment/ament_prefix_path.dsv
[1.017s] -- Installing: /home/mta/project_helios/install/yolov8_msgs/share/yolov8_msgs/environment/path.sh
[1.017s] -- Installing: /home/mta/project_helios/install/yolov8_msgs/share/yolov8_msgs/environment/path.dsv
[1.017s] -- Installing: /home/mta/project_helios/install/yolov8_msgs/share/yolov8_msgs/local_setup.bash
[1.017s] -- Installing: /home/mta/project_helios/install/yolov8_msgs/share/yolov8_msgs/local_setup.sh
[1.017s] -- Installing: /home/mta/project_helios/install/yolov8_msgs/share/yolov8_msgs/local_setup.zsh
[1.017s] -- Installing: /home/mta/project_helios/install/yolov8_msgs/share/yolov8_msgs/local_setup.dsv
[1.017s] -- Up-to-date: /home/mta/project_helios/install/yolov8_msgs/share/yolov8_msgs/package.dsv
[1.017s] -- Installing: /home/mta/project_helios/install/yolov8_msgs/share/ament_index/resource_index/packages/yolov8_msgs
[1.017s] -- Installing: /home/mta/project_helios/install/yolov8_msgs/share/yolov8_msgs/cmake/export_yolov8_msgs__rosidl_generator_cExport.cmake
[1.017s] -- Installing: /home/mta/project_helios/install/yolov8_msgs/share/yolov8_msgs/cmake/export_yolov8_msgs__rosidl_generator_cExport-noconfig.cmake
[1.017s] -- Installing: /home/mta/project_helios/install/yolov8_msgs/share/yolov8_msgs/cmake/export_yolov8_msgs__rosidl_typesupport_fastrtps_cExport.cmake
[1.017s] -- Installing: /home/mta/project_helios/install/yolov8_msgs/share/yolov8_msgs/cmake/export_yolov8_msgs__rosidl_typesupport_fastrtps_cExport-noconfig.cmake
[1.017s] -- Installing: /home/mta/project_helios/install/yolov8_msgs/share/yolov8_msgs/cmake/export_yolov8_msgs__rosidl_generator_cppExport.cmake
[1.017s] -- Installing: /home/mta/project_helios/install/yolov8_msgs/share/yolov8_msgs/cmake/export_yolov8_msgs__rosidl_typesupport_fastrtps_cppExport.cmake
[1.017s] -- Installing: /home/mta/project_helios/install/yolov8_msgs/share/yolov8_msgs/cmake/export_yolov8_msgs__rosidl_typesupport_fastrtps_cppExport-noconfig.cmake
[1.017s] -- Installing: /home/mta/project_helios/install/yolov8_msgs/share/yolov8_msgs/cmake/yolov8_msgs__rosidl_typesupport_introspection_cExport.cmake
[1.018s] -- Installing: /home/mta/project_helios/install/yolov8_msgs/share/yolov8_msgs/cmake/yolov8_msgs__rosidl_typesupport_introspection_cExport-noconfig.cmake
[1.018s] -- Installing: /home/mta/project_helios/install/yolov8_msgs/share/yolov8_msgs/cmake/yolov8_msgs__rosidl_typesupport_cExport.cmake
[1.018s] -- Installing: /home/mta/project_helios/install/yolov8_msgs/share/yolov8_msgs/cmake/yolov8_msgs__rosidl_typesupport_cExport-noconfig.cmake
[1.018s] -- Installing: /home/mta/project_helios/install/yolov8_msgs/share/yolov8_msgs/cmake/yolov8_msgs__rosidl_typesupport_introspection_cppExport.cmake
[1.018s] -- Installing: /home/mta/project_helios/install/yolov8_msgs/share/yolov8_msgs/cmake/yolov8_msgs__rosidl_typesupport_introspection_cppExport-noconfig.cmake
[1.018s] -- Installing: /home/mta/project_helios/install/yolov8_msgs/share/yolov8_msgs/cmake/yolov8_msgs__rosidl_typesupport_cppExport.cmake
[1.018s] -- Installing: /home/mta/project_helios/install/yolov8_msgs/share/yolov8_msgs/cmake/yolov8_msgs__rosidl_typesupport_cppExport-noconfig.cmake
[1.018s] -- Installing: /home/mta/project_helios/install/yolov8_msgs/share/yolov8_msgs/cmake/export_yolov8_msgs__rosidl_generator_pyExport.cmake
[1.018s] -- Installing: /home/mta/project_helios/install/yolov8_msgs/share/yolov8_msgs/cmake/export_yolov8_msgs__rosidl_generator_pyExport-noconfig.cmake
[1.018s] -- Installing: /home/mta/project_helios/install/yolov8_msgs/share/yolov8_msgs/cmake/rosidl_cmake-extras.cmake
[1.018s] -- Installing: /home/mta/project_helios/install/yolov8_msgs/share/yolov8_msgs/cmake/ament_cmake_export_dependencies-extras.cmake
[1.018s] -- Installing: /home/mta/project_helios/install/yolov8_msgs/share/yolov8_msgs/cmake/ament_cmake_export_include_directories-extras.cmake
[1.019s] -- Installing: /home/mta/project_helios/install/yolov8_msgs/share/yolov8_msgs/cmake/ament_cmake_export_libraries-extras.cmake
[1.019s] -- Installing: /home/mta/project_helios/install/yolov8_msgs/share/yolov8_msgs/cmake/ament_cmake_export_targets-extras.cmake
[1.019s] -- Installing: /home/mta/project_helios/install/yolov8_msgs/share/yolov8_msgs/cmake/rosidl_cmake_export_typesupport_targets-extras.cmake
[1.019s] -- Installing: /home/mta/project_helios/install/yolov8_msgs/share/yolov8_msgs/cmake/rosidl_cmake_export_typesupport_libraries-extras.cmake
[1.019s] -- Installing: /home/mta/project_helios/install/yolov8_msgs/share/yolov8_msgs/cmake/yolov8_msgsConfig.cmake
[1.019s] -- Installing: /home/mta/project_helios/install/yolov8_msgs/share/yolov8_msgs/cmake/yolov8_msgsConfig-version.cmake
[1.019s] -- Installing: /home/mta/project_helios/install/yolov8_msgs/share/yolov8_msgs/package.xml
[1.021s] Invoked command in '/home/mta/project_helios/build/yolov8_msgs' returned '0': CMAKE_PREFIX_PATH=/opt/ros/humble /usr/bin/cmake --install /home/mta/project_helios/build/yolov8_msgs
