[0.006s] Invoking command in '/home/mta/project_helios/build/yolov8_msgs': CMAKE_PREFIX_PATH=/opt/ros/humble /usr/bin/cmake --build /home/mta/project_helios/build/yolov8_msgs -- -j20 -l20
[0.041s] [  2%] Built target yolov8_msgs__cpp
[0.042s] [ 12%] Built target yolov8_msgs__rosidl_generator_c
[0.048s] [ 12%] Built target ament_cmake_python_copy_yolov8_msgs
[0.072s] [ 23%] Built target yolov8_msgs__rosidl_typesupport_c
[0.075s] [ 33%] Built target yolov8_msgs__rosidl_typesupport_fastrtps_cpp
[0.076s] [ 43%] Built target yolov8_msgs__rosidl_typesupport_introspection_c
[0.077s] [ 53%] Built target yolov8_msgs__rosidl_typesupport_introspection_cpp
[0.077s] [ 64%] Built target yolov8_msgs__rosidl_typesupport_cpp
[0.078s] [ 74%] Built target yolov8_msgs__rosidl_typesupport_fastrtps_c
[0.091s] [ 74%] Built target yolov8_msgs
[0.104s] [ 76%] Built target yolov8_msgs__py
[0.110s] [35m[1mConsolidate compiler generated dependencies of target yolov8_msgs__rosidl_generator_py[0m
[0.120s] [ 84%] Built target yolov8_msgs__rosidl_generator_py
[0.132s] [ 89%] [32mBuilding C object CMakeFiles/yolov8_msgs__rosidl_typesupport_c__pyext.dir/rosidl_generator_py/yolov8_msgs/_yolov8_msgs_s.ep.rosidl_typesupport_c.c.o[0m
[0.132s] [ 89%] [32mBuilding C object CMakeFiles/yolov8_msgs__rosidl_typesupport_introspection_c__pyext.dir/rosidl_generator_py/yolov8_msgs/_yolov8_msgs_s.ep.rosidl_typesupport_introspection_c.c.o[0m
[0.134s] [ 92%] [32mBuilding C object CMakeFiles/yolov8_msgs__rosidl_typesupport_fastrtps_c__pyext.dir/rosidl_generator_py/yolov8_msgs/_yolov8_msgs_s.ep.rosidl_typesupport_fastrtps_c.c.o[0m
[0.183s] running egg_info
[0.186s] [ 94%] [32m[1mLinking C shared library rosidl_generator_py/yolov8_msgs/yolov8_msgs_s__rosidl_typesupport_fastrtps_c.cpython-310-x86_64-linux-gnu.so[0m
[0.187s] [ 97%] [32m[1mLinking C shared library rosidl_generator_py/yolov8_msgs/yolov8_msgs_s__rosidl_typesupport_c.cpython-310-x86_64-linux-gnu.so[0m
[0.188s] [100%] [32m[1mLinking C shared library rosidl_generator_py/yolov8_msgs/yolov8_msgs_s__rosidl_typesupport_introspection_c.cpython-310-x86_64-linux-gnu.so[0m
[0.190s] writing yolov8_msgs.egg-info/PKG-INFO
[0.190s] writing dependency_links to yolov8_msgs.egg-info/dependency_links.txt
[0.191s] writing top-level names to yolov8_msgs.egg-info/top_level.txt
[0.209s] [100%] Built target yolov8_msgs__rosidl_typesupport_c__pyext
[0.212s] reading manifest file 'yolov8_msgs.egg-info/SOURCES.txt'
[0.213s] [100%] Built target yolov8_msgs__rosidl_typesupport_fastrtps_c__pyext
[0.213s] [100%] Built target yolov8_msgs__rosidl_typesupport_introspection_c__pyext
[0.221s] Traceback (most recent call last):
[0.221s]   File "/home/mta/project_helios/build/yolov8_msgs/ament_cmake_python/yolov8_msgs/setup.py", line 4, in <module>
[0.221s]     setup(
[0.221s]   File "/home/mta/.local/lib/python3.10/site-packages/setuptools/__init__.py", line 117, in setup
[0.221s]     return distutils.core.setup(**attrs)
[0.221s]   File "/home/mta/.local/lib/python3.10/site-packages/setuptools/_distutils/core.py", line 184, in setup
[0.221s]     return run_commands(dist)
[0.221s]   File "/home/mta/.local/lib/python3.10/site-packages/setuptools/_distutils/core.py", line 200, in run_commands
[0.221s]     dist.run_commands()
[0.221s]   File "/home/mta/.local/lib/python3.10/site-packages/setuptools/_distutils/dist.py", line 954, in run_commands
[0.221s]     self.run_command(cmd)
[0.221s]   File "/home/mta/.local/lib/python3.10/site-packages/setuptools/dist.py", line 950, in run_command
[0.221s]     super().run_command(command)
[0.222s]   File "/home/mta/.local/lib/python3.10/site-packages/setuptools/_distutils/dist.py", line 973, in run_command
[0.222s]     cmd_obj.run()
[0.222s]   File "/home/mta/.local/lib/python3.10/site-packages/setuptools/command/egg_info.py", line 311, in run
[0.222s]     self.find_sources()
[0.222s]   File "/home/mta/.local/lib/python3.10/site-packages/setuptools/command/egg_info.py", line 319, in find_sources
[0.222s]     mm.run()
[0.222s]   File "/home/mta/.local/lib/python3.10/site-packages/setuptools/command/egg_info.py", line 545, in run
[0.222s]     self.prune_file_list()
[0.222s]   File "/home/mta/.local/lib/python3.10/site-packages/setuptools/command/sdist.py", line 161, in prune_file_list
[0.222s]     super().prune_file_list()
[0.222s]   File "/home/mta/.local/lib/python3.10/site-packages/setuptools/_distutils/command/sdist.py", line 392, in prune_file_list
[0.222s]     base_dir = self.distribution.get_fullname()
[0.222s]   File "/home/mta/.local/lib/python3.10/site-packages/setuptools/_core_metadata.py", line 267, in get_fullname
[0.222s]     return _distribution_fullname(self.get_name(), self.get_version())
[0.222s]   File "/home/mta/.local/lib/python3.10/site-packages/setuptools/_core_metadata.py", line 285, in _distribution_fullname
[0.222s]     canonicalize_version(version, strip_trailing_zero=False),
[0.222s] TypeError: canonicalize_version() got an unexpected keyword argument 'strip_trailing_zero'
[0.237s] gmake[2]: *** [CMakeFiles/ament_cmake_python_build_yolov8_msgs_egg.dir/build.make:70: CMakeFiles/ament_cmake_python_build_yolov8_msgs_egg] Error 1
[0.237s] gmake[1]: *** [CMakeFiles/Makefile2:447: CMakeFiles/ament_cmake_python_build_yolov8_msgs_egg.dir/all] Error 2
[0.237s] gmake: *** [Makefile:146: all] Error 2
[0.238s] Invoked command in '/home/mta/project_helios/build/yolov8_msgs' returned '2': CMAKE_PREFIX_PATH=/opt/ros/humble /usr/bin/cmake --build /home/mta/project_helios/build/yolov8_msgs -- -j20 -l20
