[0.010s] Invoking command in '/home/mta/project_helios/build/helios_description': CMAKE_PREFIX_PATH=/opt/ros/humble /usr/bin/cmake /home/mta/project_helios/src/helios_description -DCMAKE_INSTALL_PREFIX=/home/mta/project_helios/install/helios_description
[1.179s] -- The C compiler identification is GNU 11.4.0
[1.960s] -- The CXX compiler identification is GNU 11.4.0
[1.973s] -- Detecting C compiler ABI info
[2.021s] -- Detecting C compiler ABI info - done
[2.025s] -- Check for working C compiler: /usr/bin/cc - skipped
[2.026s] -- Detecting C compile features
[2.027s] -- Detecting C compile features - done
[2.030s] -- Detecting CXX compiler ABI info
[2.081s] -- Detecting CXX compiler ABI info - done
[2.085s] -- Check for working CXX compiler: /usr/bin/c++ - skipped
[2.085s] -- Detecting CXX compile features
[2.085s] -- Detecting CXX compile features - done
[2.088s] -- Found ament_cmake: 1.3.10 (/opt/ros/humble/share/ament_cmake/cmake)
[2.339s] -- Found Python3: /usr/bin/python3 (found version "3.10.12") found components: Interpreter 
[2.460s] -- Found urdf: 2.6.0 (/opt/ros/humble/share/urdf/cmake)
[2.529s] -- Found ament_lint_auto: 0.12.11 (/opt/ros/humble/share/ament_lint_auto/cmake)
[2.572s] -- Added test 'copyright' to check source files copyright and LICENSE
[2.572s] -- Added test 'flake8' to check Python code syntax and style conventions
[2.573s] -- Added test 'lint_cmake' to check CMake code style
[2.573s] -- Added test 'pep257' to check Python code against some of the docstring style conventions in PEP 257
[2.573s] -- Added test 'xmllint' to check XML markup files
[2.574s] -- Configuring done
[2.575s] -- Generating done
[2.576s] -- Build files have been written to: /home/mta/project_helios/build/helios_description
