-- Install configuration: ""
-- Up-to-date: /home/mta/project_helios/install/helios_control/share/helios_control//scripts
-- Installing: /home/mta/project_helios/install/helios_control/share/helios_control//scripts/robot_control.py
-- Up-to-date: /home/mta/project_helios/install/helios_control/share/helios_control//launch
-- Up-to-date: /home/mta/project_helios/install/helios_control/share/helios_control//launch/helios_control.launch.py
-- Installing: /home/mta/project_helios/install/helios_control/lib/helios_control/robot_control.py
-- Up-to-date: /home/mta/project_helios/install/helios_control/lib/helios_control/helios_control.launch.py
-- Up-to-date: /home/mta/project_helios/install/helios_control/share/ament_index/resource_index/package_run_dependencies/helios_control
-- Up-to-date: /home/mta/project_helios/install/helios_control/share/ament_index/resource_index/parent_prefix_path/helios_control
-- Up-to-date: /home/mta/project_helios/install/helios_control/share/helios_control/environment/ament_prefix_path.sh
-- Up-to-date: /home/mta/project_helios/install/helios_control/share/helios_control/environment/ament_prefix_path.dsv
-- Up-to-date: /home/mta/project_helios/install/helios_control/share/helios_control/environment/path.sh
-- Up-to-date: /home/mta/project_helios/install/helios_control/share/helios_control/environment/path.dsv
-- Up-to-date: /home/mta/project_helios/install/helios_control/share/helios_control/local_setup.bash
-- Up-to-date: /home/mta/project_helios/install/helios_control/share/helios_control/local_setup.sh
-- Up-to-date: /home/mta/project_helios/install/helios_control/share/helios_control/local_setup.zsh
-- Up-to-date: /home/mta/project_helios/install/helios_control/share/helios_control/local_setup.dsv
-- Installing: /home/mta/project_helios/install/helios_control/share/helios_control/package.dsv
-- Up-to-date: /home/mta/project_helios/install/helios_control/share/ament_index/resource_index/packages/helios_control
-- Up-to-date: /home/mta/project_helios/install/helios_control/share/helios_control/cmake/helios_controlConfig.cmake
-- Up-to-date: /home/mta/project_helios/install/helios_control/share/helios_control/cmake/helios_controlConfig-version.cmake
-- Up-to-date: /home/mta/project_helios/install/helios_control/share/helios_control/package.xml
