[0.009s] Invoking command in '/home/mta/project_helios/build/helios_recognition': CMAKE_PREFIX_PATH=/opt/ros/humble /usr/bin/cmake /home/mta/project_helios/src/helios_recognition -DCMAKE_INSTALL_PREFIX=/home/mta/project_helios/install/helios_recognition
[0.038s] -- The C compiler identification is GNU 11.4.0
[0.073s] -- The CXX compiler identification is GNU 11.4.0
[0.077s] -- Detecting C compiler ABI info
[0.120s] -- Detecting C compiler ABI info - done
[0.125s] -- Check for working C compiler: /usr/bin/cc - skipped
[0.125s] -- Detecting C compile features
[0.125s] -- Detecting C compile features - done
[0.127s] -- Detecting CXX compiler ABI info
[0.186s] -- Detecting CXX compiler ABI info - done
[0.190s] -- Check for working CXX compiler: /usr/bin/c++ - skipped
[0.190s] -- Detecting CXX compile features
[0.190s] -- Detecting CXX compile features - done
[0.191s] -- Found ament_cmake: 1.3.10 (/opt/ros/humble/share/ament_cmake/cmake)
[0.418s] -- Found Python3: /usr/bin/python3 (found version "3.10.12") found components: Interpreter 
[0.464s] -- Found ament_lint_auto: 0.12.11 (/opt/ros/humble/share/ament_lint_auto/cmake)
[0.505s] -- Added test 'copyright' to check source files copyright and LICENSE
[0.506s] -- Added test 'flake8' to check Python code syntax and style conventions
[0.506s] -- Added test 'lint_cmake' to check CMake code style
[0.507s] -- Added test 'pep257' to check Python code against some of the docstring style conventions in PEP 257
[0.507s] -- Added test 'xmllint' to check XML markup files
[0.508s] -- Configuring done
[0.509s] -- Generating done
[0.509s] -- Build files have been written to: /home/mta/project_helios/build/helios_recognition
[0.512s] Invoked command in '/home/mta/project_helios/build/helios_recognition' returned '0': CMAKE_PREFIX_PATH=/opt/ros/humble /usr/bin/cmake /home/mta/project_helios/src/helios_recognition -DCMAKE_INSTALL_PREFIX=/home/mta/project_helios/install/helios_recognition
[0.513s] Invoking command in '/home/mta/project_helios/build/helios_recognition': CMAKE_PREFIX_PATH=/opt/ros/humble /usr/bin/cmake --build /home/mta/project_helios/build/helios_recognition -- -j20 -l20
[0.538s] Invoked command in '/home/mta/project_helios/build/helios_recognition' returned '0': CMAKE_PREFIX_PATH=/opt/ros/humble /usr/bin/cmake --build /home/mta/project_helios/build/helios_recognition -- -j20 -l20
[0.553s] Invoking command in '/home/mta/project_helios/build/helios_recognition': CMAKE_PREFIX_PATH=/opt/ros/humble /usr/bin/cmake --install /home/mta/project_helios/build/helios_recognition
[0.557s] -- Install configuration: ""
[0.557s] -- Installing: /home/mta/project_helios/install/helios_recognition/share/helios_recognition//scripts
[0.557s] -- Installing: /home/mta/project_helios/install/helios_recognition/share/helios_recognition//scripts/.dockerignore
[0.557s] -- Installing: /home/mta/project_helios/install/helios_recognition/share/helios_recognition//scripts/yolov8_ros2_pt.py
[0.557s] -- Installing: /home/mta/project_helios/install/helios_recognition/share/helios_recognition//scripts/yolov8_ros2_subscriber.py
[0.557s] -- Installing: /home/mta/project_helios/install/helios_recognition/share/helios_recognition//scripts/yolov8n.pt
[0.560s] -- Installing: /home/mta/project_helios/install/helios_recognition/share/helios_recognition//scripts/.gitattributes
[0.560s] -- Installing: /home/mta/project_helios/install/helios_recognition/share/helios_recognition//scripts/.gitignore
[0.560s] -- Installing: /home/mta/project_helios/install/helios_recognition/share/helios_recognition//launch
[0.560s] -- Installing: /home/mta/project_helios/install/helios_recognition/share/helios_recognition//launch/launch_yolov8.launch.py
[0.560s] -- Installing: /home/mta/project_helios/install/helios_recognition/lib/helios_recognition/yolov8_ros2_pt.py
[0.560s] -- Installing: /home/mta/project_helios/install/helios_recognition/lib/helios_recognition/yolov8_ros2_subscriber.py
[0.560s] -- Installing: /home/mta/project_helios/install/helios_recognition/lib/helios_recognition/launch_yolov8.launch.py
[0.560s] -- Installing: /home/mta/project_helios/install/helios_recognition/share/ament_index/resource_index/package_run_dependencies/helios_recognition
[0.560s] -- Installing: /home/mta/project_helios/install/helios_recognition/share/ament_index/resource_index/parent_prefix_path/helios_recognition
[0.560s] -- Installing: /home/mta/project_helios/install/helios_recognition/share/helios_recognition/environment/ament_prefix_path.sh
[0.560s] -- Installing: /home/mta/project_helios/install/helios_recognition/share/helios_recognition/environment/ament_prefix_path.dsv
[0.560s] -- Installing: /home/mta/project_helios/install/helios_recognition/share/helios_recognition/environment/path.sh
[0.560s] -- Installing: /home/mta/project_helios/install/helios_recognition/share/helios_recognition/environment/path.dsv
[0.560s] -- Installing: /home/mta/project_helios/install/helios_recognition/share/helios_recognition/local_setup.bash
[0.560s] -- Installing: /home/mta/project_helios/install/helios_recognition/share/helios_recognition/local_setup.sh
[0.560s] -- Installing: /home/mta/project_helios/install/helios_recognition/share/helios_recognition/local_setup.zsh
[0.560s] -- Installing: /home/mta/project_helios/install/helios_recognition/share/helios_recognition/local_setup.dsv
[0.560s] -- Installing: /home/mta/project_helios/install/helios_recognition/share/helios_recognition/package.dsv
[0.560s] -- Installing: /home/mta/project_helios/install/helios_recognition/share/ament_index/resource_index/packages/helios_recognition
[0.560s] -- Installing: /home/mta/project_helios/install/helios_recognition/share/helios_recognition/cmake/helios_recognitionConfig.cmake
[0.561s] -- Installing: /home/mta/project_helios/install/helios_recognition/share/helios_recognition/cmake/helios_recognitionConfig-version.cmake
[0.561s] -- Installing: /home/mta/project_helios/install/helios_recognition/share/helios_recognition/package.xml
[0.562s] Invoked command in '/home/mta/project_helios/build/helios_recognition' returned '0': CMAKE_PREFIX_PATH=/opt/ros/humble /usr/bin/cmake --install /home/mta/project_helios/build/helios_recognition
