[ 12%] Built target yolov8_msgs__rosidl_generator_c
[ 12%] Built target yolov8_msgs__cpp
[ 12%] Built target ament_cmake_python_copy_yolov8_msgs
[ 23%] Built target yolov8_msgs__rosidl_typesupport_fastrtps_cpp
[ 33%] Built target yolov8_msgs__rosidl_typesupport_cpp
[ 43%] Built target yolov8_msgs__rosidl_typesupport_introspection_cpp
[ 53%] Built target yolov8_msgs__rosidl_typesupport_fastrtps_c
[ 64%] Built target yolov8_msgs__rosidl_typesupport_introspection_c
[ 74%] Built target yolov8_msgs__rosidl_typesupport_c
[ 74%] Built target yolov8_msgs
[ 76%] Built target yolov8_msgs__py
[ 79%] [32mBuilding C object CMakeFiles/yolov8_msgs__rosidl_generator_py.dir/rosidl_generator_py/yolov8_msgs/msg/_yolov8_inference_s.c.o[0m
[ 82%] [32mBuilding C object CMakeFiles/yolov8_msgs__rosidl_generator_py.dir/rosidl_generator_py/yolov8_msgs/msg/_inference_result_s.c.o[0m
running egg_info
writing yolov8_msgs.egg-info/PKG-INFO
writing dependency_links to yolov8_msgs.egg-info/dependency_links.txt
writing top-level names to yolov8_msgs.egg-info/top_level.txt
reading manifest file 'yolov8_msgs.egg-info/SOURCES.txt'
[ 84%] [32m[1mLinking C shared library rosidl_generator_py/yolov8_msgs/libyolov8_msgs__rosidl_generator_py.so[0m
[ 84%] Built target yolov8_msgs__rosidl_generator_py
