[0.028s] Invoking command in '/home/mta/yolobot/build/yolobot_recognition': CMAKE_PREFIX_PATH=${CMAKE_PREFIX_PATH}:/opt/ros/humble /usr/bin/cmake --build /home/mta/yolobot/build/yolobot_recognition -- -j20 -l20
[0.069s] -- Found ament_cmake: 1.3.10 (/opt/ros/humble/share/ament_cmake/cmake)
[0.187s] -- Found ament_lint_auto: 0.12.11 (/opt/ros/humble/share/ament_lint_auto/cmake)
[0.238s] -- Added test 'copyright' to check source files copyright and LICENSE
[0.239s] -- Added test 'flake8' to check Python code syntax and style conventions
[0.240s] -- Added test 'lint_cmake' to check CMake code style
[0.240s] -- Added test 'pep257' to check Python code against some of the docstring style conventions in PEP 257
[0.241s] -- Added test 'xmllint' to check XML markup files
[0.242s] -- Configuring done
[0.245s] -- Generating done
[0.246s] -- Build files have been written to: /home/mta/yolobot/build/yolobot_recognition
[0.258s] Invoked command in '/home/mta/yolobot/build/yolobot_recognition' returned '0': CMAKE_PREFIX_PATH=${CMAKE_PREFIX_PATH}:/opt/ros/humble /usr/bin/cmake --build /home/mta/yolobot/build/yolobot_recognition -- -j20 -l20
[0.270s] Invoking command in '/home/mta/yolobot/build/yolobot_recognition': CMAKE_PREFIX_PATH=${CMAKE_PREFIX_PATH}:/opt/ros/humble /usr/bin/cmake --install /home/mta/yolobot/build/yolobot_recognition
[0.274s] -- Install configuration: ""
[0.275s] -- Up-to-date: /home/mta/yolobot/install/yolobot_recognition/share/yolobot_recognition//scripts
[0.275s] -- Up-to-date: /home/mta/yolobot/install/yolobot_recognition/share/yolobot_recognition//scripts/.dockerignore
[0.275s] -- Up-to-date: /home/mta/yolobot/install/yolobot_recognition/share/yolobot_recognition//scripts/yolov8_ros2_pt.py
[0.275s] -- Up-to-date: /home/mta/yolobot/install/yolobot_recognition/share/yolobot_recognition//scripts/yolov8_ros2_subscriber.py
[0.275s] -- Installing: /home/mta/yolobot/install/yolobot_recognition/share/yolobot_recognition//scripts/yolov8n.pt
[0.279s] -- Up-to-date: /home/mta/yolobot/install/yolobot_recognition/share/yolobot_recognition//scripts/.gitattributes
[0.279s] -- Up-to-date: /home/mta/yolobot/install/yolobot_recognition/share/yolobot_recognition//scripts/.gitignore
[0.279s] -- Up-to-date: /home/mta/yolobot/install/yolobot_recognition/share/yolobot_recognition//launch
[0.279s] -- Up-to-date: /home/mta/yolobot/install/yolobot_recognition/share/yolobot_recognition//launch/launch_yolov8.launch.py
[0.279s] -- Up-to-date: /home/mta/yolobot/install/yolobot_recognition/lib/yolobot_recognition/yolov8_ros2_pt.py
[0.279s] -- Up-to-date: /home/mta/yolobot/install/yolobot_recognition/lib/yolobot_recognition/yolov8_ros2_subscriber.py
[0.279s] -- Up-to-date: /home/mta/yolobot/install/yolobot_recognition/lib/yolobot_recognition/launch_yolov8.launch.py
[0.279s] -- Installing: /home/mta/yolobot/install/yolobot_recognition/share/ament_index/resource_index/package_run_dependencies/yolobot_recognition
[0.279s] -- Installing: /home/mta/yolobot/install/yolobot_recognition/share/ament_index/resource_index/parent_prefix_path/yolobot_recognition
[0.279s] -- Up-to-date: /home/mta/yolobot/install/yolobot_recognition/share/yolobot_recognition/environment/ament_prefix_path.sh
[0.280s] -- Installing: /home/mta/yolobot/install/yolobot_recognition/share/yolobot_recognition/environment/ament_prefix_path.dsv
[0.280s] -- Up-to-date: /home/mta/yolobot/install/yolobot_recognition/share/yolobot_recognition/environment/path.sh
[0.280s] -- Installing: /home/mta/yolobot/install/yolobot_recognition/share/yolobot_recognition/environment/path.dsv
[0.280s] -- Up-to-date: /home/mta/yolobot/install/yolobot_recognition/share/yolobot_recognition/local_setup.bash
[0.280s] -- Up-to-date: /home/mta/yolobot/install/yolobot_recognition/share/yolobot_recognition/local_setup.sh
[0.280s] -- Up-to-date: /home/mta/yolobot/install/yolobot_recognition/share/yolobot_recognition/local_setup.zsh
[0.280s] -- Installing: /home/mta/yolobot/install/yolobot_recognition/share/yolobot_recognition/local_setup.dsv
[0.280s] -- Installing: /home/mta/yolobot/install/yolobot_recognition/share/yolobot_recognition/package.dsv
[0.280s] -- Up-to-date: /home/mta/yolobot/install/yolobot_recognition/share/ament_index/resource_index/packages/yolobot_recognition
[0.280s] -- Up-to-date: /home/mta/yolobot/install/yolobot_recognition/share/yolobot_recognition/cmake/yolobot_recognitionConfig.cmake
[0.280s] -- Up-to-date: /home/mta/yolobot/install/yolobot_recognition/share/yolobot_recognition/cmake/yolobot_recognitionConfig-version.cmake
[0.280s] -- Installing: /home/mta/yolobot/install/yolobot_recognition/share/yolobot_recognition/package.xml
[0.280s] Invoked command in '/home/mta/yolobot/build/yolobot_recognition' returned '0': CMAKE_PREFIX_PATH=${CMAKE_PREFIX_PATH}:/opt/ros/humble /usr/bin/cmake --install /home/mta/yolobot/build/yolobot_recognition
