[0.011s] Invoking command in '/home/mta/yolobot/build/yolobot_gazebo': CMAKE_PREFIX_PATH=${CMAKE_PREFIX_PATH}:/opt/ros/humble /usr/bin/cmake --build /home/mta/yolobot/build/yolobot_gazebo -- -j20 -l20
[0.031s] Invoked command in '/home/mta/yolobot/build/yolobot_gazebo' returned '0': CMAKE_PREFIX_PATH=${CMAKE_PREFIX_PATH}:/opt/ros/humble /usr/bin/cmake --build /home/mta/yolobot/build/yolobot_gazebo -- -j20 -l20
[0.065s] Invoking command in '/home/mta/yolobot/build/yolobot_gazebo': CMAKE_PREFIX_PATH=${CMAKE_PREFIX_PATH}:/opt/ros/humble /usr/bin/cmake --install /home/mta/yolobot/build/yolobot_gazebo
[0.076s] -- Install configuration: ""
[0.076s] -- Up-to-date: /home/mta/yolobot/install/yolobot_gazebo/share/yolobot_gazebo//launch
[0.076s] -- Up-to-date: /home/mta/yolobot/install/yolobot_gazebo/share/yolobot_gazebo//launch/yolobot_launch.py
[0.076s] -- Up-to-date: /home/mta/yolobot/install/yolobot_gazebo/share/yolobot_gazebo//launch/start_world_launch.py
[0.076s] -- Up-to-date: /home/mta/yolobot/install/yolobot_gazebo/share/yolobot_gazebo//worlds
[0.077s] -- Up-to-date: /home/mta/yolobot/install/yolobot_gazebo/share/yolobot_gazebo//worlds/yolo_test.world
[0.078s] -- Up-to-date: /home/mta/yolobot/install/yolobot_gazebo/share/ament_index/resource_index/package_run_dependencies/yolobot_gazebo
[0.078s] -- Up-to-date: /home/mta/yolobot/install/yolobot_gazebo/share/ament_index/resource_index/parent_prefix_path/yolobot_gazebo
[0.079s] -- Up-to-date: /home/mta/yolobot/install/yolobot_gazebo/share/yolobot_gazebo/environment/ament_prefix_path.sh
[0.079s] -- Up-to-date: /home/mta/yolobot/install/yolobot_gazebo/share/yolobot_gazebo/environment/ament_prefix_path.dsv
[0.079s] -- Up-to-date: /home/mta/yolobot/install/yolobot_gazebo/share/yolobot_gazebo/environment/path.sh
[0.079s] -- Up-to-date: /home/mta/yolobot/install/yolobot_gazebo/share/yolobot_gazebo/environment/path.dsv
[0.079s] -- Up-to-date: /home/mta/yolobot/install/yolobot_gazebo/share/yolobot_gazebo/local_setup.bash
[0.079s] -- Up-to-date: /home/mta/yolobot/install/yolobot_gazebo/share/yolobot_gazebo/local_setup.sh
[0.079s] -- Up-to-date: /home/mta/yolobot/install/yolobot_gazebo/share/yolobot_gazebo/local_setup.zsh
[0.079s] -- Up-to-date: /home/mta/yolobot/install/yolobot_gazebo/share/yolobot_gazebo/local_setup.dsv
[0.079s] -- Up-to-date: /home/mta/yolobot/install/yolobot_gazebo/share/yolobot_gazebo/package.dsv
[0.079s] -- Up-to-date: /home/mta/yolobot/install/yolobot_gazebo/share/ament_index/resource_index/packages/yolobot_gazebo
[0.079s] -- Up-to-date: /home/mta/yolobot/install/yolobot_gazebo/share/yolobot_gazebo/cmake/yolobot_gazeboConfig.cmake
[0.079s] -- Up-to-date: /home/mta/yolobot/install/yolobot_gazebo/share/yolobot_gazebo/cmake/yolobot_gazeboConfig-version.cmake
[0.079s] -- Up-to-date: /home/mta/yolobot/install/yolobot_gazebo/share/yolobot_gazebo/package.xml
[0.088s] Invoked command in '/home/mta/yolobot/build/yolobot_gazebo' returned '0': CMAKE_PREFIX_PATH=${CMAKE_PREFIX_PATH}:/opt/ros/humble /usr/bin/cmake --install /home/mta/yolobot/build/yolobot_gazebo
